<serverConfiguration version="4.4.0">
  <date>2023-09-28 21:33:26</date>
  <channelGroups/>
  <channels>
    <channel version="4.4.0">
      <id>ef7bb8c3-af5f-4a9c-bccc-5a94c1aaaa9a</id>
      <nextMetaDataId>12</nextMetaDataId>
      <name>Multi Destinations Channel</name>
      <description></description>
      <revision>1</revision>
      <sourceConnector version="4.4.0">
        <metaDataId>0</metaDataId>
        <name>sourceConnector</name>
        <properties class="com.mirth.connect.connectors.http.HttpReceiverProperties" version="4.4.0">
          <pluginProperties>
            <com.mirth.connect.plugins.httpauth.NoneHttpAuthProperties version="4.4.0">
  <authType>NONE</authType>
            </com.mirth.connect.plugins.httpauth.NoneHttpAuthProperties>
          </pluginProperties>
          <listenerConnectorProperties version="4.4.0">
            <host>0.0.0.0</host>
            <port>80</port>
          </listenerConnectorProperties>
          <sourceConnectorProperties version="4.4.0">
            <responseVariable>None</responseVariable>
            <respondAfterProcessing>true</respondAfterProcessing>
            <processBatch>false</processBatch>
            <firstResponse>false</firstResponse>
            <processingThreads>1</processingThreads>
            <resourceIds class="linked-hash-map">
              <entry>
                <string>Default Resource</string>
                <string>[Default Resource]</string>
              </entry>
            </resourceIds>
            <queueBufferSize>1000</queueBufferSize>
          </sourceConnectorProperties>
          <xmlBody>false</xmlBody>
          <parseMultipart>true</parseMultipart>
          <includeMetadata>false</includeMetadata>
          <binaryMimeTypes>application/.*(?&lt;!json|xml)$|image/.*|video/.*|audio/.*</binaryMimeTypes>
          <binaryMimeTypesRegex>true</binaryMimeTypesRegex>
          <responseContentType>text/plain</responseContentType>
          <responseDataTypeBinary>false</responseDataTypeBinary>
          <responseStatusCode></responseStatusCode>
          <responseHeaders class="linked-hash-map"/>
          <responseHeadersVariable></responseHeadersVariable>
          <useResponseHeadersVariable>false</useResponseHeadersVariable>
          <charset>UTF-8</charset>
          <contextPath></contextPath>
          <timeout>30000</timeout>
          <staticResources/>
        </properties>
        <transformer version="4.4.0">
          <elements/>
          <inboundTemplate encoding="base64"></inboundTemplate>
          <inboundDataType>XML</inboundDataType>
          <outboundDataType>HL7V2</outboundDataType>
          <inboundProperties class="com.mirth.connect.plugins.datatypes.xml.XMLDataTypeProperties" version="4.4.0">
            <serializationProperties class="com.mirth.connect.plugins.datatypes.xml.XMLSerializationProperties" version="4.4.0">
              <stripNamespaces>false</stripNamespaces>
            </serializationProperties>
            <batchProperties class="com.mirth.connect.plugins.datatypes.xml.XMLBatchProperties" version="4.4.0">
              <splitType>Element_Name</splitType>
              <elementName></elementName>
              <level>1</level>
              <query></query>
              <batchScript></batchScript>
            </batchProperties>
          </inboundProperties>
          <outboundProperties class="com.mirth.connect.plugins.datatypes.hl7v2.HL7v2DataTypeProperties" version="4.4.0">
            <serializationProperties class="com.mirth.connect.plugins.datatypes.hl7v2.HL7v2SerializationProperties" version="4.4.0">
              <handleRepetitions>true</handleRepetitions>
              <handleSubcomponents>true</handleSubcomponents>
              <useStrictParser>false</useStrictParser>
              <useStrictValidation>false</useStrictValidation>
              <stripNamespaces>false</stripNamespaces>
              <segmentDelimiter>\r</segmentDelimiter>
              <convertLineBreaks>true</convertLineBreaks>
            </serializationProperties>
            <deserializationProperties class="com.mirth.connect.plugins.datatypes.hl7v2.HL7v2DeserializationProperties" version="4.4.0">
              <useStrictParser>false</useStrictParser>
              <useStrictValidation>false</useStrictValidation>
              <segmentDelimiter>\r</segmentDelimiter>
            </deserializationProperties>
            <batchProperties class="com.mirth.connect.plugins.datatypes.hl7v2.HL7v2BatchProperties" version="4.4.0">
              <splitType>MSH_Segment</splitType>
              <batchScript></batchScript>
            </batchProperties>
            <responseGenerationProperties class="com.mirth.connect.plugins.datatypes.hl7v2.HL7v2ResponseGenerationProperties" version="4.4.0">
              <segmentDelimiter>\r</segmentDelimiter>
              <successfulACKCode>AA</successfulACKCode>
              <successfulACKMessage></successfulACKMessage>
              <errorACKCode>AE</errorACKCode>
              <errorACKMessage>An Error Occurred Processing Message.</errorACKMessage>
              <rejectedACKCode>AR</rejectedACKCode>
              <rejectedACKMessage>Message Rejected.</rejectedACKMessage>
              <msh15ACKAccept>false</msh15ACKAccept>
              <dateFormat>yyyyMMddHHmmss.SSS</dateFormat>
            </responseGenerationProperties>
            <responseValidationProperties class="com.mirth.connect.plugins.datatypes.hl7v2.HL7v2ResponseValidationProperties" version="4.4.0">
              <successfulACKCode>AA,CA</successfulACKCode>
              <errorACKCode>AE,CE</errorACKCode>
              <rejectedACKCode>AR,CR</rejectedACKCode>
              <validateMessageControlId>true</validateMessageControlId>
              <originalMessageControlId>Destination_Encoded</originalMessageControlId>
              <originalIdMapVariable></originalIdMapVariable>
            </responseValidationProperties>
          </outboundProperties>
        </transformer>
        <filter version="4.4.0">
          <elements/>
        </filter>
        <transportName>HTTP Listener</transportName>
        <mode>SOURCE</mode>
        <enabled>true</enabled>
        <waitForPrevious>true</waitForPrevious>
      </sourceConnector>
      <destinationConnectors>
        <connector version="4.4.0">
          <metaDataId>1</metaDataId>
          <name>Destination 1</name>
          <properties class="com.mirth.connect.connectors.vm.VmDispatcherProperties" version="4.4.0">
            <pluginProperties/>
            <destinationConnectorProperties version="4.4.0">
              <queueEnabled>false</queueEnabled>
              <sendFirst>false</sendFirst>
              <retryIntervalMillis>10000</retryIntervalMillis>
              <regenerateTemplate>false</regenerateTemplate>
              <retryCount>0</retryCount>
              <rotate>false</rotate>
              <includeFilterTransformer>false</includeFilterTransformer>
              <threadCount>1</threadCount>
              <threadAssignmentVariable></threadAssignmentVariable>
              <validateResponse>false</validateResponse>
              <resourceIds class="linked-hash-map">
                <entry>
                  <string>Default Resource</string>
                  <string>[Default Resource]</string>
                </entry>
              </resourceIds>
              <queueBufferSize>1000</queueBufferSize>
              <reattachAttachments>true</reattachAttachments>
            </destinationConnectorProperties>
            <channelId>none</channelId>
            <channelTemplate>${message.encodedData}</channelTemplate>
            <mapVariables/>
          </properties>
          <transformer version="4.4.0">
            <elements/>
            <inboundDataType>HL7V2</inboundDataType>
            <outboundDataType>HL7V2</outboundDataType>
            <inboundProperties class="com.mirth.connect.plugins.datatypes.hl7v2.HL7v2DataTypeProperties" version="4.4.0">
              <serializationProperties class="com.mirth.connect.plugins.datatypes.hl7v2.HL7v2SerializationProperties" version="4.4.0">
                <handleRepetitions>true</handleRepetitions>
                <handleSubcomponents>true</handleSubcomponents>
                <useStrictParser>false</useStrictParser>
                <useStrictValidation>false</useStrictValidation>
                <stripNamespaces>false</stripNamespaces>
                <segmentDelimiter>\r</segmentDelimiter>
                <convertLineBreaks>true</convertLineBreaks>
              </serializationProperties>
              <deserializationProperties class="com.mirth.connect.plugins.datatypes.hl7v2.HL7v2DeserializationProperties" version="4.4.0">
                <useStrictParser>false</useStrictParser>
                <useStrictValidation>false</useStrictValidation>
                <segmentDelimiter>\r</segmentDelimiter>
              </deserializationProperties>
              <batchProperties class="com.mirth.connect.plugins.datatypes.hl7v2.HL7v2BatchProperties" version="4.4.0">
                <splitType>MSH_Segment</splitType>
                <batchScript></batchScript>
              </batchProperties>
              <responseGenerationProperties class="com.mirth.connect.plugins.datatypes.hl7v2.HL7v2ResponseGenerationProperties" version="4.4.0">
                <segmentDelimiter>\r</segmentDelimiter>
                <successfulACKCode>AA</successfulACKCode>
                <successfulACKMessage></successfulACKMessage>
                <errorACKCode>AE</errorACKCode>
                <errorACKMessage>An Error Occurred Processing Message.</errorACKMessage>
                <rejectedACKCode>AR</rejectedACKCode>
                <rejectedACKMessage>Message Rejected.</rejectedACKMessage>
                <msh15ACKAccept>false</msh15ACKAccept>
                <dateFormat>yyyyMMddHHmmss.SSS</dateFormat>
              </responseGenerationProperties>
              <responseValidationProperties class="com.mirth.connect.plugins.datatypes.hl7v2.HL7v2ResponseValidationProperties" version="4.4.0">
                <successfulACKCode>AA,CA</successfulACKCode>
                <errorACKCode>AE,CE</errorACKCode>
                <rejectedACKCode>AR,CR</rejectedACKCode>
                <validateMessageControlId>true</validateMessageControlId>
                <originalMessageControlId>Destination_Encoded</originalMessageControlId>
                <originalIdMapVariable></originalIdMapVariable>
              </responseValidationProperties>
            </inboundProperties>
            <outboundProperties class="com.mirth.connect.plugins.datatypes.hl7v2.HL7v2DataTypeProperties" version="4.4.0">
              <serializationProperties class="com.mirth.connect.plugins.datatypes.hl7v2.HL7v2SerializationProperties" version="4.4.0">
                <handleRepetitions>true</handleRepetitions>
                <handleSubcomponents>true</handleSubcomponents>
                <useStrictParser>false</useStrictParser>
                <useStrictValidation>false</useStrictValidation>
                <stripNamespaces>false</stripNamespaces>
                <segmentDelimiter>\r</segmentDelimiter>
                <convertLineBreaks>true</convertLineBreaks>
              </serializationProperties>
              <deserializationProperties class="com.mirth.connect.plugins.datatypes.hl7v2.HL7v2DeserializationProperties" version="4.4.0">
                <useStrictParser>false</useStrictParser>
                <useStrictValidation>false</useStrictValidation>
                <segmentDelimiter>\r</segmentDelimiter>
              </deserializationProperties>
              <batchProperties class="com.mirth.connect.plugins.datatypes.hl7v2.HL7v2BatchProperties" version="4.4.0">
                <splitType>MSH_Segment</splitType>
                <batchScript></batchScript>
              </batchProperties>
              <responseGenerationProperties class="com.mirth.connect.plugins.datatypes.hl7v2.HL7v2ResponseGenerationProperties" version="4.4.0">
                <segmentDelimiter>\r</segmentDelimiter>
                <successfulACKCode>AA</successfulACKCode>
                <successfulACKMessage></successfulACKMessage>
                <errorACKCode>AE</errorACKCode>
                <errorACKMessage>An Error Occurred Processing Message.</errorACKMessage>
                <rejectedACKCode>AR</rejectedACKCode>
                <rejectedACKMessage>Message Rejected.</rejectedACKMessage>
                <msh15ACKAccept>false</msh15ACKAccept>
                <dateFormat>yyyyMMddHHmmss.SSS</dateFormat>
              </responseGenerationProperties>
              <responseValidationProperties class="com.mirth.connect.plugins.datatypes.hl7v2.HL7v2ResponseValidationProperties" version="4.4.0">
                <successfulACKCode>AA,CA</successfulACKCode>
                <errorACKCode>AE,CE</errorACKCode>
                <rejectedACKCode>AR,CR</rejectedACKCode>
                <validateMessageControlId>true</validateMessageControlId>
                <originalMessageControlId>Destination_Encoded</originalMessageControlId>
                <originalIdMapVariable></originalIdMapVariable>
              </responseValidationProperties>
            </outboundProperties>
          </transformer>
          <responseTransformer version="4.4.0">
            <elements/>
            <inboundDataType>HL7V2</inboundDataType>
            <outboundDataType>HL7V2</outboundDataType>
            <inboundProperties class="com.mirth.connect.plugins.datatypes.hl7v2.HL7v2DataTypeProperties" version="4.4.0">
              <serializationProperties class="com.mirth.connect.plugins.datatypes.hl7v2.HL7v2SerializationProperties" version="4.4.0">
                <handleRepetitions>true</handleRepetitions>
                <handleSubcomponents>true</handleSubcomponents>
                <useStrictParser>false</useStrictParser>
                <useStrictValidation>false</useStrictValidation>
                <stripNamespaces>false</stripNamespaces>
                <segmentDelimiter>\r</segmentDelimiter>
                <convertLineBreaks>true</convertLineBreaks>
              </serializationProperties>
              <deserializationProperties class="com.mirth.connect.plugins.datatypes.hl7v2.HL7v2DeserializationProperties" version="4.4.0">
                <useStrictParser>false</useStrictParser>
                <useStrictValidation>false</useStrictValidation>
                <segmentDelimiter>\r</segmentDelimiter>
              </deserializationProperties>
              <batchProperties class="com.mirth.connect.plugins.datatypes.hl7v2.HL7v2BatchProperties" version="4.4.0">
                <splitType>MSH_Segment</splitType>
                <batchScript></batchScript>
              </batchProperties>
              <responseGenerationProperties class="com.mirth.connect.plugins.datatypes.hl7v2.HL7v2ResponseGenerationProperties" version="4.4.0">
                <segmentDelimiter>\r</segmentDelimiter>
                <successfulACKCode>AA</successfulACKCode>
                <successfulACKMessage></successfulACKMessage>
                <errorACKCode>AE</errorACKCode>
                <errorACKMessage>An Error Occurred Processing Message.</errorACKMessage>
                <rejectedACKCode>AR</rejectedACKCode>
                <rejectedACKMessage>Message Rejected.</rejectedACKMessage>
                <msh15ACKAccept>false</msh15ACKAccept>
                <dateFormat>yyyyMMddHHmmss.SSS</dateFormat>
              </responseGenerationProperties>
              <responseValidationProperties class="com.mirth.connect.plugins.datatypes.hl7v2.HL7v2ResponseValidationProperties" version="4.4.0">
                <successfulACKCode>AA,CA</successfulACKCode>
                <errorACKCode>AE,CE</errorACKCode>
                <rejectedACKCode>AR,CR</rejectedACKCode>
                <validateMessageControlId>true</validateMessageControlId>
                <originalMessageControlId>Destination_Encoded</originalMessageControlId>
                <originalIdMapVariable></originalIdMapVariable>
              </responseValidationProperties>
            </inboundProperties>
            <outboundProperties class="com.mirth.connect.plugins.datatypes.hl7v2.HL7v2DataTypeProperties" version="4.4.0">
              <serializationProperties class="com.mirth.connect.plugins.datatypes.hl7v2.HL7v2SerializationProperties" version="4.4.0">
                <handleRepetitions>true</handleRepetitions>
                <handleSubcomponents>true</handleSubcomponents>
                <useStrictParser>false</useStrictParser>
                <useStrictValidation>false</useStrictValidation>
                <stripNamespaces>false</stripNamespaces>
                <segmentDelimiter>\r</segmentDelimiter>
                <convertLineBreaks>true</convertLineBreaks>
              </serializationProperties>
              <deserializationProperties class="com.mirth.connect.plugins.datatypes.hl7v2.HL7v2DeserializationProperties" version="4.4.0">
                <useStrictParser>false</useStrictParser>
                <useStrictValidation>false</useStrictValidation>
                <segmentDelimiter>\r</segmentDelimiter>
              </deserializationProperties>
              <batchProperties class="com.mirth.connect.plugins.datatypes.hl7v2.HL7v2BatchProperties" version="4.4.0">
                <splitType>MSH_Segment</splitType>
                <batchScript></batchScript>
              </batchProperties>
              <responseGenerationProperties class="com.mirth.connect.plugins.datatypes.hl7v2.HL7v2ResponseGenerationProperties" version="4.4.0">
                <segmentDelimiter>\r</segmentDelimiter>
                <successfulACKCode>AA</successfulACKCode>
                <successfulACKMessage></successfulACKMessage>
                <errorACKCode>AE</errorACKCode>
                <errorACKMessage>An Error Occurred Processing Message.</errorACKMessage>
                <rejectedACKCode>AR</rejectedACKCode>
                <rejectedACKMessage>Message Rejected.</rejectedACKMessage>
                <msh15ACKAccept>false</msh15ACKAccept>
                <dateFormat>yyyyMMddHHmmss.SSS</dateFormat>
              </responseGenerationProperties>
              <responseValidationProperties class="com.mirth.connect.plugins.datatypes.hl7v2.HL7v2ResponseValidationProperties" version="4.4.0">
                <successfulACKCode>AA,CA</successfulACKCode>
                <errorACKCode>AE,CE</errorACKCode>
                <rejectedACKCode>AR,CR</rejectedACKCode>
                <validateMessageControlId>true</validateMessageControlId>
                <originalMessageControlId>Destination_Encoded</originalMessageControlId>
                <originalIdMapVariable></originalIdMapVariable>
              </responseValidationProperties>
            </outboundProperties>
          </responseTransformer>
          <filter version="4.4.0">
            <elements/>
          </filter>
          <transportName>Channel Writer</transportName>
          <mode>DESTINATION</mode>
          <enabled>true</enabled>
          <waitForPrevious>true</waitForPrevious>
        </connector>
        <connector version="4.4.0">
          <metaDataId>2</metaDataId>
          <name>Destination 2</name>
          <properties class="com.mirth.connect.connectors.dimse.DICOMDispatcherProperties" version="4.4.0">
            <pluginProperties/>
            <destinationConnectorProperties version="4.4.0">
              <queueEnabled>false</queueEnabled>
              <sendFirst>false</sendFirst>
              <retryIntervalMillis>10000</retryIntervalMillis>
              <regenerateTemplate>false</regenerateTemplate>
              <retryCount>0</retryCount>
              <rotate>false</rotate>
              <includeFilterTransformer>false</includeFilterTransformer>
              <threadCount>1</threadCount>
              <threadAssignmentVariable></threadAssignmentVariable>
              <validateResponse>false</validateResponse>
              <resourceIds class="linked-hash-map">
                <entry>
                  <string>Default Resource</string>
                  <string>[Default Resource]</string>
                </entry>
              </resourceIds>
              <queueBufferSize>1000</queueBufferSize>
              <reattachAttachments>true</reattachAttachments>
            </destinationConnectorProperties>
            <host>127.0.0.1</host>
            <port>104</port>
            <applicationEntity></applicationEntity>
            <localHost></localHost>
            <localPort></localPort>
            <localApplicationEntity></localApplicationEntity>
            <template>${DICOMMESSAGE}</template>
            <acceptTo>5000</acceptTo>
            <async>0</async>
            <bufSize>1</bufSize>
            <connectTo>0</connectTo>
            <priority>med</priority>
            <passcode></passcode>
            <pdv1>false</pdv1>
            <rcvpdulen>16</rcvpdulen>
            <reaper>10</reaper>
            <releaseTo>5</releaseTo>
            <rspTo>60</rspTo>
            <shutdownDelay>1000</shutdownDelay>
            <sndpdulen>16</sndpdulen>
            <soCloseDelay>50</soCloseDelay>
            <sorcvbuf>0</sorcvbuf>
            <sosndbuf>0</sosndbuf>
            <stgcmt>false</stgcmt>
            <tcpDelay>true</tcpDelay>
            <ts1>false</ts1>
            <uidnegrsp>false</uidnegrsp>
            <username></username>
            <keyPW></keyPW>
            <keyStore></keyStore>
            <keyStorePW></keyStorePW>
            <noClientAuth>true</noClientAuth>
            <nossl2>true</nossl2>
            <tls>notls</tls>
            <trustStore></trustStore>
            <trustStorePW></trustStorePW>
          </properties>
          <transformer version="4.4.0">
            <elements/>
            <inboundDataType>HL7V2</inboundDataType>
            <outboundDataType>HL7V2</outboundDataType>
            <inboundProperties class="com.mirth.connect.plugins.datatypes.hl7v2.HL7v2DataTypeProperties" version="4.4.0">
              <serializationProperties class="com.mirth.connect.plugins.datatypes.hl7v2.HL7v2SerializationProperties" version="4.4.0">
                <handleRepetitions>true</handleRepetitions>
                <handleSubcomponents>true</handleSubcomponents>
                <useStrictParser>false</useStrictParser>
                <useStrictValidation>false</useStrictValidation>
                <stripNamespaces>false</stripNamespaces>
                <segmentDelimiter>\r</segmentDelimiter>
                <convertLineBreaks>true</convertLineBreaks>
              </serializationProperties>
              <deserializationProperties class="com.mirth.connect.plugins.datatypes.hl7v2.HL7v2DeserializationProperties" version="4.4.0">
                <useStrictParser>false</useStrictParser>
                <useStrictValidation>false</useStrictValidation>
                <segmentDelimiter>\r</segmentDelimiter>
              </deserializationProperties>
              <batchProperties class="com.mirth.connect.plugins.datatypes.hl7v2.HL7v2BatchProperties" version="4.4.0">
                <splitType>MSH_Segment</splitType>
                <batchScript></batchScript>
              </batchProperties>
              <responseGenerationProperties class="com.mirth.connect.plugins.datatypes.hl7v2.HL7v2ResponseGenerationProperties" version="4.4.0">
                <segmentDelimiter>\r</segmentDelimiter>
                <successfulACKCode>AA</successfulACKCode>
                <successfulACKMessage></successfulACKMessage>
                <errorACKCode>AE</errorACKCode>
                <errorACKMessage>An Error Occurred Processing Message.</errorACKMessage>
                <rejectedACKCode>AR</rejectedACKCode>
                <rejectedACKMessage>Message Rejected.</rejectedACKMessage>
                <msh15ACKAccept>false</msh15ACKAccept>
                <dateFormat>yyyyMMddHHmmss.SSS</dateFormat>
              </responseGenerationProperties>
              <responseValidationProperties class="com.mirth.connect.plugins.datatypes.hl7v2.HL7v2ResponseValidationProperties" version="4.4.0">
                <successfulACKCode>AA,CA</successfulACKCode>
                <errorACKCode>AE,CE</errorACKCode>
                <rejectedACKCode>AR,CR</rejectedACKCode>
                <validateMessageControlId>true</validateMessageControlId>
                <originalMessageControlId>Destination_Encoded</originalMessageControlId>
                <originalIdMapVariable></originalIdMapVariable>
              </responseValidationProperties>
            </inboundProperties>
            <outboundProperties class="com.mirth.connect.plugins.datatypes.hl7v2.HL7v2DataTypeProperties" version="4.4.0">
              <serializationProperties class="com.mirth.connect.plugins.datatypes.hl7v2.HL7v2SerializationProperties" version="4.4.0">
                <handleRepetitions>true</handleRepetitions>
                <handleSubcomponents>true</handleSubcomponents>
                <useStrictParser>false</useStrictParser>
                <useStrictValidation>false</useStrictValidation>
                <stripNamespaces>false</stripNamespaces>
                <segmentDelimiter>\r</segmentDelimiter>
                <convertLineBreaks>true</convertLineBreaks>
              </serializationProperties>
              <deserializationProperties class="com.mirth.connect.plugins.datatypes.hl7v2.HL7v2DeserializationProperties" version="4.4.0">
                <useStrictParser>false</useStrictParser>
                <useStrictValidation>false</useStrictValidation>
                <segmentDelimiter>\r</segmentDelimiter>
              </deserializationProperties>
              <batchProperties class="com.mirth.connect.plugins.datatypes.hl7v2.HL7v2BatchProperties" version="4.4.0">
                <splitType>MSH_Segment</splitType>
                <batchScript></batchScript>
              </batchProperties>
              <responseGenerationProperties class="com.mirth.connect.plugins.datatypes.hl7v2.HL7v2ResponseGenerationProperties" version="4.4.0">
                <segmentDelimiter>\r</segmentDelimiter>
                <successfulACKCode>AA</successfulACKCode>
                <successfulACKMessage></successfulACKMessage>
                <errorACKCode>AE</errorACKCode>
                <errorACKMessage>An Error Occurred Processing Message.</errorACKMessage>
                <rejectedACKCode>AR</rejectedACKCode>
                <rejectedACKMessage>Message Rejected.</rejectedACKMessage>
                <msh15ACKAccept>false</msh15ACKAccept>
                <dateFormat>yyyyMMddHHmmss.SSS</dateFormat>
              </responseGenerationProperties>
              <responseValidationProperties class="com.mirth.connect.plugins.datatypes.hl7v2.HL7v2ResponseValidationProperties" version="4.4.0">
                <successfulACKCode>AA,CA</successfulACKCode>
                <errorACKCode>AE,CE</errorACKCode>
                <rejectedACKCode>AR,CR</rejectedACKCode>
                <validateMessageControlId>true</validateMessageControlId>
                <originalMessageControlId>Destination_Encoded</originalMessageControlId>
                <originalIdMapVariable></originalIdMapVariable>
              </responseValidationProperties>
            </outboundProperties>
          </transformer>
          <responseTransformer version="4.4.0">
            <elements/>
            <inboundDataType>HL7V2</inboundDataType>
            <outboundDataType>HL7V2</outboundDataType>
            <inboundProperties class="com.mirth.connect.plugins.datatypes.hl7v2.HL7v2DataTypeProperties" version="4.4.0">
              <serializationProperties class="com.mirth.connect.plugins.datatypes.hl7v2.HL7v2SerializationProperties" version="4.4.0">
                <handleRepetitions>true</handleRepetitions>
                <handleSubcomponents>true</handleSubcomponents>
                <useStrictParser>false</useStrictParser>
                <useStrictValidation>false</useStrictValidation>
                <stripNamespaces>false</stripNamespaces>
                <segmentDelimiter>\r</segmentDelimiter>
                <convertLineBreaks>true</convertLineBreaks>
              </serializationProperties>
              <deserializationProperties class="com.mirth.connect.plugins.datatypes.hl7v2.HL7v2DeserializationProperties" version="4.4.0">
                <useStrictParser>false</useStrictParser>
                <useStrictValidation>false</useStrictValidation>
                <segmentDelimiter>\r</segmentDelimiter>
              </deserializationProperties>
              <batchProperties class="com.mirth.connect.plugins.datatypes.hl7v2.HL7v2BatchProperties" version="4.4.0">
                <splitType>MSH_Segment</splitType>
                <batchScript></batchScript>
              </batchProperties>
              <responseGenerationProperties class="com.mirth.connect.plugins.datatypes.hl7v2.HL7v2ResponseGenerationProperties" version="4.4.0">
                <segmentDelimiter>\r</segmentDelimiter>
                <successfulACKCode>AA</successfulACKCode>
                <successfulACKMessage></successfulACKMessage>
                <errorACKCode>AE</errorACKCode>
                <errorACKMessage>An Error Occurred Processing Message.</errorACKMessage>
                <rejectedACKCode>AR</rejectedACKCode>
                <rejectedACKMessage>Message Rejected.</rejectedACKMessage>
                <msh15ACKAccept>false</msh15ACKAccept>
                <dateFormat>yyyyMMddHHmmss.SSS</dateFormat>
              </responseGenerationProperties>
              <responseValidationProperties class="com.mirth.connect.plugins.datatypes.hl7v2.HL7v2ResponseValidationProperties" version="4.4.0">
                <successfulACKCode>AA,CA</successfulACKCode>
                <errorACKCode>AE,CE</errorACKCode>
                <rejectedACKCode>AR,CR</rejectedACKCode>
                <validateMessageControlId>true</validateMessageControlId>
                <originalMessageControlId>Destination_Encoded</originalMessageControlId>
                <originalIdMapVariable></originalIdMapVariable>
              </responseValidationProperties>
            </inboundProperties>
            <outboundProperties class="com.mirth.connect.plugins.datatypes.hl7v2.HL7v2DataTypeProperties" version="4.4.0">
              <serializationProperties class="com.mirth.connect.plugins.datatypes.hl7v2.HL7v2SerializationProperties" version="4.4.0">
                <handleRepetitions>true</handleRepetitions>
                <handleSubcomponents>true</handleSubcomponents>
                <useStrictParser>false</useStrictParser>
                <useStrictValidation>false</useStrictValidation>
                <stripNamespaces>false</stripNamespaces>
                <segmentDelimiter>\r</segmentDelimiter>
                <convertLineBreaks>true</convertLineBreaks>
              </serializationProperties>
              <deserializationProperties class="com.mirth.connect.plugins.datatypes.hl7v2.HL7v2DeserializationProperties" version="4.4.0">
                <useStrictParser>false</useStrictParser>
                <useStrictValidation>false</useStrictValidation>
                <segmentDelimiter>\r</segmentDelimiter>
              </deserializationProperties>
              <batchProperties class="com.mirth.connect.plugins.datatypes.hl7v2.HL7v2BatchProperties" version="4.4.0">
                <splitType>MSH_Segment</splitType>
                <batchScript></batchScript>
              </batchProperties>
              <responseGenerationProperties class="com.mirth.connect.plugins.datatypes.hl7v2.HL7v2ResponseGenerationProperties" version="4.4.0">
                <segmentDelimiter>\r</segmentDelimiter>
                <successfulACKCode>AA</successfulACKCode>
                <successfulACKMessage></successfulACKMessage>
                <errorACKCode>AE</errorACKCode>
                <errorACKMessage>An Error Occurred Processing Message.</errorACKMessage>
                <rejectedACKCode>AR</rejectedACKCode>
                <rejectedACKMessage>Message Rejected.</rejectedACKMessage>
                <msh15ACKAccept>false</msh15ACKAccept>
                <dateFormat>yyyyMMddHHmmss.SSS</dateFormat>
              </responseGenerationProperties>
              <responseValidationProperties class="com.mirth.connect.plugins.datatypes.hl7v2.HL7v2ResponseValidationProperties" version="4.4.0">
                <successfulACKCode>AA,CA</successfulACKCode>
                <errorACKCode>AE,CE</errorACKCode>
                <rejectedACKCode>AR,CR</rejectedACKCode>
                <validateMessageControlId>true</validateMessageControlId>
                <originalMessageControlId>Destination_Encoded</originalMessageControlId>
                <originalIdMapVariable></originalIdMapVariable>
              </responseValidationProperties>
            </outboundProperties>
          </responseTransformer>
          <filter version="4.4.0">
            <elements/>
          </filter>
          <transportName>DICOM Sender</transportName>
          <mode>DESTINATION</mode>
          <enabled>true</enabled>
          <waitForPrevious>true</waitForPrevious>
        </connector>
        <connector version="4.4.0">
          <metaDataId>3</metaDataId>
          <name>Destination 3</name>
          <properties class="com.mirth.connect.connectors.jdbc.DatabaseDispatcherProperties" version="4.4.0">
            <pluginProperties/>
            <destinationConnectorProperties version="4.4.0">
              <queueEnabled>false</queueEnabled>
              <sendFirst>false</sendFirst>
              <retryIntervalMillis>10000</retryIntervalMillis>
              <regenerateTemplate>false</regenerateTemplate>
              <retryCount>0</retryCount>
              <rotate>false</rotate>
              <includeFilterTransformer>false</includeFilterTransformer>
              <threadCount>1</threadCount>
              <threadAssignmentVariable></threadAssignmentVariable>
              <validateResponse>false</validateResponse>
              <resourceIds class="linked-hash-map">
                <entry>
                  <string>Default Resource</string>
                  <string>[Default Resource]</string>
                </entry>
              </resourceIds>
              <queueBufferSize>1000</queueBufferSize>
              <reattachAttachments>true</reattachAttachments>
            </destinationConnectorProperties>
            <driver></driver>
            <url></url>
            <username></username>
            <password></password>
            <query></query>
            <useScript>false</useScript>
          </properties>
          <transformer version="4.4.0">
            <elements/>
            <inboundDataType>HL7V2</inboundDataType>
            <outboundDataType>HL7V2</outboundDataType>
            <inboundProperties class="com.mirth.connect.plugins.datatypes.hl7v2.HL7v2DataTypeProperties" version="4.4.0">
              <serializationProperties class="com.mirth.connect.plugins.datatypes.hl7v2.HL7v2SerializationProperties" version="4.4.0">
                <handleRepetitions>true</handleRepetitions>
                <handleSubcomponents>true</handleSubcomponents>
                <useStrictParser>false</useStrictParser>
                <useStrictValidation>false</useStrictValidation>
                <stripNamespaces>false</stripNamespaces>
                <segmentDelimiter>\r</segmentDelimiter>
                <convertLineBreaks>true</convertLineBreaks>
              </serializationProperties>
              <deserializationProperties class="com.mirth.connect.plugins.datatypes.hl7v2.HL7v2DeserializationProperties" version="4.4.0">
                <useStrictParser>false</useStrictParser>
                <useStrictValidation>false</useStrictValidation>
                <segmentDelimiter>\r</segmentDelimiter>
              </deserializationProperties>
              <batchProperties class="com.mirth.connect.plugins.datatypes.hl7v2.HL7v2BatchProperties" version="4.4.0">
                <splitType>MSH_Segment</splitType>
                <batchScript></batchScript>
              </batchProperties>
              <responseGenerationProperties class="com.mirth.connect.plugins.datatypes.hl7v2.HL7v2ResponseGenerationProperties" version="4.4.0">
                <segmentDelimiter>\r</segmentDelimiter>
                <successfulACKCode>AA</successfulACKCode>
                <successfulACKMessage></successfulACKMessage>
                <errorACKCode>AE</errorACKCode>
                <errorACKMessage>An Error Occurred Processing Message.</errorACKMessage>
                <rejectedACKCode>AR</rejectedACKCode>
                <rejectedACKMessage>Message Rejected.</rejectedACKMessage>
                <msh15ACKAccept>false</msh15ACKAccept>
                <dateFormat>yyyyMMddHHmmss.SSS</dateFormat>
              </responseGenerationProperties>
              <responseValidationProperties class="com.mirth.connect.plugins.datatypes.hl7v2.HL7v2ResponseValidationProperties" version="4.4.0">
                <successfulACKCode>AA,CA</successfulACKCode>
                <errorACKCode>AE,CE</errorACKCode>
                <rejectedACKCode>AR,CR</rejectedACKCode>
                <validateMessageControlId>true</validateMessageControlId>
                <originalMessageControlId>Destination_Encoded</originalMessageControlId>
                <originalIdMapVariable></originalIdMapVariable>
              </responseValidationProperties>
            </inboundProperties>
            <outboundProperties class="com.mirth.connect.plugins.datatypes.hl7v2.HL7v2DataTypeProperties" version="4.4.0">
              <serializationProperties class="com.mirth.connect.plugins.datatypes.hl7v2.HL7v2SerializationProperties" version="4.4.0">
                <handleRepetitions>true</handleRepetitions>
                <handleSubcomponents>true</handleSubcomponents>
                <useStrictParser>false</useStrictParser>
                <useStrictValidation>false</useStrictValidation>
                <stripNamespaces>false</stripNamespaces>
                <segmentDelimiter>\r</segmentDelimiter>
                <convertLineBreaks>true</convertLineBreaks>
              </serializationProperties>
              <deserializationProperties class="com.mirth.connect.plugins.datatypes.hl7v2.HL7v2DeserializationProperties" version="4.4.0">
                <useStrictParser>false</useStrictParser>
                <useStrictValidation>false</useStrictValidation>
                <segmentDelimiter>\r</segmentDelimiter>
              </deserializationProperties>
              <batchProperties class="com.mirth.connect.plugins.datatypes.hl7v2.HL7v2BatchProperties" version="4.4.0">
                <splitType>MSH_Segment</splitType>
                <batchScript></batchScript>
              </batchProperties>
              <responseGenerationProperties class="com.mirth.connect.plugins.datatypes.hl7v2.HL7v2ResponseGenerationProperties" version="4.4.0">
                <segmentDelimiter>\r</segmentDelimiter>
                <successfulACKCode>AA</successfulACKCode>
                <successfulACKMessage></successfulACKMessage>
                <errorACKCode>AE</errorACKCode>
                <errorACKMessage>An Error Occurred Processing Message.</errorACKMessage>
                <rejectedACKCode>AR</rejectedACKCode>
                <rejectedACKMessage>Message Rejected.</rejectedACKMessage>
                <msh15ACKAccept>false</msh15ACKAccept>
                <dateFormat>yyyyMMddHHmmss.SSS</dateFormat>
              </responseGenerationProperties>
              <responseValidationProperties class="com.mirth.connect.plugins.datatypes.hl7v2.HL7v2ResponseValidationProperties" version="4.4.0">
                <successfulACKCode>AA,CA</successfulACKCode>
                <errorACKCode>AE,CE</errorACKCode>
                <rejectedACKCode>AR,CR</rejectedACKCode>
                <validateMessageControlId>true</validateMessageControlId>
                <originalMessageControlId>Destination_Encoded</originalMessageControlId>
                <originalIdMapVariable></originalIdMapVariable>
              </responseValidationProperties>
            </outboundProperties>
          </transformer>
          <responseTransformer version="4.4.0">
            <elements/>
            <inboundDataType>HL7V2</inboundDataType>
            <outboundDataType>HL7V2</outboundDataType>
            <inboundProperties class="com.mirth.connect.plugins.datatypes.hl7v2.HL7v2DataTypeProperties" version="4.4.0">
              <serializationProperties class="com.mirth.connect.plugins.datatypes.hl7v2.HL7v2SerializationProperties" version="4.4.0">
                <handleRepetitions>true</handleRepetitions>
                <handleSubcomponents>true</handleSubcomponents>
                <useStrictParser>false</useStrictParser>
                <useStrictValidation>false</useStrictValidation>
                <stripNamespaces>false</stripNamespaces>
                <segmentDelimiter>\r</segmentDelimiter>
                <convertLineBreaks>true</convertLineBreaks>
              </serializationProperties>
              <deserializationProperties class="com.mirth.connect.plugins.datatypes.hl7v2.HL7v2DeserializationProperties" version="4.4.0">
                <useStrictParser>false</useStrictParser>
                <useStrictValidation>false</useStrictValidation>
                <segmentDelimiter>\r</segmentDelimiter>
              </deserializationProperties>
              <batchProperties class="com.mirth.connect.plugins.datatypes.hl7v2.HL7v2BatchProperties" version="4.4.0">
                <splitType>MSH_Segment</splitType>
                <batchScript></batchScript>
              </batchProperties>
              <responseGenerationProperties class="com.mirth.connect.plugins.datatypes.hl7v2.HL7v2ResponseGenerationProperties" version="4.4.0">
                <segmentDelimiter>\r</segmentDelimiter>
                <successfulACKCode>AA</successfulACKCode>
                <successfulACKMessage></successfulACKMessage>
                <errorACKCode>AE</errorACKCode>
                <errorACKMessage>An Error Occurred Processing Message.</errorACKMessage>
                <rejectedACKCode>AR</rejectedACKCode>
                <rejectedACKMessage>Message Rejected.</rejectedACKMessage>
                <msh15ACKAccept>false</msh15ACKAccept>
                <dateFormat>yyyyMMddHHmmss.SSS</dateFormat>
              </responseGenerationProperties>
              <responseValidationProperties class="com.mirth.connect.plugins.datatypes.hl7v2.HL7v2ResponseValidationProperties" version="4.4.0">
                <successfulACKCode>AA,CA</successfulACKCode>
                <errorACKCode>AE,CE</errorACKCode>
                <rejectedACKCode>AR,CR</rejectedACKCode>
                <validateMessageControlId>true</validateMessageControlId>
                <originalMessageControlId>Destination_Encoded</originalMessageControlId>
                <originalIdMapVariable></originalIdMapVariable>
              </responseValidationProperties>
            </inboundProperties>
            <outboundProperties class="com.mirth.connect.plugins.datatypes.hl7v2.HL7v2DataTypeProperties" version="4.4.0">
              <serializationProperties class="com.mirth.connect.plugins.datatypes.hl7v2.HL7v2SerializationProperties" version="4.4.0">
                <handleRepetitions>true</handleRepetitions>
                <handleSubcomponents>true</handleSubcomponents>
                <useStrictParser>false</useStrictParser>
                <useStrictValidation>false</useStrictValidation>
                <stripNamespaces>false</stripNamespaces>
                <segmentDelimiter>\r</segmentDelimiter>
                <convertLineBreaks>true</convertLineBreaks>
              </serializationProperties>
              <deserializationProperties class="com.mirth.connect.plugins.datatypes.hl7v2.HL7v2DeserializationProperties" version="4.4.0">
                <useStrictParser>false</useStrictParser>
                <useStrictValidation>false</useStrictValidation>
                <segmentDelimiter>\r</segmentDelimiter>
              </deserializationProperties>
              <batchProperties class="com.mirth.connect.plugins.datatypes.hl7v2.HL7v2BatchProperties" version="4.4.0">
                <splitType>MSH_Segment</splitType>
                <batchScript></batchScript>
              </batchProperties>
              <responseGenerationProperties class="com.mirth.connect.plugins.datatypes.hl7v2.HL7v2ResponseGenerationProperties" version="4.4.0">
                <segmentDelimiter>\r</segmentDelimiter>
                <successfulACKCode>AA</successfulACKCode>
                <successfulACKMessage></successfulACKMessage>
                <errorACKCode>AE</errorACKCode>
                <errorACKMessage>An Error Occurred Processing Message.</errorACKMessage>
                <rejectedACKCode>AR</rejectedACKCode>
                <rejectedACKMessage>Message Rejected.</rejectedACKMessage>
                <msh15ACKAccept>false</msh15ACKAccept>
                <dateFormat>yyyyMMddHHmmss.SSS</dateFormat>
              </responseGenerationProperties>
              <responseValidationProperties class="com.mirth.connect.plugins.datatypes.hl7v2.HL7v2ResponseValidationProperties" version="4.4.0">
                <successfulACKCode>AA,CA</successfulACKCode>
                <errorACKCode>AE,CE</errorACKCode>
                <rejectedACKCode>AR,CR</rejectedACKCode>
                <validateMessageControlId>true</validateMessageControlId>
                <originalMessageControlId>Destination_Encoded</originalMessageControlId>
                <originalIdMapVariable></originalIdMapVariable>
              </responseValidationProperties>
            </outboundProperties>
          </responseTransformer>
          <filter version="4.4.0">
            <elements/>
          </filter>
          <transportName>Database Writer</transportName>
          <mode>DESTINATION</mode>
          <enabled>true</enabled>
          <waitForPrevious>true</waitForPrevious>
        </connector>
        <connector version="4.4.0">
          <metaDataId>4</metaDataId>
          <name>Destination 4</name>
          <properties class="com.mirth.connect.connectors.doc.DocumentDispatcherProperties" version="4.4.0">
            <pluginProperties/>
            <destinationConnectorProperties version="4.4.0">
              <queueEnabled>false</queueEnabled>
              <sendFirst>false</sendFirst>
              <retryIntervalMillis>10000</retryIntervalMillis>
              <regenerateTemplate>false</regenerateTemplate>
              <retryCount>0</retryCount>
              <rotate>false</rotate>
              <includeFilterTransformer>false</includeFilterTransformer>
              <threadCount>1</threadCount>
              <threadAssignmentVariable></threadAssignmentVariable>
              <validateResponse>false</validateResponse>
              <resourceIds class="linked-hash-map">
                <entry>
                  <string>Default Resource</string>
                  <string>[Default Resource]</string>
                </entry>
              </resourceIds>
              <queueBufferSize>1000</queueBufferSize>
              <reattachAttachments>true</reattachAttachments>
            </destinationConnectorProperties>
            <host></host>
            <outputPattern></outputPattern>
            <documentType>pdf</documentType>
            <encrypt>false</encrypt>
            <output>FILE</output>
            <password></password>
            <pageWidth>8.5</pageWidth>
            <pageHeight>11</pageHeight>
            <pageUnit>INCHES</pageUnit>
            <template></template>
          </properties>
          <transformer version="4.4.0">
            <elements/>
            <inboundDataType>HL7V2</inboundDataType>
            <outboundDataType>HL7V2</outboundDataType>
            <inboundProperties class="com.mirth.connect.plugins.datatypes.hl7v2.HL7v2DataTypeProperties" version="4.4.0">
              <serializationProperties class="com.mirth.connect.plugins.datatypes.hl7v2.HL7v2SerializationProperties" version="4.4.0">
                <handleRepetitions>true</handleRepetitions>
                <handleSubcomponents>true</handleSubcomponents>
                <useStrictParser>false</useStrictParser>
                <useStrictValidation>false</useStrictValidation>
                <stripNamespaces>false</stripNamespaces>
                <segmentDelimiter>\r</segmentDelimiter>
                <convertLineBreaks>true</convertLineBreaks>
              </serializationProperties>
              <deserializationProperties class="com.mirth.connect.plugins.datatypes.hl7v2.HL7v2DeserializationProperties" version="4.4.0">
                <useStrictParser>false</useStrictParser>
                <useStrictValidation>false</useStrictValidation>
                <segmentDelimiter>\r</segmentDelimiter>
              </deserializationProperties>
              <batchProperties class="com.mirth.connect.plugins.datatypes.hl7v2.HL7v2BatchProperties" version="4.4.0">
                <splitType>MSH_Segment</splitType>
                <batchScript></batchScript>
              </batchProperties>
              <responseGenerationProperties class="com.mirth.connect.plugins.datatypes.hl7v2.HL7v2ResponseGenerationProperties" version="4.4.0">
                <segmentDelimiter>\r</segmentDelimiter>
                <successfulACKCode>AA</successfulACKCode>
                <successfulACKMessage></successfulACKMessage>
                <errorACKCode>AE</errorACKCode>
                <errorACKMessage>An Error Occurred Processing Message.</errorACKMessage>
                <rejectedACKCode>AR</rejectedACKCode>
                <rejectedACKMessage>Message Rejected.</rejectedACKMessage>
                <msh15ACKAccept>false</msh15ACKAccept>
                <dateFormat>yyyyMMddHHmmss.SSS</dateFormat>
              </responseGenerationProperties>
              <responseValidationProperties class="com.mirth.connect.plugins.datatypes.hl7v2.HL7v2ResponseValidationProperties" version="4.4.0">
                <successfulACKCode>AA,CA</successfulACKCode>
                <errorACKCode>AE,CE</errorACKCode>
                <rejectedACKCode>AR,CR</rejectedACKCode>
                <validateMessageControlId>true</validateMessageControlId>
                <originalMessageControlId>Destination_Encoded</originalMessageControlId>
                <originalIdMapVariable></originalIdMapVariable>
              </responseValidationProperties>
            </inboundProperties>
            <outboundProperties class="com.mirth.connect.plugins.datatypes.hl7v2.HL7v2DataTypeProperties" version="4.4.0">
              <serializationProperties class="com.mirth.connect.plugins.datatypes.hl7v2.HL7v2SerializationProperties" version="4.4.0">
                <handleRepetitions>true</handleRepetitions>
                <handleSubcomponents>true</handleSubcomponents>
                <useStrictParser>false</useStrictParser>
                <useStrictValidation>false</useStrictValidation>
                <stripNamespaces>false</stripNamespaces>
                <segmentDelimiter>\r</segmentDelimiter>
                <convertLineBreaks>true</convertLineBreaks>
              </serializationProperties>
              <deserializationProperties class="com.mirth.connect.plugins.datatypes.hl7v2.HL7v2DeserializationProperties" version="4.4.0">
                <useStrictParser>false</useStrictParser>
                <useStrictValidation>false</useStrictValidation>
                <segmentDelimiter>\r</segmentDelimiter>
              </deserializationProperties>
              <batchProperties class="com.mirth.connect.plugins.datatypes.hl7v2.HL7v2BatchProperties" version="4.4.0">
                <splitType>MSH_Segment</splitType>
                <batchScript></batchScript>
              </batchProperties>
              <responseGenerationProperties class="com.mirth.connect.plugins.datatypes.hl7v2.HL7v2ResponseGenerationProperties" version="4.4.0">
                <segmentDelimiter>\r</segmentDelimiter>
                <successfulACKCode>AA</successfulACKCode>
                <successfulACKMessage></successfulACKMessage>
                <errorACKCode>AE</errorACKCode>
                <errorACKMessage>An Error Occurred Processing Message.</errorACKMessage>
                <rejectedACKCode>AR</rejectedACKCode>
                <rejectedACKMessage>Message Rejected.</rejectedACKMessage>
                <msh15ACKAccept>false</msh15ACKAccept>
                <dateFormat>yyyyMMddHHmmss.SSS</dateFormat>
              </responseGenerationProperties>
              <responseValidationProperties class="com.mirth.connect.plugins.datatypes.hl7v2.HL7v2ResponseValidationProperties" version="4.4.0">
                <successfulACKCode>AA,CA</successfulACKCode>
                <errorACKCode>AE,CE</errorACKCode>
                <rejectedACKCode>AR,CR</rejectedACKCode>
                <validateMessageControlId>true</validateMessageControlId>
                <originalMessageControlId>Destination_Encoded</originalMessageControlId>
                <originalIdMapVariable></originalIdMapVariable>
              </responseValidationProperties>
            </outboundProperties>
          </transformer>
          <responseTransformer version="4.4.0">
            <elements/>
            <inboundDataType>HL7V2</inboundDataType>
            <outboundDataType>HL7V2</outboundDataType>
            <inboundProperties class="com.mirth.connect.plugins.datatypes.hl7v2.HL7v2DataTypeProperties" version="4.4.0">
              <serializationProperties class="com.mirth.connect.plugins.datatypes.hl7v2.HL7v2SerializationProperties" version="4.4.0">
                <handleRepetitions>true</handleRepetitions>
                <handleSubcomponents>true</handleSubcomponents>
                <useStrictParser>false</useStrictParser>
                <useStrictValidation>false</useStrictValidation>
                <stripNamespaces>false</stripNamespaces>
                <segmentDelimiter>\r</segmentDelimiter>
                <convertLineBreaks>true</convertLineBreaks>
              </serializationProperties>
              <deserializationProperties class="com.mirth.connect.plugins.datatypes.hl7v2.HL7v2DeserializationProperties" version="4.4.0">
                <useStrictParser>false</useStrictParser>
                <useStrictValidation>false</useStrictValidation>
                <segmentDelimiter>\r</segmentDelimiter>
              </deserializationProperties>
              <batchProperties class="com.mirth.connect.plugins.datatypes.hl7v2.HL7v2BatchProperties" version="4.4.0">
                <splitType>MSH_Segment</splitType>
                <batchScript></batchScript>
              </batchProperties>
              <responseGenerationProperties class="com.mirth.connect.plugins.datatypes.hl7v2.HL7v2ResponseGenerationProperties" version="4.4.0">
                <segmentDelimiter>\r</segmentDelimiter>
                <successfulACKCode>AA</successfulACKCode>
                <successfulACKMessage></successfulACKMessage>
                <errorACKCode>AE</errorACKCode>
                <errorACKMessage>An Error Occurred Processing Message.</errorACKMessage>
                <rejectedACKCode>AR</rejectedACKCode>
                <rejectedACKMessage>Message Rejected.</rejectedACKMessage>
                <msh15ACKAccept>false</msh15ACKAccept>
                <dateFormat>yyyyMMddHHmmss.SSS</dateFormat>
              </responseGenerationProperties>
              <responseValidationProperties class="com.mirth.connect.plugins.datatypes.hl7v2.HL7v2ResponseValidationProperties" version="4.4.0">
                <successfulACKCode>AA,CA</successfulACKCode>
                <errorACKCode>AE,CE</errorACKCode>
                <rejectedACKCode>AR,CR</rejectedACKCode>
                <validateMessageControlId>true</validateMessageControlId>
                <originalMessageControlId>Destination_Encoded</originalMessageControlId>
                <originalIdMapVariable></originalIdMapVariable>
              </responseValidationProperties>
            </inboundProperties>
            <outboundProperties class="com.mirth.connect.plugins.datatypes.hl7v2.HL7v2DataTypeProperties" version="4.4.0">
              <serializationProperties class="com.mirth.connect.plugins.datatypes.hl7v2.HL7v2SerializationProperties" version="4.4.0">
                <handleRepetitions>true</handleRepetitions>
                <handleSubcomponents>true</handleSubcomponents>
                <useStrictParser>false</useStrictParser>
                <useStrictValidation>false</useStrictValidation>
                <stripNamespaces>false</stripNamespaces>
                <segmentDelimiter>\r</segmentDelimiter>
                <convertLineBreaks>true</convertLineBreaks>
              </serializationProperties>
              <deserializationProperties class="com.mirth.connect.plugins.datatypes.hl7v2.HL7v2DeserializationProperties" version="4.4.0">
                <useStrictParser>false</useStrictParser>
                <useStrictValidation>false</useStrictValidation>
                <segmentDelimiter>\r</segmentDelimiter>
              </deserializationProperties>
              <batchProperties class="com.mirth.connect.plugins.datatypes.hl7v2.HL7v2BatchProperties" version="4.4.0">
                <splitType>MSH_Segment</splitType>
                <batchScript></batchScript>
              </batchProperties>
              <responseGenerationProperties class="com.mirth.connect.plugins.datatypes.hl7v2.HL7v2ResponseGenerationProperties" version="4.4.0">
                <segmentDelimiter>\r</segmentDelimiter>
                <successfulACKCode>AA</successfulACKCode>
                <successfulACKMessage></successfulACKMessage>
                <errorACKCode>AE</errorACKCode>
                <errorACKMessage>An Error Occurred Processing Message.</errorACKMessage>
                <rejectedACKCode>AR</rejectedACKCode>
                <rejectedACKMessage>Message Rejected.</rejectedACKMessage>
                <msh15ACKAccept>false</msh15ACKAccept>
                <dateFormat>yyyyMMddHHmmss.SSS</dateFormat>
              </responseGenerationProperties>
              <responseValidationProperties class="com.mirth.connect.plugins.datatypes.hl7v2.HL7v2ResponseValidationProperties" version="4.4.0">
                <successfulACKCode>AA,CA</successfulACKCode>
                <errorACKCode>AE,CE</errorACKCode>
                <rejectedACKCode>AR,CR</rejectedACKCode>
                <validateMessageControlId>true</validateMessageControlId>
                <originalMessageControlId>Destination_Encoded</originalMessageControlId>
                <originalIdMapVariable></originalIdMapVariable>
              </responseValidationProperties>
            </outboundProperties>
          </responseTransformer>
          <filter version="4.4.0">
            <elements/>
          </filter>
          <transportName>Document Writer</transportName>
          <mode>DESTINATION</mode>
          <enabled>true</enabled>
          <waitForPrevious>true</waitForPrevious>
        </connector>
        <connector version="4.4.0">
          <metaDataId>5</metaDataId>
          <name>Destination 5</name>
          <properties class="com.mirth.connect.connectors.file.FileDispatcherProperties" version="4.4.0">
            <pluginProperties/>
            <destinationConnectorProperties version="4.4.0">
              <queueEnabled>false</queueEnabled>
              <sendFirst>false</sendFirst>
              <retryIntervalMillis>10000</retryIntervalMillis>
              <regenerateTemplate>false</regenerateTemplate>
              <retryCount>0</retryCount>
              <rotate>false</rotate>
              <includeFilterTransformer>false</includeFilterTransformer>
              <threadCount>1</threadCount>
              <threadAssignmentVariable></threadAssignmentVariable>
              <validateResponse>false</validateResponse>
              <resourceIds class="linked-hash-map">
                <entry>
                  <string>Default Resource</string>
                  <string>[Default Resource]</string>
                </entry>
              </resourceIds>
              <queueBufferSize>1000</queueBufferSize>
              <reattachAttachments>true</reattachAttachments>
            </destinationConnectorProperties>
            <scheme>FILE</scheme>
            <host></host>
            <outputPattern></outputPattern>
            <anonymous>true</anonymous>
            <username>anonymous</username>
            <password>anonymous</password>
            <timeout>10000</timeout>
            <keepConnectionOpen>true</keepConnectionOpen>
            <maxIdleTime>0</maxIdleTime>
            <secure>true</secure>
            <passive>true</passive>
            <validateConnection>true</validateConnection>
            <outputAppend>true</outputAppend>
            <errorOnExists>false</errorOnExists>
            <temporary>false</temporary>
            <binary>false</binary>
            <charsetEncoding>DEFAULT_ENCODING</charsetEncoding>
            <template></template>
          </properties>
          <transformer version="4.4.0">
            <elements/>
            <inboundDataType>HL7V2</inboundDataType>
            <outboundDataType>HL7V2</outboundDataType>
            <inboundProperties class="com.mirth.connect.plugins.datatypes.hl7v2.HL7v2DataTypeProperties" version="4.4.0">
              <serializationProperties class="com.mirth.connect.plugins.datatypes.hl7v2.HL7v2SerializationProperties" version="4.4.0">
                <handleRepetitions>true</handleRepetitions>
                <handleSubcomponents>true</handleSubcomponents>
                <useStrictParser>false</useStrictParser>
                <useStrictValidation>false</useStrictValidation>
                <stripNamespaces>false</stripNamespaces>
                <segmentDelimiter>\r</segmentDelimiter>
                <convertLineBreaks>true</convertLineBreaks>
              </serializationProperties>
              <deserializationProperties class="com.mirth.connect.plugins.datatypes.hl7v2.HL7v2DeserializationProperties" version="4.4.0">
                <useStrictParser>false</useStrictParser>
                <useStrictValidation>false</useStrictValidation>
                <segmentDelimiter>\r</segmentDelimiter>
              </deserializationProperties>
              <batchProperties class="com.mirth.connect.plugins.datatypes.hl7v2.HL7v2BatchProperties" version="4.4.0">
                <splitType>MSH_Segment</splitType>
                <batchScript></batchScript>
              </batchProperties>
              <responseGenerationProperties class="com.mirth.connect.plugins.datatypes.hl7v2.HL7v2ResponseGenerationProperties" version="4.4.0">
                <segmentDelimiter>\r</segmentDelimiter>
                <successfulACKCode>AA</successfulACKCode>
                <successfulACKMessage></successfulACKMessage>
                <errorACKCode>AE</errorACKCode>
                <errorACKMessage>An Error Occurred Processing Message.</errorACKMessage>
                <rejectedACKCode>AR</rejectedACKCode>
                <rejectedACKMessage>Message Rejected.</rejectedACKMessage>
                <msh15ACKAccept>false</msh15ACKAccept>
                <dateFormat>yyyyMMddHHmmss.SSS</dateFormat>
              </responseGenerationProperties>
              <responseValidationProperties class="com.mirth.connect.plugins.datatypes.hl7v2.HL7v2ResponseValidationProperties" version="4.4.0">
                <successfulACKCode>AA,CA</successfulACKCode>
                <errorACKCode>AE,CE</errorACKCode>
                <rejectedACKCode>AR,CR</rejectedACKCode>
                <validateMessageControlId>true</validateMessageControlId>
                <originalMessageControlId>Destination_Encoded</originalMessageControlId>
                <originalIdMapVariable></originalIdMapVariable>
              </responseValidationProperties>
            </inboundProperties>
            <outboundProperties class="com.mirth.connect.plugins.datatypes.hl7v2.HL7v2DataTypeProperties" version="4.4.0">
              <serializationProperties class="com.mirth.connect.plugins.datatypes.hl7v2.HL7v2SerializationProperties" version="4.4.0">
                <handleRepetitions>true</handleRepetitions>
                <handleSubcomponents>true</handleSubcomponents>
                <useStrictParser>false</useStrictParser>
                <useStrictValidation>false</useStrictValidation>
                <stripNamespaces>false</stripNamespaces>
                <segmentDelimiter>\r</segmentDelimiter>
                <convertLineBreaks>true</convertLineBreaks>
              </serializationProperties>
              <deserializationProperties class="com.mirth.connect.plugins.datatypes.hl7v2.HL7v2DeserializationProperties" version="4.4.0">
                <useStrictParser>false</useStrictParser>
                <useStrictValidation>false</useStrictValidation>
                <segmentDelimiter>\r</segmentDelimiter>
              </deserializationProperties>
              <batchProperties class="com.mirth.connect.plugins.datatypes.hl7v2.HL7v2BatchProperties" version="4.4.0">
                <splitType>MSH_Segment</splitType>
                <batchScript></batchScript>
              </batchProperties>
              <responseGenerationProperties class="com.mirth.connect.plugins.datatypes.hl7v2.HL7v2ResponseGenerationProperties" version="4.4.0">
                <segmentDelimiter>\r</segmentDelimiter>
                <successfulACKCode>AA</successfulACKCode>
                <successfulACKMessage></successfulACKMessage>
                <errorACKCode>AE</errorACKCode>
                <errorACKMessage>An Error Occurred Processing Message.</errorACKMessage>
                <rejectedACKCode>AR</rejectedACKCode>
                <rejectedACKMessage>Message Rejected.</rejectedACKMessage>
                <msh15ACKAccept>false</msh15ACKAccept>
                <dateFormat>yyyyMMddHHmmss.SSS</dateFormat>
              </responseGenerationProperties>
              <responseValidationProperties class="com.mirth.connect.plugins.datatypes.hl7v2.HL7v2ResponseValidationProperties" version="4.4.0">
                <successfulACKCode>AA,CA</successfulACKCode>
                <errorACKCode>AE,CE</errorACKCode>
                <rejectedACKCode>AR,CR</rejectedACKCode>
                <validateMessageControlId>true</validateMessageControlId>
                <originalMessageControlId>Destination_Encoded</originalMessageControlId>
                <originalIdMapVariable></originalIdMapVariable>
              </responseValidationProperties>
            </outboundProperties>
          </transformer>
          <responseTransformer version="4.4.0">
            <elements/>
            <inboundDataType>HL7V2</inboundDataType>
            <outboundDataType>HL7V2</outboundDataType>
            <inboundProperties class="com.mirth.connect.plugins.datatypes.hl7v2.HL7v2DataTypeProperties" version="4.4.0">
              <serializationProperties class="com.mirth.connect.plugins.datatypes.hl7v2.HL7v2SerializationProperties" version="4.4.0">
                <handleRepetitions>true</handleRepetitions>
                <handleSubcomponents>true</handleSubcomponents>
                <useStrictParser>false</useStrictParser>
                <useStrictValidation>false</useStrictValidation>
                <stripNamespaces>false</stripNamespaces>
                <segmentDelimiter>\r</segmentDelimiter>
                <convertLineBreaks>true</convertLineBreaks>
              </serializationProperties>
              <deserializationProperties class="com.mirth.connect.plugins.datatypes.hl7v2.HL7v2DeserializationProperties" version="4.4.0">
                <useStrictParser>false</useStrictParser>
                <useStrictValidation>false</useStrictValidation>
                <segmentDelimiter>\r</segmentDelimiter>
              </deserializationProperties>
              <batchProperties class="com.mirth.connect.plugins.datatypes.hl7v2.HL7v2BatchProperties" version="4.4.0">
                <splitType>MSH_Segment</splitType>
                <batchScript></batchScript>
              </batchProperties>
              <responseGenerationProperties class="com.mirth.connect.plugins.datatypes.hl7v2.HL7v2ResponseGenerationProperties" version="4.4.0">
                <segmentDelimiter>\r</segmentDelimiter>
                <successfulACKCode>AA</successfulACKCode>
                <successfulACKMessage></successfulACKMessage>
                <errorACKCode>AE</errorACKCode>
                <errorACKMessage>An Error Occurred Processing Message.</errorACKMessage>
                <rejectedACKCode>AR</rejectedACKCode>
                <rejectedACKMessage>Message Rejected.</rejectedACKMessage>
                <msh15ACKAccept>false</msh15ACKAccept>
                <dateFormat>yyyyMMddHHmmss.SSS</dateFormat>
              </responseGenerationProperties>
              <responseValidationProperties class="com.mirth.connect.plugins.datatypes.hl7v2.HL7v2ResponseValidationProperties" version="4.4.0">
                <successfulACKCode>AA,CA</successfulACKCode>
                <errorACKCode>AE,CE</errorACKCode>
                <rejectedACKCode>AR,CR</rejectedACKCode>
                <validateMessageControlId>true</validateMessageControlId>
                <originalMessageControlId>Destination_Encoded</originalMessageControlId>
                <originalIdMapVariable></originalIdMapVariable>
              </responseValidationProperties>
            </inboundProperties>
            <outboundProperties class="com.mirth.connect.plugins.datatypes.hl7v2.HL7v2DataTypeProperties" version="4.4.0">
              <serializationProperties class="com.mirth.connect.plugins.datatypes.hl7v2.HL7v2SerializationProperties" version="4.4.0">
                <handleRepetitions>true</handleRepetitions>
                <handleSubcomponents>true</handleSubcomponents>
                <useStrictParser>false</useStrictParser>
                <useStrictValidation>false</useStrictValidation>
                <stripNamespaces>false</stripNamespaces>
                <segmentDelimiter>\r</segmentDelimiter>
                <convertLineBreaks>true</convertLineBreaks>
              </serializationProperties>
              <deserializationProperties class="com.mirth.connect.plugins.datatypes.hl7v2.HL7v2DeserializationProperties" version="4.4.0">
                <useStrictParser>false</useStrictParser>
                <useStrictValidation>false</useStrictValidation>
                <segmentDelimiter>\r</segmentDelimiter>
              </deserializationProperties>
              <batchProperties class="com.mirth.connect.plugins.datatypes.hl7v2.HL7v2BatchProperties" version="4.4.0">
                <splitType>MSH_Segment</splitType>
                <batchScript></batchScript>
              </batchProperties>
              <responseGenerationProperties class="com.mirth.connect.plugins.datatypes.hl7v2.HL7v2ResponseGenerationProperties" version="4.4.0">
                <segmentDelimiter>\r</segmentDelimiter>
                <successfulACKCode>AA</successfulACKCode>
                <successfulACKMessage></successfulACKMessage>
                <errorACKCode>AE</errorACKCode>
                <errorACKMessage>An Error Occurred Processing Message.</errorACKMessage>
                <rejectedACKCode>AR</rejectedACKCode>
                <rejectedACKMessage>Message Rejected.</rejectedACKMessage>
                <msh15ACKAccept>false</msh15ACKAccept>
                <dateFormat>yyyyMMddHHmmss.SSS</dateFormat>
              </responseGenerationProperties>
              <responseValidationProperties class="com.mirth.connect.plugins.datatypes.hl7v2.HL7v2ResponseValidationProperties" version="4.4.0">
                <successfulACKCode>AA,CA</successfulACKCode>
                <errorACKCode>AE,CE</errorACKCode>
                <rejectedACKCode>AR,CR</rejectedACKCode>
                <validateMessageControlId>true</validateMessageControlId>
                <originalMessageControlId>Destination_Encoded</originalMessageControlId>
                <originalIdMapVariable></originalIdMapVariable>
              </responseValidationProperties>
            </outboundProperties>
          </responseTransformer>
          <filter version="4.4.0">
            <elements/>
          </filter>
          <transportName>File Writer</transportName>
          <mode>DESTINATION</mode>
          <enabled>true</enabled>
          <waitForPrevious>true</waitForPrevious>
        </connector>
        <connector version="4.4.0">
          <metaDataId>6</metaDataId>
          <name>Destination 6</name>
          <properties class="com.mirth.connect.connectors.http.HttpDispatcherProperties" version="4.4.0">
            <pluginProperties/>
            <destinationConnectorProperties version="4.4.0">
              <queueEnabled>false</queueEnabled>
              <sendFirst>false</sendFirst>
              <retryIntervalMillis>10000</retryIntervalMillis>
              <regenerateTemplate>false</regenerateTemplate>
              <retryCount>0</retryCount>
              <rotate>false</rotate>
              <includeFilterTransformer>false</includeFilterTransformer>
              <threadCount>1</threadCount>
              <threadAssignmentVariable></threadAssignmentVariable>
              <validateResponse>false</validateResponse>
              <resourceIds class="linked-hash-map">
                <entry>
                  <string>Default Resource</string>
                  <string>[Default Resource]</string>
                </entry>
              </resourceIds>
              <queueBufferSize>1000</queueBufferSize>
              <reattachAttachments>true</reattachAttachments>
            </destinationConnectorProperties>
            <host></host>
            <useProxyServer>false</useProxyServer>
            <proxyAddress></proxyAddress>
            <proxyPort></proxyPort>
            <method>post</method>
            <headers class="linked-hash-map"/>
            <parameters class="linked-hash-map"/>
            <useHeadersVariable>false</useHeadersVariable>
            <headersVariable></headersVariable>
            <useParametersVariable>false</useParametersVariable>
            <parametersVariable></parametersVariable>
            <responseXmlBody>false</responseXmlBody>
            <responseParseMultipart>true</responseParseMultipart>
            <responseIncludeMetadata>false</responseIncludeMetadata>
            <responseBinaryMimeTypes>application/.*(?&lt;!json|xml)$|image/.*|video/.*|audio/.*</responseBinaryMimeTypes>
            <responseBinaryMimeTypesRegex>true</responseBinaryMimeTypesRegex>
            <multipart>false</multipart>
            <useAuthentication>false</useAuthentication>
            <authenticationType>Basic</authenticationType>
            <usePreemptiveAuthentication>false</usePreemptiveAuthentication>
            <username></username>
            <password></password>
            <content></content>
            <contentType>text/plain</contentType>
            <dataTypeBinary>false</dataTypeBinary>
            <charset>UTF-8</charset>
            <socketTimeout>30000</socketTimeout>
          </properties>
          <transformer version="4.4.0">
            <elements/>
            <inboundDataType>HL7V2</inboundDataType>
            <outboundDataType>HL7V2</outboundDataType>
            <inboundProperties class="com.mirth.connect.plugins.datatypes.hl7v2.HL7v2DataTypeProperties" version="4.4.0">
              <serializationProperties class="com.mirth.connect.plugins.datatypes.hl7v2.HL7v2SerializationProperties" version="4.4.0">
                <handleRepetitions>true</handleRepetitions>
                <handleSubcomponents>true</handleSubcomponents>
                <useStrictParser>false</useStrictParser>
                <useStrictValidation>false</useStrictValidation>
                <stripNamespaces>false</stripNamespaces>
                <segmentDelimiter>\r</segmentDelimiter>
                <convertLineBreaks>true</convertLineBreaks>
              </serializationProperties>
              <deserializationProperties class="com.mirth.connect.plugins.datatypes.hl7v2.HL7v2DeserializationProperties" version="4.4.0">
                <useStrictParser>false</useStrictParser>
                <useStrictValidation>false</useStrictValidation>
                <segmentDelimiter>\r</segmentDelimiter>
              </deserializationProperties>
              <batchProperties class="com.mirth.connect.plugins.datatypes.hl7v2.HL7v2BatchProperties" version="4.4.0">
                <splitType>MSH_Segment</splitType>
                <batchScript></batchScript>
              </batchProperties>
              <responseGenerationProperties class="com.mirth.connect.plugins.datatypes.hl7v2.HL7v2ResponseGenerationProperties" version="4.4.0">
                <segmentDelimiter>\r</segmentDelimiter>
                <successfulACKCode>AA</successfulACKCode>
                <successfulACKMessage></successfulACKMessage>
                <errorACKCode>AE</errorACKCode>
                <errorACKMessage>An Error Occurred Processing Message.</errorACKMessage>
                <rejectedACKCode>AR</rejectedACKCode>
                <rejectedACKMessage>Message Rejected.</rejectedACKMessage>
                <msh15ACKAccept>false</msh15ACKAccept>
                <dateFormat>yyyyMMddHHmmss.SSS</dateFormat>
              </responseGenerationProperties>
              <responseValidationProperties class="com.mirth.connect.plugins.datatypes.hl7v2.HL7v2ResponseValidationProperties" version="4.4.0">
                <successfulACKCode>AA,CA</successfulACKCode>
                <errorACKCode>AE,CE</errorACKCode>
                <rejectedACKCode>AR,CR</rejectedACKCode>
                <validateMessageControlId>true</validateMessageControlId>
                <originalMessageControlId>Destination_Encoded</originalMessageControlId>
                <originalIdMapVariable></originalIdMapVariable>
              </responseValidationProperties>
            </inboundProperties>
            <outboundProperties class="com.mirth.connect.plugins.datatypes.hl7v2.HL7v2DataTypeProperties" version="4.4.0">
              <serializationProperties class="com.mirth.connect.plugins.datatypes.hl7v2.HL7v2SerializationProperties" version="4.4.0">
                <handleRepetitions>true</handleRepetitions>
                <handleSubcomponents>true</handleSubcomponents>
                <useStrictParser>false</useStrictParser>
                <useStrictValidation>false</useStrictValidation>
                <stripNamespaces>false</stripNamespaces>
                <segmentDelimiter>\r</segmentDelimiter>
                <convertLineBreaks>true</convertLineBreaks>
              </serializationProperties>
              <deserializationProperties class="com.mirth.connect.plugins.datatypes.hl7v2.HL7v2DeserializationProperties" version="4.4.0">
                <useStrictParser>false</useStrictParser>
                <useStrictValidation>false</useStrictValidation>
                <segmentDelimiter>\r</segmentDelimiter>
              </deserializationProperties>
              <batchProperties class="com.mirth.connect.plugins.datatypes.hl7v2.HL7v2BatchProperties" version="4.4.0">
                <splitType>MSH_Segment</splitType>
                <batchScript></batchScript>
              </batchProperties>
              <responseGenerationProperties class="com.mirth.connect.plugins.datatypes.hl7v2.HL7v2ResponseGenerationProperties" version="4.4.0">
                <segmentDelimiter>\r</segmentDelimiter>
                <successfulACKCode>AA</successfulACKCode>
                <successfulACKMessage></successfulACKMessage>
                <errorACKCode>AE</errorACKCode>
                <errorACKMessage>An Error Occurred Processing Message.</errorACKMessage>
                <rejectedACKCode>AR</rejectedACKCode>
                <rejectedACKMessage>Message Rejected.</rejectedACKMessage>
                <msh15ACKAccept>false</msh15ACKAccept>
                <dateFormat>yyyyMMddHHmmss.SSS</dateFormat>
              </responseGenerationProperties>
              <responseValidationProperties class="com.mirth.connect.plugins.datatypes.hl7v2.HL7v2ResponseValidationProperties" version="4.4.0">
                <successfulACKCode>AA,CA</successfulACKCode>
                <errorACKCode>AE,CE</errorACKCode>
                <rejectedACKCode>AR,CR</rejectedACKCode>
                <validateMessageControlId>true</validateMessageControlId>
                <originalMessageControlId>Destination_Encoded</originalMessageControlId>
                <originalIdMapVariable></originalIdMapVariable>
              </responseValidationProperties>
            </outboundProperties>
          </transformer>
          <responseTransformer version="4.4.0">
            <elements/>
            <inboundDataType>HL7V2</inboundDataType>
            <outboundDataType>HL7V2</outboundDataType>
            <inboundProperties class="com.mirth.connect.plugins.datatypes.hl7v2.HL7v2DataTypeProperties" version="4.4.0">
              <serializationProperties class="com.mirth.connect.plugins.datatypes.hl7v2.HL7v2SerializationProperties" version="4.4.0">
                <handleRepetitions>true</handleRepetitions>
                <handleSubcomponents>true</handleSubcomponents>
                <useStrictParser>false</useStrictParser>
                <useStrictValidation>false</useStrictValidation>
                <stripNamespaces>false</stripNamespaces>
                <segmentDelimiter>\r</segmentDelimiter>
                <convertLineBreaks>true</convertLineBreaks>
              </serializationProperties>
              <deserializationProperties class="com.mirth.connect.plugins.datatypes.hl7v2.HL7v2DeserializationProperties" version="4.4.0">
                <useStrictParser>false</useStrictParser>
                <useStrictValidation>false</useStrictValidation>
                <segmentDelimiter>\r</segmentDelimiter>
              </deserializationProperties>
              <batchProperties class="com.mirth.connect.plugins.datatypes.hl7v2.HL7v2BatchProperties" version="4.4.0">
                <splitType>MSH_Segment</splitType>
                <batchScript></batchScript>
              </batchProperties>
              <responseGenerationProperties class="com.mirth.connect.plugins.datatypes.hl7v2.HL7v2ResponseGenerationProperties" version="4.4.0">
                <segmentDelimiter>\r</segmentDelimiter>
                <successfulACKCode>AA</successfulACKCode>
                <successfulACKMessage></successfulACKMessage>
                <errorACKCode>AE</errorACKCode>
                <errorACKMessage>An Error Occurred Processing Message.</errorACKMessage>
                <rejectedACKCode>AR</rejectedACKCode>
                <rejectedACKMessage>Message Rejected.</rejectedACKMessage>
                <msh15ACKAccept>false</msh15ACKAccept>
                <dateFormat>yyyyMMddHHmmss.SSS</dateFormat>
              </responseGenerationProperties>
              <responseValidationProperties class="com.mirth.connect.plugins.datatypes.hl7v2.HL7v2ResponseValidationProperties" version="4.4.0">
                <successfulACKCode>AA,CA</successfulACKCode>
                <errorACKCode>AE,CE</errorACKCode>
                <rejectedACKCode>AR,CR</rejectedACKCode>
                <validateMessageControlId>true</validateMessageControlId>
                <originalMessageControlId>Destination_Encoded</originalMessageControlId>
                <originalIdMapVariable></originalIdMapVariable>
              </responseValidationProperties>
            </inboundProperties>
            <outboundProperties class="com.mirth.connect.plugins.datatypes.hl7v2.HL7v2DataTypeProperties" version="4.4.0">
              <serializationProperties class="com.mirth.connect.plugins.datatypes.hl7v2.HL7v2SerializationProperties" version="4.4.0">
                <handleRepetitions>true</handleRepetitions>
                <handleSubcomponents>true</handleSubcomponents>
                <useStrictParser>false</useStrictParser>
                <useStrictValidation>false</useStrictValidation>
                <stripNamespaces>false</stripNamespaces>
                <segmentDelimiter>\r</segmentDelimiter>
                <convertLineBreaks>true</convertLineBreaks>
              </serializationProperties>
              <deserializationProperties class="com.mirth.connect.plugins.datatypes.hl7v2.HL7v2DeserializationProperties" version="4.4.0">
                <useStrictParser>false</useStrictParser>
                <useStrictValidation>false</useStrictValidation>
                <segmentDelimiter>\r</segmentDelimiter>
              </deserializationProperties>
              <batchProperties class="com.mirth.connect.plugins.datatypes.hl7v2.HL7v2BatchProperties" version="4.4.0">
                <splitType>MSH_Segment</splitType>
                <batchScript></batchScript>
              </batchProperties>
              <responseGenerationProperties class="com.mirth.connect.plugins.datatypes.hl7v2.HL7v2ResponseGenerationProperties" version="4.4.0">
                <segmentDelimiter>\r</segmentDelimiter>
                <successfulACKCode>AA</successfulACKCode>
                <successfulACKMessage></successfulACKMessage>
                <errorACKCode>AE</errorACKCode>
                <errorACKMessage>An Error Occurred Processing Message.</errorACKMessage>
                <rejectedACKCode>AR</rejectedACKCode>
                <rejectedACKMessage>Message Rejected.</rejectedACKMessage>
                <msh15ACKAccept>false</msh15ACKAccept>
                <dateFormat>yyyyMMddHHmmss.SSS</dateFormat>
              </responseGenerationProperties>
              <responseValidationProperties class="com.mirth.connect.plugins.datatypes.hl7v2.HL7v2ResponseValidationProperties" version="4.4.0">
                <successfulACKCode>AA,CA</successfulACKCode>
                <errorACKCode>AE,CE</errorACKCode>
                <rejectedACKCode>AR,CR</rejectedACKCode>
                <validateMessageControlId>true</validateMessageControlId>
                <originalMessageControlId>Destination_Encoded</originalMessageControlId>
                <originalIdMapVariable></originalIdMapVariable>
              </responseValidationProperties>
            </outboundProperties>
          </responseTransformer>
          <filter version="4.4.0">
            <elements/>
          </filter>
          <transportName>HTTP Sender</transportName>
          <mode>DESTINATION</mode>
          <enabled>true</enabled>
          <waitForPrevious>true</waitForPrevious>
        </connector>
        <connector version="4.4.0">
          <metaDataId>7</metaDataId>
          <name>Destination 7</name>
          <properties class="com.mirth.connect.connectors.jms.JmsDispatcherProperties" version="4.4.0">
            <pluginProperties/>
            <useJndi>false</useJndi>
            <jndiProviderUrl></jndiProviderUrl>
            <jndiInitialContextFactory></jndiInitialContextFactory>
            <jndiConnectionFactoryName></jndiConnectionFactoryName>
            <connectionFactoryClass></connectionFactoryClass>
            <connectionProperties class="linked-hash-map"/>
            <username></username>
            <password></password>
            <destinationName></destinationName>
            <topic>false</topic>
            <clientId></clientId>
            <template>${message.encodedData}</template>
            <destinationConnectorProperties version="4.4.0">
              <queueEnabled>false</queueEnabled>
              <sendFirst>false</sendFirst>
              <retryIntervalMillis>10000</retryIntervalMillis>
              <regenerateTemplate>false</regenerateTemplate>
              <retryCount>0</retryCount>
              <rotate>false</rotate>
              <includeFilterTransformer>false</includeFilterTransformer>
              <threadCount>1</threadCount>
              <threadAssignmentVariable></threadAssignmentVariable>
              <validateResponse>false</validateResponse>
              <resourceIds class="linked-hash-map">
                <entry>
                  <string>Default Resource</string>
                  <string>[Default Resource]</string>
                </entry>
              </resourceIds>
              <queueBufferSize>1000</queueBufferSize>
              <reattachAttachments>true</reattachAttachments>
            </destinationConnectorProperties>
          </properties>
          <transformer version="4.4.0">
            <elements/>
            <inboundDataType>HL7V2</inboundDataType>
            <outboundDataType>HL7V2</outboundDataType>
            <inboundProperties class="com.mirth.connect.plugins.datatypes.hl7v2.HL7v2DataTypeProperties" version="4.4.0">
              <serializationProperties class="com.mirth.connect.plugins.datatypes.hl7v2.HL7v2SerializationProperties" version="4.4.0">
                <handleRepetitions>true</handleRepetitions>
                <handleSubcomponents>true</handleSubcomponents>
                <useStrictParser>false</useStrictParser>
                <useStrictValidation>false</useStrictValidation>
                <stripNamespaces>false</stripNamespaces>
                <segmentDelimiter>\r</segmentDelimiter>
                <convertLineBreaks>true</convertLineBreaks>
              </serializationProperties>
              <deserializationProperties class="com.mirth.connect.plugins.datatypes.hl7v2.HL7v2DeserializationProperties" version="4.4.0">
                <useStrictParser>false</useStrictParser>
                <useStrictValidation>false</useStrictValidation>
                <segmentDelimiter>\r</segmentDelimiter>
              </deserializationProperties>
              <batchProperties class="com.mirth.connect.plugins.datatypes.hl7v2.HL7v2BatchProperties" version="4.4.0">
                <splitType>MSH_Segment</splitType>
                <batchScript></batchScript>
              </batchProperties>
              <responseGenerationProperties class="com.mirth.connect.plugins.datatypes.hl7v2.HL7v2ResponseGenerationProperties" version="4.4.0">
                <segmentDelimiter>\r</segmentDelimiter>
                <successfulACKCode>AA</successfulACKCode>
                <successfulACKMessage></successfulACKMessage>
                <errorACKCode>AE</errorACKCode>
                <errorACKMessage>An Error Occurred Processing Message.</errorACKMessage>
                <rejectedACKCode>AR</rejectedACKCode>
                <rejectedACKMessage>Message Rejected.</rejectedACKMessage>
                <msh15ACKAccept>false</msh15ACKAccept>
                <dateFormat>yyyyMMddHHmmss.SSS</dateFormat>
              </responseGenerationProperties>
              <responseValidationProperties class="com.mirth.connect.plugins.datatypes.hl7v2.HL7v2ResponseValidationProperties" version="4.4.0">
                <successfulACKCode>AA,CA</successfulACKCode>
                <errorACKCode>AE,CE</errorACKCode>
                <rejectedACKCode>AR,CR</rejectedACKCode>
                <validateMessageControlId>true</validateMessageControlId>
                <originalMessageControlId>Destination_Encoded</originalMessageControlId>
                <originalIdMapVariable></originalIdMapVariable>
              </responseValidationProperties>
            </inboundProperties>
            <outboundProperties class="com.mirth.connect.plugins.datatypes.hl7v2.HL7v2DataTypeProperties" version="4.4.0">
              <serializationProperties class="com.mirth.connect.plugins.datatypes.hl7v2.HL7v2SerializationProperties" version="4.4.0">
                <handleRepetitions>true</handleRepetitions>
                <handleSubcomponents>true</handleSubcomponents>
                <useStrictParser>false</useStrictParser>
                <useStrictValidation>false</useStrictValidation>
                <stripNamespaces>false</stripNamespaces>
                <segmentDelimiter>\r</segmentDelimiter>
                <convertLineBreaks>true</convertLineBreaks>
              </serializationProperties>
              <deserializationProperties class="com.mirth.connect.plugins.datatypes.hl7v2.HL7v2DeserializationProperties" version="4.4.0">
                <useStrictParser>false</useStrictParser>
                <useStrictValidation>false</useStrictValidation>
                <segmentDelimiter>\r</segmentDelimiter>
              </deserializationProperties>
              <batchProperties class="com.mirth.connect.plugins.datatypes.hl7v2.HL7v2BatchProperties" version="4.4.0">
                <splitType>MSH_Segment</splitType>
                <batchScript></batchScript>
              </batchProperties>
              <responseGenerationProperties class="com.mirth.connect.plugins.datatypes.hl7v2.HL7v2ResponseGenerationProperties" version="4.4.0">
                <segmentDelimiter>\r</segmentDelimiter>
                <successfulACKCode>AA</successfulACKCode>
                <successfulACKMessage></successfulACKMessage>
                <errorACKCode>AE</errorACKCode>
                <errorACKMessage>An Error Occurred Processing Message.</errorACKMessage>
                <rejectedACKCode>AR</rejectedACKCode>
                <rejectedACKMessage>Message Rejected.</rejectedACKMessage>
                <msh15ACKAccept>false</msh15ACKAccept>
                <dateFormat>yyyyMMddHHmmss.SSS</dateFormat>
              </responseGenerationProperties>
              <responseValidationProperties class="com.mirth.connect.plugins.datatypes.hl7v2.HL7v2ResponseValidationProperties" version="4.4.0">
                <successfulACKCode>AA,CA</successfulACKCode>
                <errorACKCode>AE,CE</errorACKCode>
                <rejectedACKCode>AR,CR</rejectedACKCode>
                <validateMessageControlId>true</validateMessageControlId>
                <originalMessageControlId>Destination_Encoded</originalMessageControlId>
                <originalIdMapVariable></originalIdMapVariable>
              </responseValidationProperties>
            </outboundProperties>
          </transformer>
          <responseTransformer version="4.4.0">
            <elements/>
            <inboundDataType>HL7V2</inboundDataType>
            <outboundDataType>HL7V2</outboundDataType>
            <inboundProperties class="com.mirth.connect.plugins.datatypes.hl7v2.HL7v2DataTypeProperties" version="4.4.0">
              <serializationProperties class="com.mirth.connect.plugins.datatypes.hl7v2.HL7v2SerializationProperties" version="4.4.0">
                <handleRepetitions>true</handleRepetitions>
                <handleSubcomponents>true</handleSubcomponents>
                <useStrictParser>false</useStrictParser>
                <useStrictValidation>false</useStrictValidation>
                <stripNamespaces>false</stripNamespaces>
                <segmentDelimiter>\r</segmentDelimiter>
                <convertLineBreaks>true</convertLineBreaks>
              </serializationProperties>
              <deserializationProperties class="com.mirth.connect.plugins.datatypes.hl7v2.HL7v2DeserializationProperties" version="4.4.0">
                <useStrictParser>false</useStrictParser>
                <useStrictValidation>false</useStrictValidation>
                <segmentDelimiter>\r</segmentDelimiter>
              </deserializationProperties>
              <batchProperties class="com.mirth.connect.plugins.datatypes.hl7v2.HL7v2BatchProperties" version="4.4.0">
                <splitType>MSH_Segment</splitType>
                <batchScript></batchScript>
              </batchProperties>
              <responseGenerationProperties class="com.mirth.connect.plugins.datatypes.hl7v2.HL7v2ResponseGenerationProperties" version="4.4.0">
                <segmentDelimiter>\r</segmentDelimiter>
                <successfulACKCode>AA</successfulACKCode>
                <successfulACKMessage></successfulACKMessage>
                <errorACKCode>AE</errorACKCode>
                <errorACKMessage>An Error Occurred Processing Message.</errorACKMessage>
                <rejectedACKCode>AR</rejectedACKCode>
                <rejectedACKMessage>Message Rejected.</rejectedACKMessage>
                <msh15ACKAccept>false</msh15ACKAccept>
                <dateFormat>yyyyMMddHHmmss.SSS</dateFormat>
              </responseGenerationProperties>
              <responseValidationProperties class="com.mirth.connect.plugins.datatypes.hl7v2.HL7v2ResponseValidationProperties" version="4.4.0">
                <successfulACKCode>AA,CA</successfulACKCode>
                <errorACKCode>AE,CE</errorACKCode>
                <rejectedACKCode>AR,CR</rejectedACKCode>
                <validateMessageControlId>true</validateMessageControlId>
                <originalMessageControlId>Destination_Encoded</originalMessageControlId>
                <originalIdMapVariable></originalIdMapVariable>
              </responseValidationProperties>
            </inboundProperties>
            <outboundProperties class="com.mirth.connect.plugins.datatypes.hl7v2.HL7v2DataTypeProperties" version="4.4.0">
              <serializationProperties class="com.mirth.connect.plugins.datatypes.hl7v2.HL7v2SerializationProperties" version="4.4.0">
                <handleRepetitions>true</handleRepetitions>
                <handleSubcomponents>true</handleSubcomponents>
                <useStrictParser>false</useStrictParser>
                <useStrictValidation>false</useStrictValidation>
                <stripNamespaces>false</stripNamespaces>
                <segmentDelimiter>\r</segmentDelimiter>
                <convertLineBreaks>true</convertLineBreaks>
              </serializationProperties>
              <deserializationProperties class="com.mirth.connect.plugins.datatypes.hl7v2.HL7v2DeserializationProperties" version="4.4.0">
                <useStrictParser>false</useStrictParser>
                <useStrictValidation>false</useStrictValidation>
                <segmentDelimiter>\r</segmentDelimiter>
              </deserializationProperties>
              <batchProperties class="com.mirth.connect.plugins.datatypes.hl7v2.HL7v2BatchProperties" version="4.4.0">
                <splitType>MSH_Segment</splitType>
                <batchScript></batchScript>
              </batchProperties>
              <responseGenerationProperties class="com.mirth.connect.plugins.datatypes.hl7v2.HL7v2ResponseGenerationProperties" version="4.4.0">
                <segmentDelimiter>\r</segmentDelimiter>
                <successfulACKCode>AA</successfulACKCode>
                <successfulACKMessage></successfulACKMessage>
                <errorACKCode>AE</errorACKCode>
                <errorACKMessage>An Error Occurred Processing Message.</errorACKMessage>
                <rejectedACKCode>AR</rejectedACKCode>
                <rejectedACKMessage>Message Rejected.</rejectedACKMessage>
                <msh15ACKAccept>false</msh15ACKAccept>
                <dateFormat>yyyyMMddHHmmss.SSS</dateFormat>
              </responseGenerationProperties>
              <responseValidationProperties class="com.mirth.connect.plugins.datatypes.hl7v2.HL7v2ResponseValidationProperties" version="4.4.0">
                <successfulACKCode>AA,CA</successfulACKCode>
                <errorACKCode>AE,CE</errorACKCode>
                <rejectedACKCode>AR,CR</rejectedACKCode>
                <validateMessageControlId>true</validateMessageControlId>
                <originalMessageControlId>Destination_Encoded</originalMessageControlId>
                <originalIdMapVariable></originalIdMapVariable>
              </responseValidationProperties>
            </outboundProperties>
          </responseTransformer>
          <filter version="4.4.0">
            <elements/>
          </filter>
          <transportName>JMS Sender</transportName>
          <mode>DESTINATION</mode>
          <enabled>true</enabled>
          <waitForPrevious>true</waitForPrevious>
        </connector>
        <connector version="4.4.0">
          <metaDataId>8</metaDataId>
          <name>Destination 8</name>
          <properties class="com.mirth.connect.connectors.js.JavaScriptDispatcherProperties" version="4.4.0">
            <pluginProperties/>
            <destinationConnectorProperties version="4.4.0">
              <queueEnabled>false</queueEnabled>
              <sendFirst>false</sendFirst>
              <retryIntervalMillis>10000</retryIntervalMillis>
              <regenerateTemplate>false</regenerateTemplate>
              <retryCount>0</retryCount>
              <rotate>false</rotate>
              <includeFilterTransformer>false</includeFilterTransformer>
              <threadCount>1</threadCount>
              <threadAssignmentVariable></threadAssignmentVariable>
              <validateResponse>false</validateResponse>
              <resourceIds class="linked-hash-map">
                <entry>
                  <string>Default Resource</string>
                  <string>[Default Resource]</string>
                </entry>
              </resourceIds>
              <queueBufferSize>1000</queueBufferSize>
              <reattachAttachments>true</reattachAttachments>
            </destinationConnectorProperties>
            <script></script>
          </properties>
          <transformer version="4.4.0">
            <elements/>
            <inboundDataType>HL7V2</inboundDataType>
            <outboundDataType>HL7V2</outboundDataType>
            <inboundProperties class="com.mirth.connect.plugins.datatypes.hl7v2.HL7v2DataTypeProperties" version="4.4.0">
              <serializationProperties class="com.mirth.connect.plugins.datatypes.hl7v2.HL7v2SerializationProperties" version="4.4.0">
                <handleRepetitions>true</handleRepetitions>
                <handleSubcomponents>true</handleSubcomponents>
                <useStrictParser>false</useStrictParser>
                <useStrictValidation>false</useStrictValidation>
                <stripNamespaces>false</stripNamespaces>
                <segmentDelimiter>\r</segmentDelimiter>
                <convertLineBreaks>true</convertLineBreaks>
              </serializationProperties>
              <deserializationProperties class="com.mirth.connect.plugins.datatypes.hl7v2.HL7v2DeserializationProperties" version="4.4.0">
                <useStrictParser>false</useStrictParser>
                <useStrictValidation>false</useStrictValidation>
                <segmentDelimiter>\r</segmentDelimiter>
              </deserializationProperties>
              <batchProperties class="com.mirth.connect.plugins.datatypes.hl7v2.HL7v2BatchProperties" version="4.4.0">
                <splitType>MSH_Segment</splitType>
                <batchScript></batchScript>
              </batchProperties>
              <responseGenerationProperties class="com.mirth.connect.plugins.datatypes.hl7v2.HL7v2ResponseGenerationProperties" version="4.4.0">
                <segmentDelimiter>\r</segmentDelimiter>
                <successfulACKCode>AA</successfulACKCode>
                <successfulACKMessage></successfulACKMessage>
                <errorACKCode>AE</errorACKCode>
                <errorACKMessage>An Error Occurred Processing Message.</errorACKMessage>
                <rejectedACKCode>AR</rejectedACKCode>
                <rejectedACKMessage>Message Rejected.</rejectedACKMessage>
                <msh15ACKAccept>false</msh15ACKAccept>
                <dateFormat>yyyyMMddHHmmss.SSS</dateFormat>
              </responseGenerationProperties>
              <responseValidationProperties class="com.mirth.connect.plugins.datatypes.hl7v2.HL7v2ResponseValidationProperties" version="4.4.0">
                <successfulACKCode>AA,CA</successfulACKCode>
                <errorACKCode>AE,CE</errorACKCode>
                <rejectedACKCode>AR,CR</rejectedACKCode>
                <validateMessageControlId>true</validateMessageControlId>
                <originalMessageControlId>Destination_Encoded</originalMessageControlId>
                <originalIdMapVariable></originalIdMapVariable>
              </responseValidationProperties>
            </inboundProperties>
            <outboundProperties class="com.mirth.connect.plugins.datatypes.hl7v2.HL7v2DataTypeProperties" version="4.4.0">
              <serializationProperties class="com.mirth.connect.plugins.datatypes.hl7v2.HL7v2SerializationProperties" version="4.4.0">
                <handleRepetitions>true</handleRepetitions>
                <handleSubcomponents>true</handleSubcomponents>
                <useStrictParser>false</useStrictParser>
                <useStrictValidation>false</useStrictValidation>
                <stripNamespaces>false</stripNamespaces>
                <segmentDelimiter>\r</segmentDelimiter>
                <convertLineBreaks>true</convertLineBreaks>
              </serializationProperties>
              <deserializationProperties class="com.mirth.connect.plugins.datatypes.hl7v2.HL7v2DeserializationProperties" version="4.4.0">
                <useStrictParser>false</useStrictParser>
                <useStrictValidation>false</useStrictValidation>
                <segmentDelimiter>\r</segmentDelimiter>
              </deserializationProperties>
              <batchProperties class="com.mirth.connect.plugins.datatypes.hl7v2.HL7v2BatchProperties" version="4.4.0">
                <splitType>MSH_Segment</splitType>
                <batchScript></batchScript>
              </batchProperties>
              <responseGenerationProperties class="com.mirth.connect.plugins.datatypes.hl7v2.HL7v2ResponseGenerationProperties" version="4.4.0">
                <segmentDelimiter>\r</segmentDelimiter>
                <successfulACKCode>AA</successfulACKCode>
                <successfulACKMessage></successfulACKMessage>
                <errorACKCode>AE</errorACKCode>
                <errorACKMessage>An Error Occurred Processing Message.</errorACKMessage>
                <rejectedACKCode>AR</rejectedACKCode>
                <rejectedACKMessage>Message Rejected.</rejectedACKMessage>
                <msh15ACKAccept>false</msh15ACKAccept>
                <dateFormat>yyyyMMddHHmmss.SSS</dateFormat>
              </responseGenerationProperties>
              <responseValidationProperties class="com.mirth.connect.plugins.datatypes.hl7v2.HL7v2ResponseValidationProperties" version="4.4.0">
                <successfulACKCode>AA,CA</successfulACKCode>
                <errorACKCode>AE,CE</errorACKCode>
                <rejectedACKCode>AR,CR</rejectedACKCode>
                <validateMessageControlId>true</validateMessageControlId>
                <originalMessageControlId>Destination_Encoded</originalMessageControlId>
                <originalIdMapVariable></originalIdMapVariable>
              </responseValidationProperties>
            </outboundProperties>
          </transformer>
          <responseTransformer version="4.4.0">
            <elements/>
            <inboundDataType>HL7V2</inboundDataType>
            <outboundDataType>HL7V2</outboundDataType>
            <inboundProperties class="com.mirth.connect.plugins.datatypes.hl7v2.HL7v2DataTypeProperties" version="4.4.0">
              <serializationProperties class="com.mirth.connect.plugins.datatypes.hl7v2.HL7v2SerializationProperties" version="4.4.0">
                <handleRepetitions>true</handleRepetitions>
                <handleSubcomponents>true</handleSubcomponents>
                <useStrictParser>false</useStrictParser>
                <useStrictValidation>false</useStrictValidation>
                <stripNamespaces>false</stripNamespaces>
                <segmentDelimiter>\r</segmentDelimiter>
                <convertLineBreaks>true</convertLineBreaks>
              </serializationProperties>
              <deserializationProperties class="com.mirth.connect.plugins.datatypes.hl7v2.HL7v2DeserializationProperties" version="4.4.0">
                <useStrictParser>false</useStrictParser>
                <useStrictValidation>false</useStrictValidation>
                <segmentDelimiter>\r</segmentDelimiter>
              </deserializationProperties>
              <batchProperties class="com.mirth.connect.plugins.datatypes.hl7v2.HL7v2BatchProperties" version="4.4.0">
                <splitType>MSH_Segment</splitType>
                <batchScript></batchScript>
              </batchProperties>
              <responseGenerationProperties class="com.mirth.connect.plugins.datatypes.hl7v2.HL7v2ResponseGenerationProperties" version="4.4.0">
                <segmentDelimiter>\r</segmentDelimiter>
                <successfulACKCode>AA</successfulACKCode>
                <successfulACKMessage></successfulACKMessage>
                <errorACKCode>AE</errorACKCode>
                <errorACKMessage>An Error Occurred Processing Message.</errorACKMessage>
                <rejectedACKCode>AR</rejectedACKCode>
                <rejectedACKMessage>Message Rejected.</rejectedACKMessage>
                <msh15ACKAccept>false</msh15ACKAccept>
                <dateFormat>yyyyMMddHHmmss.SSS</dateFormat>
              </responseGenerationProperties>
              <responseValidationProperties class="com.mirth.connect.plugins.datatypes.hl7v2.HL7v2ResponseValidationProperties" version="4.4.0">
                <successfulACKCode>AA,CA</successfulACKCode>
                <errorACKCode>AE,CE</errorACKCode>
                <rejectedACKCode>AR,CR</rejectedACKCode>
                <validateMessageControlId>true</validateMessageControlId>
                <originalMessageControlId>Destination_Encoded</originalMessageControlId>
                <originalIdMapVariable></originalIdMapVariable>
              </responseValidationProperties>
            </inboundProperties>
            <outboundProperties class="com.mirth.connect.plugins.datatypes.hl7v2.HL7v2DataTypeProperties" version="4.4.0">
              <serializationProperties class="com.mirth.connect.plugins.datatypes.hl7v2.HL7v2SerializationProperties" version="4.4.0">
                <handleRepetitions>true</handleRepetitions>
                <handleSubcomponents>true</handleSubcomponents>
                <useStrictParser>false</useStrictParser>
                <useStrictValidation>false</useStrictValidation>
                <stripNamespaces>false</stripNamespaces>
                <segmentDelimiter>\r</segmentDelimiter>
                <convertLineBreaks>true</convertLineBreaks>
              </serializationProperties>
              <deserializationProperties class="com.mirth.connect.plugins.datatypes.hl7v2.HL7v2DeserializationProperties" version="4.4.0">
                <useStrictParser>false</useStrictParser>
                <useStrictValidation>false</useStrictValidation>
                <segmentDelimiter>\r</segmentDelimiter>
              </deserializationProperties>
              <batchProperties class="com.mirth.connect.plugins.datatypes.hl7v2.HL7v2BatchProperties" version="4.4.0">
                <splitType>MSH_Segment</splitType>
                <batchScript></batchScript>
              </batchProperties>
              <responseGenerationProperties class="com.mirth.connect.plugins.datatypes.hl7v2.HL7v2ResponseGenerationProperties" version="4.4.0">
                <segmentDelimiter>\r</segmentDelimiter>
                <successfulACKCode>AA</successfulACKCode>
                <successfulACKMessage></successfulACKMessage>
                <errorACKCode>AE</errorACKCode>
                <errorACKMessage>An Error Occurred Processing Message.</errorACKMessage>
                <rejectedACKCode>AR</rejectedACKCode>
                <rejectedACKMessage>Message Rejected.</rejectedACKMessage>
                <msh15ACKAccept>false</msh15ACKAccept>
                <dateFormat>yyyyMMddHHmmss.SSS</dateFormat>
              </responseGenerationProperties>
              <responseValidationProperties class="com.mirth.connect.plugins.datatypes.hl7v2.HL7v2ResponseValidationProperties" version="4.4.0">
                <successfulACKCode>AA,CA</successfulACKCode>
                <errorACKCode>AE,CE</errorACKCode>
                <rejectedACKCode>AR,CR</rejectedACKCode>
                <validateMessageControlId>true</validateMessageControlId>
                <originalMessageControlId>Destination_Encoded</originalMessageControlId>
                <originalIdMapVariable></originalIdMapVariable>
              </responseValidationProperties>
            </outboundProperties>
          </responseTransformer>
          <filter version="4.4.0">
            <elements/>
          </filter>
          <transportName>JavaScript Writer</transportName>
          <mode>DESTINATION</mode>
          <enabled>true</enabled>
          <waitForPrevious>true</waitForPrevious>
        </connector>
        <connector version="4.4.0">
          <metaDataId>9</metaDataId>
          <name>Destination 9</name>
          <properties class="com.mirth.connect.connectors.smtp.SmtpDispatcherProperties" version="4.4.0">
            <pluginProperties/>
            <destinationConnectorProperties version="4.4.0">
              <queueEnabled>false</queueEnabled>
              <sendFirst>false</sendFirst>
              <retryIntervalMillis>10000</retryIntervalMillis>
              <regenerateTemplate>false</regenerateTemplate>
              <retryCount>0</retryCount>
              <rotate>false</rotate>
              <includeFilterTransformer>false</includeFilterTransformer>
              <threadCount>1</threadCount>
              <threadAssignmentVariable></threadAssignmentVariable>
              <validateResponse>false</validateResponse>
              <resourceIds class="linked-hash-map">
                <entry>
                  <string>Default Resource</string>
                  <string>[Default Resource]</string>
                </entry>
              </resourceIds>
              <queueBufferSize>1000</queueBufferSize>
              <reattachAttachments>true</reattachAttachments>
            </destinationConnectorProperties>
            <smtpHost></smtpHost>
            <smtpPort>25</smtpPort>
            <overrideLocalBinding>false</overrideLocalBinding>
            <localAddress>0.0.0.0</localAddress>
            <localPort>0</localPort>
            <timeout>5000</timeout>
            <encryption>none</encryption>
            <authentication>false</authentication>
            <username></username>
            <password></password>
            <to></to>
            <from></from>
            <cc></cc>
            <bcc></bcc>
            <replyTo></replyTo>
            <headers class="linked-hash-map"/>
            <headersVariable></headersVariable>
            <isUseHeadersVariable>false</isUseHeadersVariable>
            <subject></subject>
            <charsetEncoding>DEFAULT_ENCODING</charsetEncoding>
            <html>false</html>
            <body></body>
            <attachments/>
            <attachmentsVariable></attachmentsVariable>
            <isUseAttachmentsVariable>false</isUseAttachmentsVariable>
          </properties>
          <transformer version="4.4.0">
            <elements/>
            <inboundDataType>HL7V2</inboundDataType>
            <outboundDataType>HL7V2</outboundDataType>
            <inboundProperties class="com.mirth.connect.plugins.datatypes.hl7v2.HL7v2DataTypeProperties" version="4.4.0">
              <serializationProperties class="com.mirth.connect.plugins.datatypes.hl7v2.HL7v2SerializationProperties" version="4.4.0">
                <handleRepetitions>true</handleRepetitions>
                <handleSubcomponents>true</handleSubcomponents>
                <useStrictParser>false</useStrictParser>
                <useStrictValidation>false</useStrictValidation>
                <stripNamespaces>false</stripNamespaces>
                <segmentDelimiter>\r</segmentDelimiter>
                <convertLineBreaks>true</convertLineBreaks>
              </serializationProperties>
              <deserializationProperties class="com.mirth.connect.plugins.datatypes.hl7v2.HL7v2DeserializationProperties" version="4.4.0">
                <useStrictParser>false</useStrictParser>
                <useStrictValidation>false</useStrictValidation>
                <segmentDelimiter>\r</segmentDelimiter>
              </deserializationProperties>
              <batchProperties class="com.mirth.connect.plugins.datatypes.hl7v2.HL7v2BatchProperties" version="4.4.0">
                <splitType>MSH_Segment</splitType>
                <batchScript></batchScript>
              </batchProperties>
              <responseGenerationProperties class="com.mirth.connect.plugins.datatypes.hl7v2.HL7v2ResponseGenerationProperties" version="4.4.0">
                <segmentDelimiter>\r</segmentDelimiter>
                <successfulACKCode>AA</successfulACKCode>
                <successfulACKMessage></successfulACKMessage>
                <errorACKCode>AE</errorACKCode>
                <errorACKMessage>An Error Occurred Processing Message.</errorACKMessage>
                <rejectedACKCode>AR</rejectedACKCode>
                <rejectedACKMessage>Message Rejected.</rejectedACKMessage>
                <msh15ACKAccept>false</msh15ACKAccept>
                <dateFormat>yyyyMMddHHmmss.SSS</dateFormat>
              </responseGenerationProperties>
              <responseValidationProperties class="com.mirth.connect.plugins.datatypes.hl7v2.HL7v2ResponseValidationProperties" version="4.4.0">
                <successfulACKCode>AA,CA</successfulACKCode>
                <errorACKCode>AE,CE</errorACKCode>
                <rejectedACKCode>AR,CR</rejectedACKCode>
                <validateMessageControlId>true</validateMessageControlId>
                <originalMessageControlId>Destination_Encoded</originalMessageControlId>
                <originalIdMapVariable></originalIdMapVariable>
              </responseValidationProperties>
            </inboundProperties>
            <outboundProperties class="com.mirth.connect.plugins.datatypes.hl7v2.HL7v2DataTypeProperties" version="4.4.0">
              <serializationProperties class="com.mirth.connect.plugins.datatypes.hl7v2.HL7v2SerializationProperties" version="4.4.0">
                <handleRepetitions>true</handleRepetitions>
                <handleSubcomponents>true</handleSubcomponents>
                <useStrictParser>false</useStrictParser>
                <useStrictValidation>false</useStrictValidation>
                <stripNamespaces>false</stripNamespaces>
                <segmentDelimiter>\r</segmentDelimiter>
                <convertLineBreaks>true</convertLineBreaks>
              </serializationProperties>
              <deserializationProperties class="com.mirth.connect.plugins.datatypes.hl7v2.HL7v2DeserializationProperties" version="4.4.0">
                <useStrictParser>false</useStrictParser>
                <useStrictValidation>false</useStrictValidation>
                <segmentDelimiter>\r</segmentDelimiter>
              </deserializationProperties>
              <batchProperties class="com.mirth.connect.plugins.datatypes.hl7v2.HL7v2BatchProperties" version="4.4.0">
                <splitType>MSH_Segment</splitType>
                <batchScript></batchScript>
              </batchProperties>
              <responseGenerationProperties class="com.mirth.connect.plugins.datatypes.hl7v2.HL7v2ResponseGenerationProperties" version="4.4.0">
                <segmentDelimiter>\r</segmentDelimiter>
                <successfulACKCode>AA</successfulACKCode>
                <successfulACKMessage></successfulACKMessage>
                <errorACKCode>AE</errorACKCode>
                <errorACKMessage>An Error Occurred Processing Message.</errorACKMessage>
                <rejectedACKCode>AR</rejectedACKCode>
                <rejectedACKMessage>Message Rejected.</rejectedACKMessage>
                <msh15ACKAccept>false</msh15ACKAccept>
                <dateFormat>yyyyMMddHHmmss.SSS</dateFormat>
              </responseGenerationProperties>
              <responseValidationProperties class="com.mirth.connect.plugins.datatypes.hl7v2.HL7v2ResponseValidationProperties" version="4.4.0">
                <successfulACKCode>AA,CA</successfulACKCode>
                <errorACKCode>AE,CE</errorACKCode>
                <rejectedACKCode>AR,CR</rejectedACKCode>
                <validateMessageControlId>true</validateMessageControlId>
                <originalMessageControlId>Destination_Encoded</originalMessageControlId>
                <originalIdMapVariable></originalIdMapVariable>
              </responseValidationProperties>
            </outboundProperties>
          </transformer>
          <responseTransformer version="4.4.0">
            <elements/>
            <inboundDataType>HL7V2</inboundDataType>
            <outboundDataType>HL7V2</outboundDataType>
            <inboundProperties class="com.mirth.connect.plugins.datatypes.hl7v2.HL7v2DataTypeProperties" version="4.4.0">
              <serializationProperties class="com.mirth.connect.plugins.datatypes.hl7v2.HL7v2SerializationProperties" version="4.4.0">
                <handleRepetitions>true</handleRepetitions>
                <handleSubcomponents>true</handleSubcomponents>
                <useStrictParser>false</useStrictParser>
                <useStrictValidation>false</useStrictValidation>
                <stripNamespaces>false</stripNamespaces>
                <segmentDelimiter>\r</segmentDelimiter>
                <convertLineBreaks>true</convertLineBreaks>
              </serializationProperties>
              <deserializationProperties class="com.mirth.connect.plugins.datatypes.hl7v2.HL7v2DeserializationProperties" version="4.4.0">
                <useStrictParser>false</useStrictParser>
                <useStrictValidation>false</useStrictValidation>
                <segmentDelimiter>\r</segmentDelimiter>
              </deserializationProperties>
              <batchProperties class="com.mirth.connect.plugins.datatypes.hl7v2.HL7v2BatchProperties" version="4.4.0">
                <splitType>MSH_Segment</splitType>
                <batchScript></batchScript>
              </batchProperties>
              <responseGenerationProperties class="com.mirth.connect.plugins.datatypes.hl7v2.HL7v2ResponseGenerationProperties" version="4.4.0">
                <segmentDelimiter>\r</segmentDelimiter>
                <successfulACKCode>AA</successfulACKCode>
                <successfulACKMessage></successfulACKMessage>
                <errorACKCode>AE</errorACKCode>
                <errorACKMessage>An Error Occurred Processing Message.</errorACKMessage>
                <rejectedACKCode>AR</rejectedACKCode>
                <rejectedACKMessage>Message Rejected.</rejectedACKMessage>
                <msh15ACKAccept>false</msh15ACKAccept>
                <dateFormat>yyyyMMddHHmmss.SSS</dateFormat>
              </responseGenerationProperties>
              <responseValidationProperties class="com.mirth.connect.plugins.datatypes.hl7v2.HL7v2ResponseValidationProperties" version="4.4.0">
                <successfulACKCode>AA,CA</successfulACKCode>
                <errorACKCode>AE,CE</errorACKCode>
                <rejectedACKCode>AR,CR</rejectedACKCode>
                <validateMessageControlId>true</validateMessageControlId>
                <originalMessageControlId>Destination_Encoded</originalMessageControlId>
                <originalIdMapVariable></originalIdMapVariable>
              </responseValidationProperties>
            </inboundProperties>
            <outboundProperties class="com.mirth.connect.plugins.datatypes.hl7v2.HL7v2DataTypeProperties" version="4.4.0">
              <serializationProperties class="com.mirth.connect.plugins.datatypes.hl7v2.HL7v2SerializationProperties" version="4.4.0">
                <handleRepetitions>true</handleRepetitions>
                <handleSubcomponents>true</handleSubcomponents>
                <useStrictParser>false</useStrictParser>
                <useStrictValidation>false</useStrictValidation>
                <stripNamespaces>false</stripNamespaces>
                <segmentDelimiter>\r</segmentDelimiter>
                <convertLineBreaks>true</convertLineBreaks>
              </serializationProperties>
              <deserializationProperties class="com.mirth.connect.plugins.datatypes.hl7v2.HL7v2DeserializationProperties" version="4.4.0">
                <useStrictParser>false</useStrictParser>
                <useStrictValidation>false</useStrictValidation>
                <segmentDelimiter>\r</segmentDelimiter>
              </deserializationProperties>
              <batchProperties class="com.mirth.connect.plugins.datatypes.hl7v2.HL7v2BatchProperties" version="4.4.0">
                <splitType>MSH_Segment</splitType>
                <batchScript></batchScript>
              </batchProperties>
              <responseGenerationProperties class="com.mirth.connect.plugins.datatypes.hl7v2.HL7v2ResponseGenerationProperties" version="4.4.0">
                <segmentDelimiter>\r</segmentDelimiter>
                <successfulACKCode>AA</successfulACKCode>
                <successfulACKMessage></successfulACKMessage>
                <errorACKCode>AE</errorACKCode>
                <errorACKMessage>An Error Occurred Processing Message.</errorACKMessage>
                <rejectedACKCode>AR</rejectedACKCode>
                <rejectedACKMessage>Message Rejected.</rejectedACKMessage>
                <msh15ACKAccept>false</msh15ACKAccept>
                <dateFormat>yyyyMMddHHmmss.SSS</dateFormat>
              </responseGenerationProperties>
              <responseValidationProperties class="com.mirth.connect.plugins.datatypes.hl7v2.HL7v2ResponseValidationProperties" version="4.4.0">
                <successfulACKCode>AA,CA</successfulACKCode>
                <errorACKCode>AE,CE</errorACKCode>
                <rejectedACKCode>AR,CR</rejectedACKCode>
                <validateMessageControlId>true</validateMessageControlId>
                <originalMessageControlId>Destination_Encoded</originalMessageControlId>
                <originalIdMapVariable></originalIdMapVariable>
              </responseValidationProperties>
            </outboundProperties>
          </responseTransformer>
          <filter version="4.4.0">
            <elements/>
          </filter>
          <transportName>SMTP Sender</transportName>
          <mode>DESTINATION</mode>
          <enabled>true</enabled>
          <waitForPrevious>true</waitForPrevious>
        </connector>
        <connector version="4.4.0">
          <metaDataId>10</metaDataId>
          <name>Destination 10</name>
          <properties class="com.mirth.connect.connectors.tcp.TcpDispatcherProperties" version="4.4.0">
            <pluginProperties/>
            <destinationConnectorProperties version="4.4.0">
              <queueEnabled>false</queueEnabled>
              <sendFirst>false</sendFirst>
              <retryIntervalMillis>10000</retryIntervalMillis>
              <regenerateTemplate>false</regenerateTemplate>
              <retryCount>0</retryCount>
              <rotate>false</rotate>
              <includeFilterTransformer>false</includeFilterTransformer>
              <threadCount>1</threadCount>
              <threadAssignmentVariable></threadAssignmentVariable>
              <validateResponse>true</validateResponse>
              <resourceIds class="linked-hash-map">
                <entry>
                  <string>Default Resource</string>
                  <string>[Default Resource]</string>
                </entry>
              </resourceIds>
              <queueBufferSize>1000</queueBufferSize>
              <reattachAttachments>true</reattachAttachments>
            </destinationConnectorProperties>
            <transmissionModeProperties class="com.mirth.connect.plugins.mllpmode.MLLPModeProperties">
              <pluginPointName>MLLP</pluginPointName>
              <startOfMessageBytes>0B</startOfMessageBytes>
              <endOfMessageBytes>1C0D</endOfMessageBytes>
              <useMLLPv2>false</useMLLPv2>
              <ackBytes>06</ackBytes>
              <nackBytes>15</nackBytes>
              <maxRetries>2</maxRetries>
            </transmissionModeProperties>
            <serverMode>false</serverMode>
            <remoteAddress>127.0.0.1</remoteAddress>
            <remotePort>6660</remotePort>
            <overrideLocalBinding>false</overrideLocalBinding>
            <localAddress>0.0.0.0</localAddress>
            <localPort>0</localPort>
            <sendTimeout>5000</sendTimeout>
            <bufferSize>65536</bufferSize>
            <maxConnections>10</maxConnections>
            <keepConnectionOpen>false</keepConnectionOpen>
            <checkRemoteHost>false</checkRemoteHost>
            <responseTimeout>5000</responseTimeout>
            <ignoreResponse>false</ignoreResponse>
            <queueOnResponseTimeout>true</queueOnResponseTimeout>
            <dataTypeBinary>false</dataTypeBinary>
            <charsetEncoding>DEFAULT_ENCODING</charsetEncoding>
            <template>${message.encodedData}</template>
          </properties>
          <transformer version="4.4.0">
            <elements/>
            <inboundDataType>HL7V2</inboundDataType>
            <outboundDataType>HL7V2</outboundDataType>
            <inboundProperties class="com.mirth.connect.plugins.datatypes.hl7v2.HL7v2DataTypeProperties" version="4.4.0">
              <serializationProperties class="com.mirth.connect.plugins.datatypes.hl7v2.HL7v2SerializationProperties" version="4.4.0">
                <handleRepetitions>true</handleRepetitions>
                <handleSubcomponents>true</handleSubcomponents>
                <useStrictParser>false</useStrictParser>
                <useStrictValidation>false</useStrictValidation>
                <stripNamespaces>false</stripNamespaces>
                <segmentDelimiter>\r</segmentDelimiter>
                <convertLineBreaks>true</convertLineBreaks>
              </serializationProperties>
              <deserializationProperties class="com.mirth.connect.plugins.datatypes.hl7v2.HL7v2DeserializationProperties" version="4.4.0">
                <useStrictParser>false</useStrictParser>
                <useStrictValidation>false</useStrictValidation>
                <segmentDelimiter>\r</segmentDelimiter>
              </deserializationProperties>
              <batchProperties class="com.mirth.connect.plugins.datatypes.hl7v2.HL7v2BatchProperties" version="4.4.0">
                <splitType>MSH_Segment</splitType>
                <batchScript></batchScript>
              </batchProperties>
              <responseGenerationProperties class="com.mirth.connect.plugins.datatypes.hl7v2.HL7v2ResponseGenerationProperties" version="4.4.0">
                <segmentDelimiter>\r</segmentDelimiter>
                <successfulACKCode>AA</successfulACKCode>
                <successfulACKMessage></successfulACKMessage>
                <errorACKCode>AE</errorACKCode>
                <errorACKMessage>An Error Occurred Processing Message.</errorACKMessage>
                <rejectedACKCode>AR</rejectedACKCode>
                <rejectedACKMessage>Message Rejected.</rejectedACKMessage>
                <msh15ACKAccept>false</msh15ACKAccept>
                <dateFormat>yyyyMMddHHmmss.SSS</dateFormat>
              </responseGenerationProperties>
              <responseValidationProperties class="com.mirth.connect.plugins.datatypes.hl7v2.HL7v2ResponseValidationProperties" version="4.4.0">
                <successfulACKCode>AA,CA</successfulACKCode>
                <errorACKCode>AE,CE</errorACKCode>
                <rejectedACKCode>AR,CR</rejectedACKCode>
                <validateMessageControlId>true</validateMessageControlId>
                <originalMessageControlId>Destination_Encoded</originalMessageControlId>
                <originalIdMapVariable></originalIdMapVariable>
              </responseValidationProperties>
            </inboundProperties>
            <outboundProperties class="com.mirth.connect.plugins.datatypes.hl7v2.HL7v2DataTypeProperties" version="4.4.0">
              <serializationProperties class="com.mirth.connect.plugins.datatypes.hl7v2.HL7v2SerializationProperties" version="4.4.0">
                <handleRepetitions>true</handleRepetitions>
                <handleSubcomponents>true</handleSubcomponents>
                <useStrictParser>false</useStrictParser>
                <useStrictValidation>false</useStrictValidation>
                <stripNamespaces>false</stripNamespaces>
                <segmentDelimiter>\r</segmentDelimiter>
                <convertLineBreaks>true</convertLineBreaks>
              </serializationProperties>
              <deserializationProperties class="com.mirth.connect.plugins.datatypes.hl7v2.HL7v2DeserializationProperties" version="4.4.0">
                <useStrictParser>false</useStrictParser>
                <useStrictValidation>false</useStrictValidation>
                <segmentDelimiter>\r</segmentDelimiter>
              </deserializationProperties>
              <batchProperties class="com.mirth.connect.plugins.datatypes.hl7v2.HL7v2BatchProperties" version="4.4.0">
                <splitType>MSH_Segment</splitType>
                <batchScript></batchScript>
              </batchProperties>
              <responseGenerationProperties class="com.mirth.connect.plugins.datatypes.hl7v2.HL7v2ResponseGenerationProperties" version="4.4.0">
                <segmentDelimiter>\r</segmentDelimiter>
                <successfulACKCode>AA</successfulACKCode>
                <successfulACKMessage></successfulACKMessage>
                <errorACKCode>AE</errorACKCode>
                <errorACKMessage>An Error Occurred Processing Message.</errorACKMessage>
                <rejectedACKCode>AR</rejectedACKCode>
                <rejectedACKMessage>Message Rejected.</rejectedACKMessage>
                <msh15ACKAccept>false</msh15ACKAccept>
                <dateFormat>yyyyMMddHHmmss.SSS</dateFormat>
              </responseGenerationProperties>
              <responseValidationProperties class="com.mirth.connect.plugins.datatypes.hl7v2.HL7v2ResponseValidationProperties" version="4.4.0">
                <successfulACKCode>AA,CA</successfulACKCode>
                <errorACKCode>AE,CE</errorACKCode>
                <rejectedACKCode>AR,CR</rejectedACKCode>
                <validateMessageControlId>true</validateMessageControlId>
                <originalMessageControlId>Destination_Encoded</originalMessageControlId>
                <originalIdMapVariable></originalIdMapVariable>
              </responseValidationProperties>
            </outboundProperties>
          </transformer>
          <responseTransformer version="4.4.0">
            <elements/>
            <inboundDataType>HL7V2</inboundDataType>
            <outboundDataType>HL7V2</outboundDataType>
            <inboundProperties class="com.mirth.connect.plugins.datatypes.hl7v2.HL7v2DataTypeProperties" version="4.4.0">
              <serializationProperties class="com.mirth.connect.plugins.datatypes.hl7v2.HL7v2SerializationProperties" version="4.4.0">
                <handleRepetitions>true</handleRepetitions>
                <handleSubcomponents>true</handleSubcomponents>
                <useStrictParser>false</useStrictParser>
                <useStrictValidation>false</useStrictValidation>
                <stripNamespaces>false</stripNamespaces>
                <segmentDelimiter>\r</segmentDelimiter>
                <convertLineBreaks>true</convertLineBreaks>
              </serializationProperties>
              <deserializationProperties class="com.mirth.connect.plugins.datatypes.hl7v2.HL7v2DeserializationProperties" version="4.4.0">
                <useStrictParser>false</useStrictParser>
                <useStrictValidation>false</useStrictValidation>
                <segmentDelimiter>\r</segmentDelimiter>
              </deserializationProperties>
              <batchProperties class="com.mirth.connect.plugins.datatypes.hl7v2.HL7v2BatchProperties" version="4.4.0">
                <splitType>MSH_Segment</splitType>
                <batchScript></batchScript>
              </batchProperties>
              <responseGenerationProperties class="com.mirth.connect.plugins.datatypes.hl7v2.HL7v2ResponseGenerationProperties" version="4.4.0">
                <segmentDelimiter>\r</segmentDelimiter>
                <successfulACKCode>AA</successfulACKCode>
                <successfulACKMessage></successfulACKMessage>
                <errorACKCode>AE</errorACKCode>
                <errorACKMessage>An Error Occurred Processing Message.</errorACKMessage>
                <rejectedACKCode>AR</rejectedACKCode>
                <rejectedACKMessage>Message Rejected.</rejectedACKMessage>
                <msh15ACKAccept>false</msh15ACKAccept>
                <dateFormat>yyyyMMddHHmmss.SSS</dateFormat>
              </responseGenerationProperties>
              <responseValidationProperties class="com.mirth.connect.plugins.datatypes.hl7v2.HL7v2ResponseValidationProperties" version="4.4.0">
                <successfulACKCode>AA,CA</successfulACKCode>
                <errorACKCode>AE,CE</errorACKCode>
                <rejectedACKCode>AR,CR</rejectedACKCode>
                <validateMessageControlId>true</validateMessageControlId>
                <originalMessageControlId>Destination_Encoded</originalMessageControlId>
                <originalIdMapVariable></originalIdMapVariable>
              </responseValidationProperties>
            </inboundProperties>
            <outboundProperties class="com.mirth.connect.plugins.datatypes.hl7v2.HL7v2DataTypeProperties" version="4.4.0">
              <serializationProperties class="com.mirth.connect.plugins.datatypes.hl7v2.HL7v2SerializationProperties" version="4.4.0">
                <handleRepetitions>true</handleRepetitions>
                <handleSubcomponents>true</handleSubcomponents>
                <useStrictParser>false</useStrictParser>
                <useStrictValidation>false</useStrictValidation>
                <stripNamespaces>false</stripNamespaces>
                <segmentDelimiter>\r</segmentDelimiter>
                <convertLineBreaks>true</convertLineBreaks>
              </serializationProperties>
              <deserializationProperties class="com.mirth.connect.plugins.datatypes.hl7v2.HL7v2DeserializationProperties" version="4.4.0">
                <useStrictParser>false</useStrictParser>
                <useStrictValidation>false</useStrictValidation>
                <segmentDelimiter>\r</segmentDelimiter>
              </deserializationProperties>
              <batchProperties class="com.mirth.connect.plugins.datatypes.hl7v2.HL7v2BatchProperties" version="4.4.0">
                <splitType>MSH_Segment</splitType>
                <batchScript></batchScript>
              </batchProperties>
              <responseGenerationProperties class="com.mirth.connect.plugins.datatypes.hl7v2.HL7v2ResponseGenerationProperties" version="4.4.0">
                <segmentDelimiter>\r</segmentDelimiter>
                <successfulACKCode>AA</successfulACKCode>
                <successfulACKMessage></successfulACKMessage>
                <errorACKCode>AE</errorACKCode>
                <errorACKMessage>An Error Occurred Processing Message.</errorACKMessage>
                <rejectedACKCode>AR</rejectedACKCode>
                <rejectedACKMessage>Message Rejected.</rejectedACKMessage>
                <msh15ACKAccept>false</msh15ACKAccept>
                <dateFormat>yyyyMMddHHmmss.SSS</dateFormat>
              </responseGenerationProperties>
              <responseValidationProperties class="com.mirth.connect.plugins.datatypes.hl7v2.HL7v2ResponseValidationProperties" version="4.4.0">
                <successfulACKCode>AA,CA</successfulACKCode>
                <errorACKCode>AE,CE</errorACKCode>
                <rejectedACKCode>AR,CR</rejectedACKCode>
                <validateMessageControlId>true</validateMessageControlId>
                <originalMessageControlId>Destination_Encoded</originalMessageControlId>
                <originalIdMapVariable></originalIdMapVariable>
              </responseValidationProperties>
            </outboundProperties>
          </responseTransformer>
          <filter version="4.4.0">
            <elements/>
          </filter>
          <transportName>TCP Sender</transportName>
          <mode>DESTINATION</mode>
          <enabled>true</enabled>
          <waitForPrevious>true</waitForPrevious>
        </connector>
        <connector version="4.4.0">
          <metaDataId>11</metaDataId>
          <name>Destination 11</name>
          <properties class="com.mirth.connect.connectors.ws.WebServiceDispatcherProperties" version="4.4.0">
            <pluginProperties/>
            <destinationConnectorProperties version="4.4.0">
              <queueEnabled>false</queueEnabled>
              <sendFirst>false</sendFirst>
              <retryIntervalMillis>10000</retryIntervalMillis>
              <regenerateTemplate>false</regenerateTemplate>
              <retryCount>0</retryCount>
              <rotate>false</rotate>
              <includeFilterTransformer>false</includeFilterTransformer>
              <threadCount>1</threadCount>
              <threadAssignmentVariable></threadAssignmentVariable>
              <validateResponse>false</validateResponse>
              <resourceIds class="linked-hash-map">
                <entry>
                  <string>Default Resource</string>
                  <string>[Default Resource]</string>
                </entry>
              </resourceIds>
              <queueBufferSize>1000</queueBufferSize>
              <reattachAttachments>true</reattachAttachments>
            </destinationConnectorProperties>
            <wsdlUrl></wsdlUrl>
            <service></service>
            <port></port>
            <operation>Press Get Operations</operation>
            <locationURI></locationURI>
            <socketTimeout>30000</socketTimeout>
            <useAuthentication>false</useAuthentication>
            <username></username>
            <password></password>
            <envelope></envelope>
            <oneWay>false</oneWay>
            <headers/>
            <headersVariable></headersVariable>
            <isUseHeadersVariable>false</isUseHeadersVariable>
            <useMtom>false</useMtom>
            <attachmentNames/>
            <attachmentContents/>
            <attachmentTypes/>
            <attachmentsVariable></attachmentsVariable>
            <isUseAttachmentsVariable>false</isUseAttachmentsVariable>
            <soapAction></soapAction>
            <wsdlDefinitionMap>
              <map class="linked-hash-map"/>
            </wsdlDefinitionMap>
          </properties>
          <transformer version="4.4.0">
            <elements/>
            <inboundDataType>HL7V2</inboundDataType>
            <outboundDataType>HL7V2</outboundDataType>
            <inboundProperties class="com.mirth.connect.plugins.datatypes.hl7v2.HL7v2DataTypeProperties" version="4.4.0">
              <serializationProperties class="com.mirth.connect.plugins.datatypes.hl7v2.HL7v2SerializationProperties" version="4.4.0">
                <handleRepetitions>true</handleRepetitions>
                <handleSubcomponents>true</handleSubcomponents>
                <useStrictParser>false</useStrictParser>
                <useStrictValidation>false</useStrictValidation>
                <stripNamespaces>false</stripNamespaces>
                <segmentDelimiter>\r</segmentDelimiter>
                <convertLineBreaks>true</convertLineBreaks>
              </serializationProperties>
              <deserializationProperties class="com.mirth.connect.plugins.datatypes.hl7v2.HL7v2DeserializationProperties" version="4.4.0">
                <useStrictParser>false</useStrictParser>
                <useStrictValidation>false</useStrictValidation>
                <segmentDelimiter>\r</segmentDelimiter>
              </deserializationProperties>
              <batchProperties class="com.mirth.connect.plugins.datatypes.hl7v2.HL7v2BatchProperties" version="4.4.0">
                <splitType>MSH_Segment</splitType>
                <batchScript></batchScript>
              </batchProperties>
              <responseGenerationProperties class="com.mirth.connect.plugins.datatypes.hl7v2.HL7v2ResponseGenerationProperties" version="4.4.0">
                <segmentDelimiter>\r</segmentDelimiter>
                <successfulACKCode>AA</successfulACKCode>
                <successfulACKMessage></successfulACKMessage>
                <errorACKCode>AE</errorACKCode>
                <errorACKMessage>An Error Occurred Processing Message.</errorACKMessage>
                <rejectedACKCode>AR</rejectedACKCode>
                <rejectedACKMessage>Message Rejected.</rejectedACKMessage>
                <msh15ACKAccept>false</msh15ACKAccept>
                <dateFormat>yyyyMMddHHmmss.SSS</dateFormat>
              </responseGenerationProperties>
              <responseValidationProperties class="com.mirth.connect.plugins.datatypes.hl7v2.HL7v2ResponseValidationProperties" version="4.4.0">
                <successfulACKCode>AA,CA</successfulACKCode>
                <errorACKCode>AE,CE</errorACKCode>
                <rejectedACKCode>AR,CR</rejectedACKCode>
                <validateMessageControlId>true</validateMessageControlId>
                <originalMessageControlId>Destination_Encoded</originalMessageControlId>
                <originalIdMapVariable></originalIdMapVariable>
              </responseValidationProperties>
            </inboundProperties>
            <outboundProperties class="com.mirth.connect.plugins.datatypes.hl7v2.HL7v2DataTypeProperties" version="4.4.0">
              <serializationProperties class="com.mirth.connect.plugins.datatypes.hl7v2.HL7v2SerializationProperties" version="4.4.0">
                <handleRepetitions>true</handleRepetitions>
                <handleSubcomponents>true</handleSubcomponents>
                <useStrictParser>false</useStrictParser>
                <useStrictValidation>false</useStrictValidation>
                <stripNamespaces>false</stripNamespaces>
                <segmentDelimiter>\r</segmentDelimiter>
                <convertLineBreaks>true</convertLineBreaks>
              </serializationProperties>
              <deserializationProperties class="com.mirth.connect.plugins.datatypes.hl7v2.HL7v2DeserializationProperties" version="4.4.0">
                <useStrictParser>false</useStrictParser>
                <useStrictValidation>false</useStrictValidation>
                <segmentDelimiter>\r</segmentDelimiter>
              </deserializationProperties>
              <batchProperties class="com.mirth.connect.plugins.datatypes.hl7v2.HL7v2BatchProperties" version="4.4.0">
                <splitType>MSH_Segment</splitType>
                <batchScript></batchScript>
              </batchProperties>
              <responseGenerationProperties class="com.mirth.connect.plugins.datatypes.hl7v2.HL7v2ResponseGenerationProperties" version="4.4.0">
                <segmentDelimiter>\r</segmentDelimiter>
                <successfulACKCode>AA</successfulACKCode>
                <successfulACKMessage></successfulACKMessage>
                <errorACKCode>AE</errorACKCode>
                <errorACKMessage>An Error Occurred Processing Message.</errorACKMessage>
                <rejectedACKCode>AR</rejectedACKCode>
                <rejectedACKMessage>Message Rejected.</rejectedACKMessage>
                <msh15ACKAccept>false</msh15ACKAccept>
                <dateFormat>yyyyMMddHHmmss.SSS</dateFormat>
              </responseGenerationProperties>
              <responseValidationProperties class="com.mirth.connect.plugins.datatypes.hl7v2.HL7v2ResponseValidationProperties" version="4.4.0">
                <successfulACKCode>AA,CA</successfulACKCode>
                <errorACKCode>AE,CE</errorACKCode>
                <rejectedACKCode>AR,CR</rejectedACKCode>
                <validateMessageControlId>true</validateMessageControlId>
                <originalMessageControlId>Destination_Encoded</originalMessageControlId>
                <originalIdMapVariable></originalIdMapVariable>
              </responseValidationProperties>
            </outboundProperties>
          </transformer>
          <responseTransformer version="4.4.0">
            <elements/>
            <inboundDataType>HL7V2</inboundDataType>
            <outboundDataType>HL7V2</outboundDataType>
            <inboundProperties class="com.mirth.connect.plugins.datatypes.hl7v2.HL7v2DataTypeProperties" version="4.4.0">
              <serializationProperties class="com.mirth.connect.plugins.datatypes.hl7v2.HL7v2SerializationProperties" version="4.4.0">
                <handleRepetitions>true</handleRepetitions>
                <handleSubcomponents>true</handleSubcomponents>
                <useStrictParser>false</useStrictParser>
                <useStrictValidation>false</useStrictValidation>
                <stripNamespaces>false</stripNamespaces>
                <segmentDelimiter>\r</segmentDelimiter>
                <convertLineBreaks>true</convertLineBreaks>
              </serializationProperties>
              <deserializationProperties class="com.mirth.connect.plugins.datatypes.hl7v2.HL7v2DeserializationProperties" version="4.4.0">
                <useStrictParser>false</useStrictParser>
                <useStrictValidation>false</useStrictValidation>
                <segmentDelimiter>\r</segmentDelimiter>
              </deserializationProperties>
              <batchProperties class="com.mirth.connect.plugins.datatypes.hl7v2.HL7v2BatchProperties" version="4.4.0">
                <splitType>MSH_Segment</splitType>
                <batchScript></batchScript>
              </batchProperties>
              <responseGenerationProperties class="com.mirth.connect.plugins.datatypes.hl7v2.HL7v2ResponseGenerationProperties" version="4.4.0">
                <segmentDelimiter>\r</segmentDelimiter>
                <successfulACKCode>AA</successfulACKCode>
                <successfulACKMessage></successfulACKMessage>
                <errorACKCode>AE</errorACKCode>
                <errorACKMessage>An Error Occurred Processing Message.</errorACKMessage>
                <rejectedACKCode>AR</rejectedACKCode>
                <rejectedACKMessage>Message Rejected.</rejectedACKMessage>
                <msh15ACKAccept>false</msh15ACKAccept>
                <dateFormat>yyyyMMddHHmmss.SSS</dateFormat>
              </responseGenerationProperties>
              <responseValidationProperties class="com.mirth.connect.plugins.datatypes.hl7v2.HL7v2ResponseValidationProperties" version="4.4.0">
                <successfulACKCode>AA,CA</successfulACKCode>
                <errorACKCode>AE,CE</errorACKCode>
                <rejectedACKCode>AR,CR</rejectedACKCode>
                <validateMessageControlId>true</validateMessageControlId>
                <originalMessageControlId>Destination_Encoded</originalMessageControlId>
                <originalIdMapVariable></originalIdMapVariable>
              </responseValidationProperties>
            </inboundProperties>
            <outboundProperties class="com.mirth.connect.plugins.datatypes.hl7v2.HL7v2DataTypeProperties" version="4.4.0">
              <serializationProperties class="com.mirth.connect.plugins.datatypes.hl7v2.HL7v2SerializationProperties" version="4.4.0">
                <handleRepetitions>true</handleRepetitions>
                <handleSubcomponents>true</handleSubcomponents>
                <useStrictParser>false</useStrictParser>
                <useStrictValidation>false</useStrictValidation>
                <stripNamespaces>false</stripNamespaces>
                <segmentDelimiter>\r</segmentDelimiter>
                <convertLineBreaks>true</convertLineBreaks>
              </serializationProperties>
              <deserializationProperties class="com.mirth.connect.plugins.datatypes.hl7v2.HL7v2DeserializationProperties" version="4.4.0">
                <useStrictParser>false</useStrictParser>
                <useStrictValidation>false</useStrictValidation>
                <segmentDelimiter>\r</segmentDelimiter>
              </deserializationProperties>
              <batchProperties class="com.mirth.connect.plugins.datatypes.hl7v2.HL7v2BatchProperties" version="4.4.0">
                <splitType>MSH_Segment</splitType>
                <batchScript></batchScript>
              </batchProperties>
              <responseGenerationProperties class="com.mirth.connect.plugins.datatypes.hl7v2.HL7v2ResponseGenerationProperties" version="4.4.0">
                <segmentDelimiter>\r</segmentDelimiter>
                <successfulACKCode>AA</successfulACKCode>
                <successfulACKMessage></successfulACKMessage>
                <errorACKCode>AE</errorACKCode>
                <errorACKMessage>An Error Occurred Processing Message.</errorACKMessage>
                <rejectedACKCode>AR</rejectedACKCode>
                <rejectedACKMessage>Message Rejected.</rejectedACKMessage>
                <msh15ACKAccept>false</msh15ACKAccept>
                <dateFormat>yyyyMMddHHmmss.SSS</dateFormat>
              </responseGenerationProperties>
              <responseValidationProperties class="com.mirth.connect.plugins.datatypes.hl7v2.HL7v2ResponseValidationProperties" version="4.4.0">
                <successfulACKCode>AA,CA</successfulACKCode>
                <errorACKCode>AE,CE</errorACKCode>
                <rejectedACKCode>AR,CR</rejectedACKCode>
                <validateMessageControlId>true</validateMessageControlId>
                <originalMessageControlId>Destination_Encoded</originalMessageControlId>
                <originalIdMapVariable></originalIdMapVariable>
              </responseValidationProperties>
            </outboundProperties>
          </responseTransformer>
          <filter version="4.4.0">
            <elements/>
          </filter>
          <transportName>Web Service Sender</transportName>
          <mode>DESTINATION</mode>
          <enabled>true</enabled>
          <waitForPrevious>true</waitForPrevious>
        </connector>
      </destinationConnectors>
      <preprocessingScript>// Modify the message variable below to pre process data
return message;</preprocessingScript>
      <postprocessingScript>// This script executes once after a message has been processed
// Responses returned from here will be stored as &quot;Postprocessor&quot; in the response map
return;</postprocessingScript>
      <deployScript>// This script executes once when the channel is deployed
// You only have access to the globalMap and globalChannelMap here to persist data
return;</deployScript>
      <undeployScript>// This script executes once when the channel is undeployed
// You only have access to the globalMap and globalChannelMap here to persist data
return;</undeployScript>
      <properties version="4.4.0">
        <clearGlobalChannelMap>true</clearGlobalChannelMap>
        <messageStorageMode>DEVELOPMENT</messageStorageMode>
        <encryptData>false</encryptData>
        <encryptAttachments>false</encryptAttachments>
        <encryptCustomMetaData>false</encryptCustomMetaData>
        <removeContentOnCompletion>false</removeContentOnCompletion>
        <removeOnlyFilteredOnCompletion>false</removeOnlyFilteredOnCompletion>
        <removeAttachmentsOnCompletion>false</removeAttachmentsOnCompletion>
        <initialState>STARTED</initialState>
        <storeAttachments>true</storeAttachments>
        <metaDataColumns>
          <metaDataColumn>
            <name>SOURCE</name>
            <type>STRING</type>
            <mappingName>mirth_source</mappingName>
          </metaDataColumn>
          <metaDataColumn>
            <name>TYPE</name>
            <type>STRING</type>
            <mappingName>mirth_type</mappingName>
          </metaDataColumn>
        </metaDataColumns>
        <attachmentProperties version="4.4.0">
          <type>None</type>
          <properties/>
        </attachmentProperties>
        <resourceIds class="linked-hash-map">
          <entry>
            <string>Default Resource</string>
            <string>[Default Resource]</string>
          </entry>
        </resourceIds>
      </properties>
      <exportData>
        <metadata>
          <enabled>false</enabled>
          <lastModified>
            <time>1695929546277</time>
            <timezone>Europe/Berlin</timezone>
          </lastModified>
          <pruningSettings>
            <archiveEnabled>true</archiveEnabled>
            <pruneErroredMessages>false</pruneErroredMessages>
          </pruningSettings>
          <userId>1</userId>
        </metadata>
      </exportData>
    </channel>
    <channel version="4.4.0">
      <id>ef7bb8c3-af5f-4a9c-bccc-99999</id>
      <nextMetaDataId>12</nextMetaDataId>
      <name>Multi Destinations Channel 2</name>
      <description></description>
      <revision>1</revision>
      <sourceConnector version="4.4.0">
        <metaDataId>0</metaDataId>
        <name>sourceConnector</name>
        <properties class="com.mirth.connect.connectors.http.HttpReceiverProperties" version="4.4.0">
          <pluginProperties>
            <com.mirth.connect.plugins.httpauth.NoneHttpAuthProperties version="4.4.0">
  <authType>NONE</authType>
            </com.mirth.connect.plugins.httpauth.NoneHttpAuthProperties>
          </pluginProperties>
          <listenerConnectorProperties version="4.4.0">
            <host>0.0.0.0</host>
            <port>80</port>
          </listenerConnectorProperties>
          <sourceConnectorProperties version="4.4.0">
            <responseVariable>None</responseVariable>
            <respondAfterProcessing>true</respondAfterProcessing>
            <processBatch>false</processBatch>
            <firstResponse>false</firstResponse>
            <processingThreads>1</processingThreads>
            <resourceIds class="linked-hash-map">
              <entry>
                <string>Default Resource</string>
                <string>[Default Resource]</string>
              </entry>
            </resourceIds>
            <queueBufferSize>1000</queueBufferSize>
          </sourceConnectorProperties>
          <xmlBody>false</xmlBody>
          <parseMultipart>true</parseMultipart>
          <includeMetadata>false</includeMetadata>
          <binaryMimeTypes>application/.*(?&lt;!json|xml)$|image/.*|video/.*|audio/.*</binaryMimeTypes>
          <binaryMimeTypesRegex>true</binaryMimeTypesRegex>
          <responseContentType>text/plain</responseContentType>
          <responseDataTypeBinary>false</responseDataTypeBinary>
          <responseStatusCode></responseStatusCode>
          <responseHeaders class="linked-hash-map"/>
          <responseHeadersVariable></responseHeadersVariable>
          <useResponseHeadersVariable>false</useResponseHeadersVariable>
          <charset>UTF-8</charset>
          <contextPath></contextPath>
          <timeout>30000</timeout>
          <staticResources/>
        </properties>
        <transformer version="4.4.0">
          <elements/>
          <inboundTemplate encoding="base64"></inboundTemplate>
          <inboundDataType>XML</inboundDataType>
          <outboundDataType>HL7V2</outboundDataType>
          <inboundProperties class="com.mirth.connect.plugins.datatypes.xml.XMLDataTypeProperties" version="4.4.0">
            <serializationProperties class="com.mirth.connect.plugins.datatypes.xml.XMLSerializationProperties" version="4.4.0">
              <stripNamespaces>false</stripNamespaces>
            </serializationProperties>
            <batchProperties class="com.mirth.connect.plugins.datatypes.xml.XMLBatchProperties" version="4.4.0">
              <splitType>Element_Name</splitType>
              <elementName></elementName>
              <level>1</level>
              <query></query>
              <batchScript></batchScript>
            </batchProperties>
          </inboundProperties>
          <outboundProperties class="com.mirth.connect.plugins.datatypes.hl7v2.HL7v2DataTypeProperties" version="4.4.0">
            <serializationProperties class="com.mirth.connect.plugins.datatypes.hl7v2.HL7v2SerializationProperties" version="4.4.0">
              <handleRepetitions>true</handleRepetitions>
              <handleSubcomponents>true</handleSubcomponents>
              <useStrictParser>false</useStrictParser>
              <useStrictValidation>false</useStrictValidation>
              <stripNamespaces>false</stripNamespaces>
              <segmentDelimiter>\r</segmentDelimiter>
              <convertLineBreaks>true</convertLineBreaks>
            </serializationProperties>
            <deserializationProperties class="com.mirth.connect.plugins.datatypes.hl7v2.HL7v2DeserializationProperties" version="4.4.0">
              <useStrictParser>false</useStrictParser>
              <useStrictValidation>false</useStrictValidation>
              <segmentDelimiter>\r</segmentDelimiter>
            </deserializationProperties>
            <batchProperties class="com.mirth.connect.plugins.datatypes.hl7v2.HL7v2BatchProperties" version="4.4.0">
              <splitType>MSH_Segment</splitType>
              <batchScript></batchScript>
            </batchProperties>
            <responseGenerationProperties class="com.mirth.connect.plugins.datatypes.hl7v2.HL7v2ResponseGenerationProperties" version="4.4.0">
              <segmentDelimiter>\r</segmentDelimiter>
              <successfulACKCode>AA</successfulACKCode>
              <successfulACKMessage></successfulACKMessage>
              <errorACKCode>AE</errorACKCode>
              <errorACKMessage>An Error Occurred Processing Message.</errorACKMessage>
              <rejectedACKCode>AR</rejectedACKCode>
              <rejectedACKMessage>Message Rejected.</rejectedACKMessage>
              <msh15ACKAccept>false</msh15ACKAccept>
              <dateFormat>yyyyMMddHHmmss.SSS</dateFormat>
            </responseGenerationProperties>
            <responseValidationProperties class="com.mirth.connect.plugins.datatypes.hl7v2.HL7v2ResponseValidationProperties" version="4.4.0">
              <successfulACKCode>AA,CA</successfulACKCode>
              <errorACKCode>AE,CE</errorACKCode>
              <rejectedACKCode>AR,CR</rejectedACKCode>
              <validateMessageControlId>true</validateMessageControlId>
              <originalMessageControlId>Destination_Encoded</originalMessageControlId>
              <originalIdMapVariable></originalIdMapVariable>
            </responseValidationProperties>
          </outboundProperties>
        </transformer>
        <filter version="4.4.0">
          <elements/>
        </filter>
        <transportName>HTTP Listener</transportName>
        <mode>SOURCE</mode>
        <enabled>true</enabled>
        <waitForPrevious>true</waitForPrevious>
      </sourceConnector>
      <destinationConnectors>
        <connector version="4.4.0">
          <metaDataId>8</metaDataId>
          <name>Destination 8</name>
          <properties class="com.mirth.connect.connectors.js.JavaScriptDispatcherProperties" version="4.4.0">
            <pluginProperties/>
            <destinationConnectorProperties version="4.4.0">
              <queueEnabled>false</queueEnabled>
              <sendFirst>false</sendFirst>
              <retryIntervalMillis>10000</retryIntervalMillis>
              <regenerateTemplate>false</regenerateTemplate>
              <retryCount>0</retryCount>
              <rotate>false</rotate>
              <includeFilterTransformer>false</includeFilterTransformer>
              <threadCount>1</threadCount>
              <threadAssignmentVariable></threadAssignmentVariable>
              <validateResponse>false</validateResponse>
              <resourceIds class="linked-hash-map">
                <entry>
                  <string>Default Resource</string>
                  <string>[Default Resource]</string>
                </entry>
              </resourceIds>
              <queueBufferSize>1000</queueBufferSize>
              <reattachAttachments>true</reattachAttachments>
            </destinationConnectorProperties>
            <script></script>
          </properties>
          <transformer version="4.4.0">
            <elements/>
            <inboundDataType>HL7V2</inboundDataType>
            <outboundDataType>HL7V2</outboundDataType>
            <inboundProperties class="com.mirth.connect.plugins.datatypes.hl7v2.HL7v2DataTypeProperties" version="4.4.0">
              <serializationProperties class="com.mirth.connect.plugins.datatypes.hl7v2.HL7v2SerializationProperties" version="4.4.0">
                <handleRepetitions>true</handleRepetitions>
                <handleSubcomponents>true</handleSubcomponents>
                <useStrictParser>false</useStrictParser>
                <useStrictValidation>false</useStrictValidation>
                <stripNamespaces>false</stripNamespaces>
                <segmentDelimiter>\r</segmentDelimiter>
                <convertLineBreaks>true</convertLineBreaks>
              </serializationProperties>
              <deserializationProperties class="com.mirth.connect.plugins.datatypes.hl7v2.HL7v2DeserializationProperties" version="4.4.0">
                <useStrictParser>false</useStrictParser>
                <useStrictValidation>false</useStrictValidation>
                <segmentDelimiter>\r</segmentDelimiter>
              </deserializationProperties>
              <batchProperties class="com.mirth.connect.plugins.datatypes.hl7v2.HL7v2BatchProperties" version="4.4.0">
                <splitType>MSH_Segment</splitType>
                <batchScript></batchScript>
              </batchProperties>
              <responseGenerationProperties class="com.mirth.connect.plugins.datatypes.hl7v2.HL7v2ResponseGenerationProperties" version="4.4.0">
                <segmentDelimiter>\r</segmentDelimiter>
                <successfulACKCode>AA</successfulACKCode>
                <successfulACKMessage></successfulACKMessage>
                <errorACKCode>AE</errorACKCode>
                <errorACKMessage>An Error Occurred Processing Message.</errorACKMessage>
                <rejectedACKCode>AR</rejectedACKCode>
                <rejectedACKMessage>Message Rejected.</rejectedACKMessage>
                <msh15ACKAccept>false</msh15ACKAccept>
                <dateFormat>yyyyMMddHHmmss.SSS</dateFormat>
              </responseGenerationProperties>
              <responseValidationProperties class="com.mirth.connect.plugins.datatypes.hl7v2.HL7v2ResponseValidationProperties" version="4.4.0">
                <successfulACKCode>AA,CA</successfulACKCode>
                <errorACKCode>AE,CE</errorACKCode>
                <rejectedACKCode>AR,CR</rejectedACKCode>
                <validateMessageControlId>true</validateMessageControlId>
                <originalMessageControlId>Destination_Encoded</originalMessageControlId>
                <originalIdMapVariable></originalIdMapVariable>
              </responseValidationProperties>
            </inboundProperties>
            <outboundProperties class="com.mirth.connect.plugins.datatypes.hl7v2.HL7v2DataTypeProperties" version="4.4.0">
              <serializationProperties class="com.mirth.connect.plugins.datatypes.hl7v2.HL7v2SerializationProperties" version="4.4.0">
                <handleRepetitions>true</handleRepetitions>
                <handleSubcomponents>true</handleSubcomponents>
                <useStrictParser>false</useStrictParser>
                <useStrictValidation>false</useStrictValidation>
                <stripNamespaces>false</stripNamespaces>
                <segmentDelimiter>\r</segmentDelimiter>
                <convertLineBreaks>true</convertLineBreaks>
              </serializationProperties>
              <deserializationProperties class="com.mirth.connect.plugins.datatypes.hl7v2.HL7v2DeserializationProperties" version="4.4.0">
                <useStrictParser>false</useStrictParser>
                <useStrictValidation>false</useStrictValidation>
                <segmentDelimiter>\r</segmentDelimiter>
              </deserializationProperties>
              <batchProperties class="com.mirth.connect.plugins.datatypes.hl7v2.HL7v2BatchProperties" version="4.4.0">
                <splitType>MSH_Segment</splitType>
                <batchScript></batchScript>
              </batchProperties>
              <responseGenerationProperties class="com.mirth.connect.plugins.datatypes.hl7v2.HL7v2ResponseGenerationProperties" version="4.4.0">
                <segmentDelimiter>\r</segmentDelimiter>
                <successfulACKCode>AA</successfulACKCode>
                <successfulACKMessage></successfulACKMessage>
                <errorACKCode>AE</errorACKCode>
                <errorACKMessage>An Error Occurred Processing Message.</errorACKMessage>
                <rejectedACKCode>AR</rejectedACKCode>
                <rejectedACKMessage>Message Rejected.</rejectedACKMessage>
                <msh15ACKAccept>false</msh15ACKAccept>
                <dateFormat>yyyyMMddHHmmss.SSS</dateFormat>
              </responseGenerationProperties>
              <responseValidationProperties class="com.mirth.connect.plugins.datatypes.hl7v2.HL7v2ResponseValidationProperties" version="4.4.0">
                <successfulACKCode>AA,CA</successfulACKCode>
                <errorACKCode>AE,CE</errorACKCode>
                <rejectedACKCode>AR,CR</rejectedACKCode>
                <validateMessageControlId>true</validateMessageControlId>
                <originalMessageControlId>Destination_Encoded</originalMessageControlId>
                <originalIdMapVariable></originalIdMapVariable>
              </responseValidationProperties>
            </outboundProperties>
          </transformer>
          <responseTransformer version="4.4.0">
            <elements/>
            <inboundDataType>HL7V2</inboundDataType>
            <outboundDataType>HL7V2</outboundDataType>
            <inboundProperties class="com.mirth.connect.plugins.datatypes.hl7v2.HL7v2DataTypeProperties" version="4.4.0">
              <serializationProperties class="com.mirth.connect.plugins.datatypes.hl7v2.HL7v2SerializationProperties" version="4.4.0">
                <handleRepetitions>true</handleRepetitions>
                <handleSubcomponents>true</handleSubcomponents>
                <useStrictParser>false</useStrictParser>
                <useStrictValidation>false</useStrictValidation>
                <stripNamespaces>false</stripNamespaces>
                <segmentDelimiter>\r</segmentDelimiter>
                <convertLineBreaks>true</convertLineBreaks>
              </serializationProperties>
              <deserializationProperties class="com.mirth.connect.plugins.datatypes.hl7v2.HL7v2DeserializationProperties" version="4.4.0">
                <useStrictParser>false</useStrictParser>
                <useStrictValidation>false</useStrictValidation>
                <segmentDelimiter>\r</segmentDelimiter>
              </deserializationProperties>
              <batchProperties class="com.mirth.connect.plugins.datatypes.hl7v2.HL7v2BatchProperties" version="4.4.0">
                <splitType>MSH_Segment</splitType>
                <batchScript></batchScript>
              </batchProperties>
              <responseGenerationProperties class="com.mirth.connect.plugins.datatypes.hl7v2.HL7v2ResponseGenerationProperties" version="4.4.0">
                <segmentDelimiter>\r</segmentDelimiter>
                <successfulACKCode>AA</successfulACKCode>
                <successfulACKMessage></successfulACKMessage>
                <errorACKCode>AE</errorACKCode>
                <errorACKMessage>An Error Occurred Processing Message.</errorACKMessage>
                <rejectedACKCode>AR</rejectedACKCode>
                <rejectedACKMessage>Message Rejected.</rejectedACKMessage>
                <msh15ACKAccept>false</msh15ACKAccept>
                <dateFormat>yyyyMMddHHmmss.SSS</dateFormat>
              </responseGenerationProperties>
              <responseValidationProperties class="com.mirth.connect.plugins.datatypes.hl7v2.HL7v2ResponseValidationProperties" version="4.4.0">
                <successfulACKCode>AA,CA</successfulACKCode>
                <errorACKCode>AE,CE</errorACKCode>
                <rejectedACKCode>AR,CR</rejectedACKCode>
                <validateMessageControlId>true</validateMessageControlId>
                <originalMessageControlId>Destination_Encoded</originalMessageControlId>
                <originalIdMapVariable></originalIdMapVariable>
              </responseValidationProperties>
            </inboundProperties>
            <outboundProperties class="com.mirth.connect.plugins.datatypes.hl7v2.HL7v2DataTypeProperties" version="4.4.0">
              <serializationProperties class="com.mirth.connect.plugins.datatypes.hl7v2.HL7v2SerializationProperties" version="4.4.0">
                <handleRepetitions>true</handleRepetitions>
                <handleSubcomponents>true</handleSubcomponents>
                <useStrictParser>false</useStrictParser>
                <useStrictValidation>false</useStrictValidation>
                <stripNamespaces>false</stripNamespaces>
                <segmentDelimiter>\r</segmentDelimiter>
                <convertLineBreaks>true</convertLineBreaks>
              </serializationProperties>
              <deserializationProperties class="com.mirth.connect.plugins.datatypes.hl7v2.HL7v2DeserializationProperties" version="4.4.0">
                <useStrictParser>false</useStrictParser>
                <useStrictValidation>false</useStrictValidation>
                <segmentDelimiter>\r</segmentDelimiter>
              </deserializationProperties>
              <batchProperties class="com.mirth.connect.plugins.datatypes.hl7v2.HL7v2BatchProperties" version="4.4.0">
                <splitType>MSH_Segment</splitType>
                <batchScript></batchScript>
              </batchProperties>
              <responseGenerationProperties class="com.mirth.connect.plugins.datatypes.hl7v2.HL7v2ResponseGenerationProperties" version="4.4.0">
                <segmentDelimiter>\r</segmentDelimiter>
                <successfulACKCode>AA</successfulACKCode>
                <successfulACKMessage></successfulACKMessage>
                <errorACKCode>AE</errorACKCode>
                <errorACKMessage>An Error Occurred Processing Message.</errorACKMessage>
                <rejectedACKCode>AR</rejectedACKCode>
                <rejectedACKMessage>Message Rejected.</rejectedACKMessage>
                <msh15ACKAccept>false</msh15ACKAccept>
                <dateFormat>yyyyMMddHHmmss.SSS</dateFormat>
              </responseGenerationProperties>
              <responseValidationProperties class="com.mirth.connect.plugins.datatypes.hl7v2.HL7v2ResponseValidationProperties" version="4.4.0">
                <successfulACKCode>AA,CA</successfulACKCode>
                <errorACKCode>AE,CE</errorACKCode>
                <rejectedACKCode>AR,CR</rejectedACKCode>
                <validateMessageControlId>true</validateMessageControlId>
                <originalMessageControlId>Destination_Encoded</originalMessageControlId>
                <originalIdMapVariable></originalIdMapVariable>
              </responseValidationProperties>
            </outboundProperties>
          </responseTransformer>
          <filter version="4.4.0">
            <elements/>
          </filter>
          <transportName>JavaScript Writer</transportName>
          <mode>DESTINATION</mode>
          <enabled>true</enabled>
          <waitForPrevious>true</waitForPrevious>
        </connector>
        <connector version="4.4.0">
          <metaDataId>9</metaDataId>
          <name>Destination 9</name>
          <properties class="com.mirth.connect.connectors.smtp.SmtpDispatcherProperties" version="4.4.0">
            <pluginProperties/>
            <destinationConnectorProperties version="4.4.0">
              <queueEnabled>false</queueEnabled>
              <sendFirst>false</sendFirst>
              <retryIntervalMillis>10000</retryIntervalMillis>
              <regenerateTemplate>false</regenerateTemplate>
              <retryCount>0</retryCount>
              <rotate>false</rotate>
              <includeFilterTransformer>false</includeFilterTransformer>
              <threadCount>1</threadCount>
              <threadAssignmentVariable></threadAssignmentVariable>
              <validateResponse>false</validateResponse>
              <resourceIds class="linked-hash-map">
                <entry>
                  <string>Default Resource</string>
                  <string>[Default Resource]</string>
                </entry>
              </resourceIds>
              <queueBufferSize>1000</queueBufferSize>
              <reattachAttachments>true</reattachAttachments>
            </destinationConnectorProperties>
            <smtpHost></smtpHost>
            <smtpPort>25</smtpPort>
            <overrideLocalBinding>false</overrideLocalBinding>
            <localAddress>0.0.0.0</localAddress>
            <localPort>0</localPort>
            <timeout>5000</timeout>
            <encryption>none</encryption>
            <authentication>false</authentication>
            <username></username>
            <password></password>
            <to></to>
            <from></from>
            <cc></cc>
            <bcc></bcc>
            <replyTo></replyTo>
            <headers class="linked-hash-map"/>
            <headersVariable></headersVariable>
            <isUseHeadersVariable>false</isUseHeadersVariable>
            <subject></subject>
            <charsetEncoding>DEFAULT_ENCODING</charsetEncoding>
            <html>false</html>
            <body></body>
            <attachments/>
            <attachmentsVariable></attachmentsVariable>
            <isUseAttachmentsVariable>false</isUseAttachmentsVariable>
          </properties>
          <transformer version="4.4.0">
            <elements/>
            <inboundDataType>HL7V2</inboundDataType>
            <outboundDataType>HL7V2</outboundDataType>
            <inboundProperties class="com.mirth.connect.plugins.datatypes.hl7v2.HL7v2DataTypeProperties" version="4.4.0">
              <serializationProperties class="com.mirth.connect.plugins.datatypes.hl7v2.HL7v2SerializationProperties" version="4.4.0">
                <handleRepetitions>true</handleRepetitions>
                <handleSubcomponents>true</handleSubcomponents>
                <useStrictParser>false</useStrictParser>
                <useStrictValidation>false</useStrictValidation>
                <stripNamespaces>false</stripNamespaces>
                <segmentDelimiter>\r</segmentDelimiter>
                <convertLineBreaks>true</convertLineBreaks>
              </serializationProperties>
              <deserializationProperties class="com.mirth.connect.plugins.datatypes.hl7v2.HL7v2DeserializationProperties" version="4.4.0">
                <useStrictParser>false</useStrictParser>
                <useStrictValidation>false</useStrictValidation>
                <segmentDelimiter>\r</segmentDelimiter>
              </deserializationProperties>
              <batchProperties class="com.mirth.connect.plugins.datatypes.hl7v2.HL7v2BatchProperties" version="4.4.0">
                <splitType>MSH_Segment</splitType>
                <batchScript></batchScript>
              </batchProperties>
              <responseGenerationProperties class="com.mirth.connect.plugins.datatypes.hl7v2.HL7v2ResponseGenerationProperties" version="4.4.0">
                <segmentDelimiter>\r</segmentDelimiter>
                <successfulACKCode>AA</successfulACKCode>
                <successfulACKMessage></successfulACKMessage>
                <errorACKCode>AE</errorACKCode>
                <errorACKMessage>An Error Occurred Processing Message.</errorACKMessage>
                <rejectedACKCode>AR</rejectedACKCode>
                <rejectedACKMessage>Message Rejected.</rejectedACKMessage>
                <msh15ACKAccept>false</msh15ACKAccept>
                <dateFormat>yyyyMMddHHmmss.SSS</dateFormat>
              </responseGenerationProperties>
              <responseValidationProperties class="com.mirth.connect.plugins.datatypes.hl7v2.HL7v2ResponseValidationProperties" version="4.4.0">
                <successfulACKCode>AA,CA</successfulACKCode>
                <errorACKCode>AE,CE</errorACKCode>
                <rejectedACKCode>AR,CR</rejectedACKCode>
                <validateMessageControlId>true</validateMessageControlId>
                <originalMessageControlId>Destination_Encoded</originalMessageControlId>
                <originalIdMapVariable></originalIdMapVariable>
              </responseValidationProperties>
            </inboundProperties>
            <outboundProperties class="com.mirth.connect.plugins.datatypes.hl7v2.HL7v2DataTypeProperties" version="4.4.0">
              <serializationProperties class="com.mirth.connect.plugins.datatypes.hl7v2.HL7v2SerializationProperties" version="4.4.0">
                <handleRepetitions>true</handleRepetitions>
                <handleSubcomponents>true</handleSubcomponents>
                <useStrictParser>false</useStrictParser>
                <useStrictValidation>false</useStrictValidation>
                <stripNamespaces>false</stripNamespaces>
                <segmentDelimiter>\r</segmentDelimiter>
                <convertLineBreaks>true</convertLineBreaks>
              </serializationProperties>
              <deserializationProperties class="com.mirth.connect.plugins.datatypes.hl7v2.HL7v2DeserializationProperties" version="4.4.0">
                <useStrictParser>false</useStrictParser>
                <useStrictValidation>false</useStrictValidation>
                <segmentDelimiter>\r</segmentDelimiter>
              </deserializationProperties>
              <batchProperties class="com.mirth.connect.plugins.datatypes.hl7v2.HL7v2BatchProperties" version="4.4.0">
                <splitType>MSH_Segment</splitType>
                <batchScript></batchScript>
              </batchProperties>
              <responseGenerationProperties class="com.mirth.connect.plugins.datatypes.hl7v2.HL7v2ResponseGenerationProperties" version="4.4.0">
                <segmentDelimiter>\r</segmentDelimiter>
                <successfulACKCode>AA</successfulACKCode>
                <successfulACKMessage></successfulACKMessage>
                <errorACKCode>AE</errorACKCode>
                <errorACKMessage>An Error Occurred Processing Message.</errorACKMessage>
                <rejectedACKCode>AR</rejectedACKCode>
                <rejectedACKMessage>Message Rejected.</rejectedACKMessage>
                <msh15ACKAccept>false</msh15ACKAccept>
                <dateFormat>yyyyMMddHHmmss.SSS</dateFormat>
              </responseGenerationProperties>
              <responseValidationProperties class="com.mirth.connect.plugins.datatypes.hl7v2.HL7v2ResponseValidationProperties" version="4.4.0">
                <successfulACKCode>AA,CA</successfulACKCode>
                <errorACKCode>AE,CE</errorACKCode>
                <rejectedACKCode>AR,CR</rejectedACKCode>
                <validateMessageControlId>true</validateMessageControlId>
                <originalMessageControlId>Destination_Encoded</originalMessageControlId>
                <originalIdMapVariable></originalIdMapVariable>
              </responseValidationProperties>
            </outboundProperties>
          </transformer>
          <responseTransformer version="4.4.0">
            <elements/>
            <inboundDataType>HL7V2</inboundDataType>
            <outboundDataType>HL7V2</outboundDataType>
            <inboundProperties class="com.mirth.connect.plugins.datatypes.hl7v2.HL7v2DataTypeProperties" version="4.4.0">
              <serializationProperties class="com.mirth.connect.plugins.datatypes.hl7v2.HL7v2SerializationProperties" version="4.4.0">
                <handleRepetitions>true</handleRepetitions>
                <handleSubcomponents>true</handleSubcomponents>
                <useStrictParser>false</useStrictParser>
                <useStrictValidation>false</useStrictValidation>
                <stripNamespaces>false</stripNamespaces>
                <segmentDelimiter>\r</segmentDelimiter>
                <convertLineBreaks>true</convertLineBreaks>
              </serializationProperties>
              <deserializationProperties class="com.mirth.connect.plugins.datatypes.hl7v2.HL7v2DeserializationProperties" version="4.4.0">
                <useStrictParser>false</useStrictParser>
                <useStrictValidation>false</useStrictValidation>
                <segmentDelimiter>\r</segmentDelimiter>
              </deserializationProperties>
              <batchProperties class="com.mirth.connect.plugins.datatypes.hl7v2.HL7v2BatchProperties" version="4.4.0">
                <splitType>MSH_Segment</splitType>
                <batchScript></batchScript>
              </batchProperties>
              <responseGenerationProperties class="com.mirth.connect.plugins.datatypes.hl7v2.HL7v2ResponseGenerationProperties" version="4.4.0">
                <segmentDelimiter>\r</segmentDelimiter>
                <successfulACKCode>AA</successfulACKCode>
                <successfulACKMessage></successfulACKMessage>
                <errorACKCode>AE</errorACKCode>
                <errorACKMessage>An Error Occurred Processing Message.</errorACKMessage>
                <rejectedACKCode>AR</rejectedACKCode>
                <rejectedACKMessage>Message Rejected.</rejectedACKMessage>
                <msh15ACKAccept>false</msh15ACKAccept>
                <dateFormat>yyyyMMddHHmmss.SSS</dateFormat>
              </responseGenerationProperties>
              <responseValidationProperties class="com.mirth.connect.plugins.datatypes.hl7v2.HL7v2ResponseValidationProperties" version="4.4.0">
                <successfulACKCode>AA,CA</successfulACKCode>
                <errorACKCode>AE,CE</errorACKCode>
                <rejectedACKCode>AR,CR</rejectedACKCode>
                <validateMessageControlId>true</validateMessageControlId>
                <originalMessageControlId>Destination_Encoded</originalMessageControlId>
                <originalIdMapVariable></originalIdMapVariable>
              </responseValidationProperties>
            </inboundProperties>
            <outboundProperties class="com.mirth.connect.plugins.datatypes.hl7v2.HL7v2DataTypeProperties" version="4.4.0">
              <serializationProperties class="com.mirth.connect.plugins.datatypes.hl7v2.HL7v2SerializationProperties" version="4.4.0">
                <handleRepetitions>true</handleRepetitions>
                <handleSubcomponents>true</handleSubcomponents>
                <useStrictParser>false</useStrictParser>
                <useStrictValidation>false</useStrictValidation>
                <stripNamespaces>false</stripNamespaces>
                <segmentDelimiter>\r</segmentDelimiter>
                <convertLineBreaks>true</convertLineBreaks>
              </serializationProperties>
              <deserializationProperties class="com.mirth.connect.plugins.datatypes.hl7v2.HL7v2DeserializationProperties" version="4.4.0">
                <useStrictParser>false</useStrictParser>
                <useStrictValidation>false</useStrictValidation>
                <segmentDelimiter>\r</segmentDelimiter>
              </deserializationProperties>
              <batchProperties class="com.mirth.connect.plugins.datatypes.hl7v2.HL7v2BatchProperties" version="4.4.0">
                <splitType>MSH_Segment</splitType>
                <batchScript></batchScript>
              </batchProperties>
              <responseGenerationProperties class="com.mirth.connect.plugins.datatypes.hl7v2.HL7v2ResponseGenerationProperties" version="4.4.0">
                <segmentDelimiter>\r</segmentDelimiter>
                <successfulACKCode>AA</successfulACKCode>
                <successfulACKMessage></successfulACKMessage>
                <errorACKCode>AE</errorACKCode>
                <errorACKMessage>An Error Occurred Processing Message.</errorACKMessage>
                <rejectedACKCode>AR</rejectedACKCode>
                <rejectedACKMessage>Message Rejected.</rejectedACKMessage>
                <msh15ACKAccept>false</msh15ACKAccept>
                <dateFormat>yyyyMMddHHmmss.SSS</dateFormat>
              </responseGenerationProperties>
              <responseValidationProperties class="com.mirth.connect.plugins.datatypes.hl7v2.HL7v2ResponseValidationProperties" version="4.4.0">
                <successfulACKCode>AA,CA</successfulACKCode>
                <errorACKCode>AE,CE</errorACKCode>
                <rejectedACKCode>AR,CR</rejectedACKCode>
                <validateMessageControlId>true</validateMessageControlId>
                <originalMessageControlId>Destination_Encoded</originalMessageControlId>
                <originalIdMapVariable></originalIdMapVariable>
              </responseValidationProperties>
            </outboundProperties>
          </responseTransformer>
          <filter version="4.4.0">
            <elements/>
          </filter>
          <transportName>SMTP Sender</transportName>
          <mode>DESTINATION</mode>
          <enabled>true</enabled>
          <waitForPrevious>true</waitForPrevious>
        </connector>
        <connector version="4.4.0">
          <metaDataId>10</metaDataId>
          <name>Destination 10</name>
          <properties class="com.mirth.connect.connectors.tcp.TcpDispatcherProperties" version="4.4.0">
            <pluginProperties/>
            <destinationConnectorProperties version="4.4.0">
              <queueEnabled>false</queueEnabled>
              <sendFirst>false</sendFirst>
              <retryIntervalMillis>10000</retryIntervalMillis>
              <regenerateTemplate>false</regenerateTemplate>
              <retryCount>0</retryCount>
              <rotate>false</rotate>
              <includeFilterTransformer>false</includeFilterTransformer>
              <threadCount>1</threadCount>
              <threadAssignmentVariable></threadAssignmentVariable>
              <validateResponse>true</validateResponse>
              <resourceIds class="linked-hash-map">
                <entry>
                  <string>Default Resource</string>
                  <string>[Default Resource]</string>
                </entry>
              </resourceIds>
              <queueBufferSize>1000</queueBufferSize>
              <reattachAttachments>true</reattachAttachments>
            </destinationConnectorProperties>
            <transmissionModeProperties class="com.mirth.connect.plugins.mllpmode.MLLPModeProperties">
              <pluginPointName>MLLP</pluginPointName>
              <startOfMessageBytes>0B</startOfMessageBytes>
              <endOfMessageBytes>1C0D</endOfMessageBytes>
              <useMLLPv2>false</useMLLPv2>
              <ackBytes>06</ackBytes>
              <nackBytes>15</nackBytes>
              <maxRetries>2</maxRetries>
            </transmissionModeProperties>
            <serverMode>false</serverMode>
            <remoteAddress>127.0.0.1</remoteAddress>
            <remotePort>6660</remotePort>
            <overrideLocalBinding>false</overrideLocalBinding>
            <localAddress>0.0.0.0</localAddress>
            <localPort>0</localPort>
            <sendTimeout>5000</sendTimeout>
            <bufferSize>65536</bufferSize>
            <maxConnections>10</maxConnections>
            <keepConnectionOpen>false</keepConnectionOpen>
            <checkRemoteHost>false</checkRemoteHost>
            <responseTimeout>5000</responseTimeout>
            <ignoreResponse>false</ignoreResponse>
            <queueOnResponseTimeout>true</queueOnResponseTimeout>
            <dataTypeBinary>false</dataTypeBinary>
            <charsetEncoding>DEFAULT_ENCODING</charsetEncoding>
            <template>${message.encodedData}</template>
          </properties>
          <transformer version="4.4.0">
            <elements/>
            <inboundDataType>HL7V2</inboundDataType>
            <outboundDataType>HL7V2</outboundDataType>
            <inboundProperties class="com.mirth.connect.plugins.datatypes.hl7v2.HL7v2DataTypeProperties" version="4.4.0">
              <serializationProperties class="com.mirth.connect.plugins.datatypes.hl7v2.HL7v2SerializationProperties" version="4.4.0">
                <handleRepetitions>true</handleRepetitions>
                <handleSubcomponents>true</handleSubcomponents>
                <useStrictParser>false</useStrictParser>
                <useStrictValidation>false</useStrictValidation>
                <stripNamespaces>false</stripNamespaces>
                <segmentDelimiter>\r</segmentDelimiter>
                <convertLineBreaks>true</convertLineBreaks>
              </serializationProperties>
              <deserializationProperties class="com.mirth.connect.plugins.datatypes.hl7v2.HL7v2DeserializationProperties" version="4.4.0">
                <useStrictParser>false</useStrictParser>
                <useStrictValidation>false</useStrictValidation>
                <segmentDelimiter>\r</segmentDelimiter>
              </deserializationProperties>
              <batchProperties class="com.mirth.connect.plugins.datatypes.hl7v2.HL7v2BatchProperties" version="4.4.0">
                <splitType>MSH_Segment</splitType>
                <batchScript></batchScript>
              </batchProperties>
              <responseGenerationProperties class="com.mirth.connect.plugins.datatypes.hl7v2.HL7v2ResponseGenerationProperties" version="4.4.0">
                <segmentDelimiter>\r</segmentDelimiter>
                <successfulACKCode>AA</successfulACKCode>
                <successfulACKMessage></successfulACKMessage>
                <errorACKCode>AE</errorACKCode>
                <errorACKMessage>An Error Occurred Processing Message.</errorACKMessage>
                <rejectedACKCode>AR</rejectedACKCode>
                <rejectedACKMessage>Message Rejected.</rejectedACKMessage>
                <msh15ACKAccept>false</msh15ACKAccept>
                <dateFormat>yyyyMMddHHmmss.SSS</dateFormat>
              </responseGenerationProperties>
              <responseValidationProperties class="com.mirth.connect.plugins.datatypes.hl7v2.HL7v2ResponseValidationProperties" version="4.4.0">
                <successfulACKCode>AA,CA</successfulACKCode>
                <errorACKCode>AE,CE</errorACKCode>
                <rejectedACKCode>AR,CR</rejectedACKCode>
                <validateMessageControlId>true</validateMessageControlId>
                <originalMessageControlId>Destination_Encoded</originalMessageControlId>
                <originalIdMapVariable></originalIdMapVariable>
              </responseValidationProperties>
            </inboundProperties>
            <outboundProperties class="com.mirth.connect.plugins.datatypes.hl7v2.HL7v2DataTypeProperties" version="4.4.0">
              <serializationProperties class="com.mirth.connect.plugins.datatypes.hl7v2.HL7v2SerializationProperties" version="4.4.0">
                <handleRepetitions>true</handleRepetitions>
                <handleSubcomponents>true</handleSubcomponents>
                <useStrictParser>false</useStrictParser>
                <useStrictValidation>false</useStrictValidation>
                <stripNamespaces>false</stripNamespaces>
                <segmentDelimiter>\r</segmentDelimiter>
                <convertLineBreaks>true</convertLineBreaks>
              </serializationProperties>
              <deserializationProperties class="com.mirth.connect.plugins.datatypes.hl7v2.HL7v2DeserializationProperties" version="4.4.0">
                <useStrictParser>false</useStrictParser>
                <useStrictValidation>false</useStrictValidation>
                <segmentDelimiter>\r</segmentDelimiter>
              </deserializationProperties>
              <batchProperties class="com.mirth.connect.plugins.datatypes.hl7v2.HL7v2BatchProperties" version="4.4.0">
                <splitType>MSH_Segment</splitType>
                <batchScript></batchScript>
              </batchProperties>
              <responseGenerationProperties class="com.mirth.connect.plugins.datatypes.hl7v2.HL7v2ResponseGenerationProperties" version="4.4.0">
                <segmentDelimiter>\r</segmentDelimiter>
                <successfulACKCode>AA</successfulACKCode>
                <successfulACKMessage></successfulACKMessage>
                <errorACKCode>AE</errorACKCode>
                <errorACKMessage>An Error Occurred Processing Message.</errorACKMessage>
                <rejectedACKCode>AR</rejectedACKCode>
                <rejectedACKMessage>Message Rejected.</rejectedACKMessage>
                <msh15ACKAccept>false</msh15ACKAccept>
                <dateFormat>yyyyMMddHHmmss.SSS</dateFormat>
              </responseGenerationProperties>
              <responseValidationProperties class="com.mirth.connect.plugins.datatypes.hl7v2.HL7v2ResponseValidationProperties" version="4.4.0">
                <successfulACKCode>AA,CA</successfulACKCode>
                <errorACKCode>AE,CE</errorACKCode>
                <rejectedACKCode>AR,CR</rejectedACKCode>
                <validateMessageControlId>true</validateMessageControlId>
                <originalMessageControlId>Destination_Encoded</originalMessageControlId>
                <originalIdMapVariable></originalIdMapVariable>
              </responseValidationProperties>
            </outboundProperties>
          </transformer>
          <responseTransformer version="4.4.0">
            <elements/>
            <inboundDataType>HL7V2</inboundDataType>
            <outboundDataType>HL7V2</outboundDataType>
            <inboundProperties class="com.mirth.connect.plugins.datatypes.hl7v2.HL7v2DataTypeProperties" version="4.4.0">
              <serializationProperties class="com.mirth.connect.plugins.datatypes.hl7v2.HL7v2SerializationProperties" version="4.4.0">
                <handleRepetitions>true</handleRepetitions>
                <handleSubcomponents>true</handleSubcomponents>
                <useStrictParser>false</useStrictParser>
                <useStrictValidation>false</useStrictValidation>
                <stripNamespaces>false</stripNamespaces>
                <segmentDelimiter>\r</segmentDelimiter>
                <convertLineBreaks>true</convertLineBreaks>
              </serializationProperties>
              <deserializationProperties class="com.mirth.connect.plugins.datatypes.hl7v2.HL7v2DeserializationProperties" version="4.4.0">
                <useStrictParser>false</useStrictParser>
                <useStrictValidation>false</useStrictValidation>
                <segmentDelimiter>\r</segmentDelimiter>
              </deserializationProperties>
              <batchProperties class="com.mirth.connect.plugins.datatypes.hl7v2.HL7v2BatchProperties" version="4.4.0">
                <splitType>MSH_Segment</splitType>
                <batchScript></batchScript>
              </batchProperties>
              <responseGenerationProperties class="com.mirth.connect.plugins.datatypes.hl7v2.HL7v2ResponseGenerationProperties" version="4.4.0">
                <segmentDelimiter>\r</segmentDelimiter>
                <successfulACKCode>AA</successfulACKCode>
                <successfulACKMessage></successfulACKMessage>
                <errorACKCode>AE</errorACKCode>
                <errorACKMessage>An Error Occurred Processing Message.</errorACKMessage>
                <rejectedACKCode>AR</rejectedACKCode>
                <rejectedACKMessage>Message Rejected.</rejectedACKMessage>
                <msh15ACKAccept>false</msh15ACKAccept>
                <dateFormat>yyyyMMddHHmmss.SSS</dateFormat>
              </responseGenerationProperties>
              <responseValidationProperties class="com.mirth.connect.plugins.datatypes.hl7v2.HL7v2ResponseValidationProperties" version="4.4.0">
                <successfulACKCode>AA,CA</successfulACKCode>
                <errorACKCode>AE,CE</errorACKCode>
                <rejectedACKCode>AR,CR</rejectedACKCode>
                <validateMessageControlId>true</validateMessageControlId>
                <originalMessageControlId>Destination_Encoded</originalMessageControlId>
                <originalIdMapVariable></originalIdMapVariable>
              </responseValidationProperties>
            </inboundProperties>
            <outboundProperties class="com.mirth.connect.plugins.datatypes.hl7v2.HL7v2DataTypeProperties" version="4.4.0">
              <serializationProperties class="com.mirth.connect.plugins.datatypes.hl7v2.HL7v2SerializationProperties" version="4.4.0">
                <handleRepetitions>true</handleRepetitions>
                <handleSubcomponents>true</handleSubcomponents>
                <useStrictParser>false</useStrictParser>
                <useStrictValidation>false</useStrictValidation>
                <stripNamespaces>false</stripNamespaces>
                <segmentDelimiter>\r</segmentDelimiter>
                <convertLineBreaks>true</convertLineBreaks>
              </serializationProperties>
              <deserializationProperties class="com.mirth.connect.plugins.datatypes.hl7v2.HL7v2DeserializationProperties" version="4.4.0">
                <useStrictParser>false</useStrictParser>
                <useStrictValidation>false</useStrictValidation>
                <segmentDelimiter>\r</segmentDelimiter>
              </deserializationProperties>
              <batchProperties class="com.mirth.connect.plugins.datatypes.hl7v2.HL7v2BatchProperties" version="4.4.0">
                <splitType>MSH_Segment</splitType>
                <batchScript></batchScript>
              </batchProperties>
              <responseGenerationProperties class="com.mirth.connect.plugins.datatypes.hl7v2.HL7v2ResponseGenerationProperties" version="4.4.0">
                <segmentDelimiter>\r</segmentDelimiter>
                <successfulACKCode>AA</successfulACKCode>
                <successfulACKMessage></successfulACKMessage>
                <errorACKCode>AE</errorACKCode>
                <errorACKMessage>An Error Occurred Processing Message.</errorACKMessage>
                <rejectedACKCode>AR</rejectedACKCode>
                <rejectedACKMessage>Message Rejected.</rejectedACKMessage>
                <msh15ACKAccept>false</msh15ACKAccept>
                <dateFormat>yyyyMMddHHmmss.SSS</dateFormat>
              </responseGenerationProperties>
              <responseValidationProperties class="com.mirth.connect.plugins.datatypes.hl7v2.HL7v2ResponseValidationProperties" version="4.4.0">
                <successfulACKCode>AA,CA</successfulACKCode>
                <errorACKCode>AE,CE</errorACKCode>
                <rejectedACKCode>AR,CR</rejectedACKCode>
                <validateMessageControlId>true</validateMessageControlId>
                <originalMessageControlId>Destination_Encoded</originalMessageControlId>
                <originalIdMapVariable></originalIdMapVariable>
              </responseValidationProperties>
            </outboundProperties>
          </responseTransformer>
          <filter version="4.4.0">
            <elements/>
          </filter>
          <transportName>TCP Sender</transportName>
          <mode>DESTINATION</mode>
          <enabled>true</enabled>
          <waitForPrevious>true</waitForPrevious>
        </connector>
        <connector version="4.4.0">
          <metaDataId>11</metaDataId>
          <name>Destination 11</name>
          <properties class="com.mirth.connect.connectors.ws.WebServiceDispatcherProperties" version="4.4.0">
            <pluginProperties/>
            <destinationConnectorProperties version="4.4.0">
              <queueEnabled>false</queueEnabled>
              <sendFirst>false</sendFirst>
              <retryIntervalMillis>10000</retryIntervalMillis>
              <regenerateTemplate>false</regenerateTemplate>
              <retryCount>0</retryCount>
              <rotate>false</rotate>
              <includeFilterTransformer>false</includeFilterTransformer>
              <threadCount>1</threadCount>
              <threadAssignmentVariable></threadAssignmentVariable>
              <validateResponse>false</validateResponse>
              <resourceIds class="linked-hash-map">
                <entry>
                  <string>Default Resource</string>
                  <string>[Default Resource]</string>
                </entry>
              </resourceIds>
              <queueBufferSize>1000</queueBufferSize>
              <reattachAttachments>true</reattachAttachments>
            </destinationConnectorProperties>
            <wsdlUrl></wsdlUrl>
            <service></service>
            <port></port>
            <operation>Press Get Operations</operation>
            <locationURI></locationURI>
            <socketTimeout>30000</socketTimeout>
            <useAuthentication>false</useAuthentication>
            <username></username>
            <password></password>
            <envelope></envelope>
            <oneWay>false</oneWay>
            <headers/>
            <headersVariable></headersVariable>
            <isUseHeadersVariable>false</isUseHeadersVariable>
            <useMtom>false</useMtom>
            <attachmentNames/>
            <attachmentContents/>
            <attachmentTypes/>
            <attachmentsVariable></attachmentsVariable>
            <isUseAttachmentsVariable>false</isUseAttachmentsVariable>
            <soapAction></soapAction>
            <wsdlDefinitionMap>
              <map class="linked-hash-map"/>
            </wsdlDefinitionMap>
          </properties>
          <transformer version="4.4.0">
            <elements/>
            <inboundDataType>HL7V2</inboundDataType>
            <outboundDataType>HL7V2</outboundDataType>
            <inboundProperties class="com.mirth.connect.plugins.datatypes.hl7v2.HL7v2DataTypeProperties" version="4.4.0">
              <serializationProperties class="com.mirth.connect.plugins.datatypes.hl7v2.HL7v2SerializationProperties" version="4.4.0">
                <handleRepetitions>true</handleRepetitions>
                <handleSubcomponents>true</handleSubcomponents>
                <useStrictParser>false</useStrictParser>
                <useStrictValidation>false</useStrictValidation>
                <stripNamespaces>false</stripNamespaces>
                <segmentDelimiter>\r</segmentDelimiter>
                <convertLineBreaks>true</convertLineBreaks>
              </serializationProperties>
              <deserializationProperties class="com.mirth.connect.plugins.datatypes.hl7v2.HL7v2DeserializationProperties" version="4.4.0">
                <useStrictParser>false</useStrictParser>
                <useStrictValidation>false</useStrictValidation>
                <segmentDelimiter>\r</segmentDelimiter>
              </deserializationProperties>
              <batchProperties class="com.mirth.connect.plugins.datatypes.hl7v2.HL7v2BatchProperties" version="4.4.0">
                <splitType>MSH_Segment</splitType>
                <batchScript></batchScript>
              </batchProperties>
              <responseGenerationProperties class="com.mirth.connect.plugins.datatypes.hl7v2.HL7v2ResponseGenerationProperties" version="4.4.0">
                <segmentDelimiter>\r</segmentDelimiter>
                <successfulACKCode>AA</successfulACKCode>
                <successfulACKMessage></successfulACKMessage>
                <errorACKCode>AE</errorACKCode>
                <errorACKMessage>An Error Occurred Processing Message.</errorACKMessage>
                <rejectedACKCode>AR</rejectedACKCode>
                <rejectedACKMessage>Message Rejected.</rejectedACKMessage>
                <msh15ACKAccept>false</msh15ACKAccept>
                <dateFormat>yyyyMMddHHmmss.SSS</dateFormat>
              </responseGenerationProperties>
              <responseValidationProperties class="com.mirth.connect.plugins.datatypes.hl7v2.HL7v2ResponseValidationProperties" version="4.4.0">
                <successfulACKCode>AA,CA</successfulACKCode>
                <errorACKCode>AE,CE</errorACKCode>
                <rejectedACKCode>AR,CR</rejectedACKCode>
                <validateMessageControlId>true</validateMessageControlId>
                <originalMessageControlId>Destination_Encoded</originalMessageControlId>
                <originalIdMapVariable></originalIdMapVariable>
              </responseValidationProperties>
            </inboundProperties>
            <outboundProperties class="com.mirth.connect.plugins.datatypes.hl7v2.HL7v2DataTypeProperties" version="4.4.0">
              <serializationProperties class="com.mirth.connect.plugins.datatypes.hl7v2.HL7v2SerializationProperties" version="4.4.0">
                <handleRepetitions>true</handleRepetitions>
                <handleSubcomponents>true</handleSubcomponents>
                <useStrictParser>false</useStrictParser>
                <useStrictValidation>false</useStrictValidation>
                <stripNamespaces>false</stripNamespaces>
                <segmentDelimiter>\r</segmentDelimiter>
                <convertLineBreaks>true</convertLineBreaks>
              </serializationProperties>
              <deserializationProperties class="com.mirth.connect.plugins.datatypes.hl7v2.HL7v2DeserializationProperties" version="4.4.0">
                <useStrictParser>false</useStrictParser>
                <useStrictValidation>false</useStrictValidation>
                <segmentDelimiter>\r</segmentDelimiter>
              </deserializationProperties>
              <batchProperties class="com.mirth.connect.plugins.datatypes.hl7v2.HL7v2BatchProperties" version="4.4.0">
                <splitType>MSH_Segment</splitType>
                <batchScript></batchScript>
              </batchProperties>
              <responseGenerationProperties class="com.mirth.connect.plugins.datatypes.hl7v2.HL7v2ResponseGenerationProperties" version="4.4.0">
                <segmentDelimiter>\r</segmentDelimiter>
                <successfulACKCode>AA</successfulACKCode>
                <successfulACKMessage></successfulACKMessage>
                <errorACKCode>AE</errorACKCode>
                <errorACKMessage>An Error Occurred Processing Message.</errorACKMessage>
                <rejectedACKCode>AR</rejectedACKCode>
                <rejectedACKMessage>Message Rejected.</rejectedACKMessage>
                <msh15ACKAccept>false</msh15ACKAccept>
                <dateFormat>yyyyMMddHHmmss.SSS</dateFormat>
              </responseGenerationProperties>
              <responseValidationProperties class="com.mirth.connect.plugins.datatypes.hl7v2.HL7v2ResponseValidationProperties" version="4.4.0">
                <successfulACKCode>AA,CA</successfulACKCode>
                <errorACKCode>AE,CE</errorACKCode>
                <rejectedACKCode>AR,CR</rejectedACKCode>
                <validateMessageControlId>true</validateMessageControlId>
                <originalMessageControlId>Destination_Encoded</originalMessageControlId>
                <originalIdMapVariable></originalIdMapVariable>
              </responseValidationProperties>
            </outboundProperties>
          </transformer>
          <responseTransformer version="4.4.0">
            <elements/>
            <inboundDataType>HL7V2</inboundDataType>
            <outboundDataType>HL7V2</outboundDataType>
            <inboundProperties class="com.mirth.connect.plugins.datatypes.hl7v2.HL7v2DataTypeProperties" version="4.4.0">
              <serializationProperties class="com.mirth.connect.plugins.datatypes.hl7v2.HL7v2SerializationProperties" version="4.4.0">
                <handleRepetitions>true</handleRepetitions>
                <handleSubcomponents>true</handleSubcomponents>
                <useStrictParser>false</useStrictParser>
                <useStrictValidation>false</useStrictValidation>
                <stripNamespaces>false</stripNamespaces>
                <segmentDelimiter>\r</segmentDelimiter>
                <convertLineBreaks>true</convertLineBreaks>
              </serializationProperties>
              <deserializationProperties class="com.mirth.connect.plugins.datatypes.hl7v2.HL7v2DeserializationProperties" version="4.4.0">
                <useStrictParser>false</useStrictParser>
                <useStrictValidation>false</useStrictValidation>
                <segmentDelimiter>\r</segmentDelimiter>
              </deserializationProperties>
              <batchProperties class="com.mirth.connect.plugins.datatypes.hl7v2.HL7v2BatchProperties" version="4.4.0">
                <splitType>MSH_Segment</splitType>
                <batchScript></batchScript>
              </batchProperties>
              <responseGenerationProperties class="com.mirth.connect.plugins.datatypes.hl7v2.HL7v2ResponseGenerationProperties" version="4.4.0">
                <segmentDelimiter>\r</segmentDelimiter>
                <successfulACKCode>AA</successfulACKCode>
                <successfulACKMessage></successfulACKMessage>
                <errorACKCode>AE</errorACKCode>
                <errorACKMessage>An Error Occurred Processing Message.</errorACKMessage>
                <rejectedACKCode>AR</rejectedACKCode>
                <rejectedACKMessage>Message Rejected.</rejectedACKMessage>
                <msh15ACKAccept>false</msh15ACKAccept>
                <dateFormat>yyyyMMddHHmmss.SSS</dateFormat>
              </responseGenerationProperties>
              <responseValidationProperties class="com.mirth.connect.plugins.datatypes.hl7v2.HL7v2ResponseValidationProperties" version="4.4.0">
                <successfulACKCode>AA,CA</successfulACKCode>
                <errorACKCode>AE,CE</errorACKCode>
                <rejectedACKCode>AR,CR</rejectedACKCode>
                <validateMessageControlId>true</validateMessageControlId>
                <originalMessageControlId>Destination_Encoded</originalMessageControlId>
                <originalIdMapVariable></originalIdMapVariable>
              </responseValidationProperties>
            </inboundProperties>
            <outboundProperties class="com.mirth.connect.plugins.datatypes.hl7v2.HL7v2DataTypeProperties" version="4.4.0">
              <serializationProperties class="com.mirth.connect.plugins.datatypes.hl7v2.HL7v2SerializationProperties" version="4.4.0">
                <handleRepetitions>true</handleRepetitions>
                <handleSubcomponents>true</handleSubcomponents>
                <useStrictParser>false</useStrictParser>
                <useStrictValidation>false</useStrictValidation>
                <stripNamespaces>false</stripNamespaces>
                <segmentDelimiter>\r</segmentDelimiter>
                <convertLineBreaks>true</convertLineBreaks>
              </serializationProperties>
              <deserializationProperties class="com.mirth.connect.plugins.datatypes.hl7v2.HL7v2DeserializationProperties" version="4.4.0">
                <useStrictParser>false</useStrictParser>
                <useStrictValidation>false</useStrictValidation>
                <segmentDelimiter>\r</segmentDelimiter>
              </deserializationProperties>
              <batchProperties class="com.mirth.connect.plugins.datatypes.hl7v2.HL7v2BatchProperties" version="4.4.0">
                <splitType>MSH_Segment</splitType>
                <batchScript></batchScript>
              </batchProperties>
              <responseGenerationProperties class="com.mirth.connect.plugins.datatypes.hl7v2.HL7v2ResponseGenerationProperties" version="4.4.0">
                <segmentDelimiter>\r</segmentDelimiter>
                <successfulACKCode>AA</successfulACKCode>
                <successfulACKMessage></successfulACKMessage>
                <errorACKCode>AE</errorACKCode>
                <errorACKMessage>An Error Occurred Processing Message.</errorACKMessage>
                <rejectedACKCode>AR</rejectedACKCode>
                <rejectedACKMessage>Message Rejected.</rejectedACKMessage>
                <msh15ACKAccept>false</msh15ACKAccept>
                <dateFormat>yyyyMMddHHmmss.SSS</dateFormat>
              </responseGenerationProperties>
              <responseValidationProperties class="com.mirth.connect.plugins.datatypes.hl7v2.HL7v2ResponseValidationProperties" version="4.4.0">
                <successfulACKCode>AA,CA</successfulACKCode>
                <errorACKCode>AE,CE</errorACKCode>
                <rejectedACKCode>AR,CR</rejectedACKCode>
                <validateMessageControlId>true</validateMessageControlId>
                <originalMessageControlId>Destination_Encoded</originalMessageControlId>
                <originalIdMapVariable></originalIdMapVariable>
              </responseValidationProperties>
            </outboundProperties>
          </responseTransformer>
          <filter version="4.4.0">
            <elements/>
          </filter>
          <transportName>Web Service Sender</transportName>
          <mode>DESTINATION</mode>
          <enabled>true</enabled>
          <waitForPrevious>true</waitForPrevious>
        </connector>
      </destinationConnectors>
      <preprocessingScript>// Modify the message variable below to pre process data
return message;</preprocessingScript>
      <postprocessingScript>// This script executes once after a message has been processed
// Responses returned from here will be stored as &quot;Postprocessor&quot; in the response map
return;</postprocessingScript>
      <deployScript>// This script executes once when the channel is deployed
// You only have access to the globalMap and globalChannelMap here to persist data
return;</deployScript>
      <undeployScript>// This script executes once when the channel is undeployed
// You only have access to the globalMap and globalChannelMap here to persist data
return;</undeployScript>
      <properties version="4.4.0">
        <clearGlobalChannelMap>true</clearGlobalChannelMap>
        <messageStorageMode>DEVELOPMENT</messageStorageMode>
        <encryptData>false</encryptData>
        <encryptAttachments>false</encryptAttachments>
        <encryptCustomMetaData>false</encryptCustomMetaData>
        <removeContentOnCompletion>false</removeContentOnCompletion>
        <removeOnlyFilteredOnCompletion>false</removeOnlyFilteredOnCompletion>
        <removeAttachmentsOnCompletion>false</removeAttachmentsOnCompletion>
        <initialState>STARTED</initialState>
        <storeAttachments>true</storeAttachments>
        <metaDataColumns>
          <metaDataColumn>
            <name>SOURCE</name>
            <type>STRING</type>
            <mappingName>mirth_source</mappingName>
          </metaDataColumn>
          <metaDataColumn>
            <name>TYPE</name>
            <type>STRING</type>
            <mappingName>mirth_type</mappingName>
          </metaDataColumn>
        </metaDataColumns>
        <attachmentProperties version="4.4.0">
          <type>None</type>
          <properties/>
        </attachmentProperties>
        <resourceIds class="linked-hash-map">
          <entry>
            <string>Default Resource</string>
            <string>[Default Resource]</string>
          </entry>
        </resourceIds>
      </properties>
      <exportData>
        <metadata>
          <enabled>false</enabled>
          <lastModified>
            <time>1695929546277</time>
            <timezone>Europe/Berlin</timezone>
          </lastModified>
          <pruningSettings>
            <archiveEnabled>true</archiveEnabled>
            <pruneErroredMessages>false</pruneErroredMessages>
          </pruningSettings>
          <userId>1</userId>
        </metadata>
      </exportData>
    </channel>
  </channels>
  <channelTags/>
  <alerts/>
  <codeTemplateLibraries/>
  <serverSettings>
    <clearGlobalMap>true</clearGlobalMap>
    <queueBufferSize>1000</queueBufferSize>
    <defaultMetaDataColumns>
      <metaDataColumn>
        <name>SOURCE</name>
        <type>STRING</type>
        <mappingName>mirth_source</mappingName>
      </metaDataColumn>
      <metaDataColumn>
        <name>TYPE</name>
        <type>STRING</type>
        <mappingName>mirth_type</mappingName>
      </metaDataColumn>
    </defaultMetaDataColumns>
    <defaultAdministratorBackgroundColor>
      <red>158</red>
      <green>177</green>
      <blue>201</blue>
      <alpha>255</alpha>
    </defaultAdministratorBackgroundColor>
    <smtpTimeout>5000</smtpTimeout>
    <smtpSecure>0</smtpSecure>
    <smtpAuth>false</smtpAuth>
    <loginNotificationEnabled>false</loginNotificationEnabled>
    <loginNotificationMessage></loginNotificationMessage>
    <administratorAutoLogoutIntervalEnabled>false</administratorAutoLogoutIntervalEnabled>
    <administratorAutoLogoutIntervalField>5</administratorAutoLogoutIntervalField>
  </serverSettings>
  <updateSettings version="4.4.0">
    <statsEnabled>true</statsEnabled>
  </updateSettings>
  <globalScripts>
    <entry>
      <string>Undeploy</string>
      <string>// This script executes once for each deploy, undeploy, or redeploy task
// if at least one channel was undeployed
// You only have access to the globalMap here to persist data
return;</string>
    </entry>
    <entry>
      <string>Postprocessor</string>
      <string>// This script executes once after a message has been processed
// This script applies across all channels
// Responses returned from here will be stored as &quot;Postprocessor&quot; in the response map
// You have access to &quot;response&quot;, if returned from the channel postprocessor
return;</string>
    </entry>
    <entry>
      <string>Deploy</string>
      <string>// This script executes once for each deploy or redeploy task
// You only have access to the globalMap here to persist data
return;</string>
    </entry>
    <entry>
      <string>Preprocessor</string>
      <string>// Modify the message variable below to pre process data
// This script applies across all channels
return message;</string>
    </entry>
  </globalScripts>
  <pluginProperties>
    <entry>
      <string>Data Pruner</string>
      <properties>
        <property name="archiveEnabled">&lt;boolean&gt;false&lt;/boolean&gt;</property>
        <property name="archiverBlockSize">50</property>
        <property name="archiverOptions">&lt;com.mirth.connect.util.messagewriter.MessageWriterOptions&gt;
  &lt;destinationContent&gt;false&lt;/destinationContent&gt;
  &lt;encrypt&gt;false&lt;/encrypt&gt;
  &lt;includeAttachments&gt;false&lt;/includeAttachments&gt;
  &lt;passwordEnabled&gt;false&lt;/passwordEnabled&gt;
&lt;/com.mirth.connect.util.messagewriter.MessageWriterOptions&gt;</property>
        <property name="enabled">false</property>
        <property name="includeAttachments">&lt;boolean&gt;false&lt;/boolean&gt;</property>
        <property name="maxEventAge"></property>
        <property name="pollingProperties">&lt;com.mirth.connect.donkey.model.channel.PollConnectorProperties version=&quot;4.4.0&quot;&gt;
  &lt;pollingType&gt;INTERVAL&lt;/pollingType&gt;
  &lt;pollOnStart&gt;false&lt;/pollOnStart&gt;
  &lt;pollingFrequency&gt;3600000&lt;/pollingFrequency&gt;
  &lt;pollingHour&gt;0&lt;/pollingHour&gt;
  &lt;pollingMinute&gt;0&lt;/pollingMinute&gt;
  &lt;cronJobs/&gt;
  &lt;pollConnectorPropertiesAdvanced&gt;
    &lt;weekly&gt;true&lt;/weekly&gt;
    &lt;inactiveDays&gt;
      &lt;boolean&gt;false&lt;/boolean&gt;
      &lt;boolean&gt;false&lt;/boolean&gt;
      &lt;boolean&gt;false&lt;/boolean&gt;
      &lt;boolean&gt;false&lt;/boolean&gt;
      &lt;boolean&gt;false&lt;/boolean&gt;
      &lt;boolean&gt;false&lt;/boolean&gt;
      &lt;boolean&gt;false&lt;/boolean&gt;
      &lt;boolean&gt;false&lt;/boolean&gt;
    &lt;/inactiveDays&gt;
    &lt;dayOfMonth&gt;1&lt;/dayOfMonth&gt;
    &lt;allDay&gt;true&lt;/allDay&gt;
    &lt;startingHour&gt;8&lt;/startingHour&gt;
    &lt;startingMinute&gt;0&lt;/startingMinute&gt;
    &lt;endingHour&gt;17&lt;/endingHour&gt;
    &lt;endingMinute&gt;0&lt;/endingMinute&gt;
  &lt;/pollConnectorPropertiesAdvanced&gt;
&lt;/com.mirth.connect.donkey.model.channel.PollConnectorProperties&gt;</property>
        <property name="pruneEvents">false</property>
        <property name="pruningBlockSize">1000</property>
      </properties>
    </entry>
  </pluginProperties>
  <resourceProperties>
    <list>
      <com.mirth.connect.plugins.directoryresource.DirectoryResourceProperties version="4.4.0">
  <pluginPointName>Directory Resource</pluginPointName>
        <type>Directory</type>
        <id>Default Resource</id>
        <name>[Default Resource]</name>
        <description>Loads libraries from the custom-lib folder in the Mirth Connect home directory.</description>
        <includeWithGlobalScripts>true</includeWithGlobalScripts>
        <loadParentFirst>false</loadParentFirst>
        <directory>custom-lib</directory>
        <directoryRecursion>true</directoryRecursion>
      </com.mirth.connect.plugins.directoryresource.DirectoryResourceProperties>
    </list>
  </resourceProperties>
  <channelDependencies/>
  <configurationMap/>
</serverConfiguration>